<!DOCTYPE html PUBLIC "-//W3C//DTD XHTML 1.1//EN" "https://www.w3.org/TR/xhtml11/DTD/xhtml11.dtd">
<html xmlns="https://www.w3.org/1999/xhtml">
<head>
<meta http-equiv="content-type" content="text/html; charset=UTF-8"/>
<title>TestNG Report</title>
<style type="text/css">table {margin-bottom:10px;border-collapse:collapse;empty-cells:show}th,td {border:1px solid #009;padding:.25em .5em}th {vertical-align:bottom}td {vertical-align:top}table a {font-weight:bold}.stripe td {background-color: #E6EBF9}.num {text-align:right}.passedodd td {background-color: #3F3}.passedeven td {background-color: #0A0}.skippedodd td {background-color: #DDD}.skippedeven td {background-color: #CCC}.failedodd td,.attn {background-color: #F33}.failedeven td,.stripe .attn {background-color: #D00}.stacktrace {white-space:pre;font-family:monospace}.totop {font-size:85%;text-align:center;border-bottom:2px solid #000}.invisible {display:none}</style>
</head>
<body>
<table>
<tr><th>Test</th><th># Passed</th><th># Skipped</th><th># Retried</th><th># Failed</th><th>Time (ms)</th><th>Included Groups</th><th>Excluded Groups</th></tr>
<tr><th colspan="8">Amazon End-to-End Test Suite</th></tr>
<tr><td><a href="#t0">Amazon End-to-End Tests Execution with Edge Browser</a></td><td class="num">21</td><td class="num">0</td><td class="num attn">5</td><td class="num attn">2</td><td class="num">667,352</td><td></td><td></td></tr>
<tr class="stripe"><td><a href="#t1">Amazon End-to-End Tests Execution with Chrome Browser</a></td><td class="num">1</td><td class="num">0</td><td class="num attn">1</td><td class="num">0</td><td class="num">26,706</td><td></td><td></td></tr>
<tr><td><a href="#t2">Amazon End-to-End Tests Execution with Firefox Browser</a></td><td class="num">1</td><td class="num">0</td><td class="num">0</td><td class="num">0</td><td class="num">15,492</td><td></td><td></td></tr>
<tr><th>Total</th><th class="num">23</th><th class="num">0</th><th class="num attn">6</th><th class="num attn">2</th><th class="num">709,550</th><th colspan="2"></th></tr>
</table>
<table id='summary'><thead><tr><th>Class</th><th>Method</th><th>Start</th><th>Time (ms)</th></tr></thead><tbody><tr><th colspan="4">Amazon End-to-End Test Suite</th></tr></tbody><tbody id="t0"><tr><th colspan="4">Amazon End-to-End Tests Execution with Edge Browser &#8212; failed</th></tr><tr class="failedeven"><td rowspan="1">testcases.TC11_EntireCheckoutProcess</td><td><a href="#m0">performEndToEndOperation</a></td><td rowspan="1">1744729906282</td><td rowspan="1">49889</td></tr><tr class="failedodd"><td rowspan="1">testcases.TC14_ProductReview</td><td><a href="#m1">performEndToEndOperation</a></td><td rowspan="1">1744730180963</td><td rowspan="1">15995</td></tr><tr><th colspan="4">Amazon End-to-End Tests Execution with Edge Browser &#8212; retried</th></tr><tr class="retriedeven"><td rowspan="2">testcases.TC11_EntireCheckoutProcess</td><td><a href="#m2">performEndToEndOperation</a></td><td rowspan="2">1744729800045</td><td rowspan="2">45488</td></tr><tr class="retriedeven"><td><a href="#m3">performEndToEndOperation</a></td></tr><tr class="retriedodd"><td rowspan="1">testcases.TC12_SelectEachPaymentMethod</td><td><a href="#m4">performEndToEndOperation</a></td><td rowspan="1">1744730053131</td><td rowspan="1">10296</td></tr><tr class="retriedeven"><td rowspan="2">testcases.TC14_ProductReview</td><td><a href="#m5">performEndToEndOperation</a></td><td rowspan="2">1744730158423</td><td rowspan="2">15618</td></tr><tr class="retriedeven"><td><a href="#m6">performEndToEndOperation</a></td></tr><tr><th colspan="4">Amazon End-to-End Tests Execution with Edge Browser &#8212; passed</th></tr><tr class="passedeven"><td rowspan="1">testcases.TC01_NewUser</td><td><a href="#m7">performEndToEndOperation</a></td><td rowspan="1">1744729551555</td><td rowspan="1">1201</td></tr><tr class="passedodd"><td rowspan="1">testcases.TC02_SuccessfulLogin</td><td><a href="#m8">performEndToEndOperation</a></td><td rowspan="1">1744729559529</td><td rowspan="1">4778</td></tr><tr class="passedeven"><td rowspan="1">testcases.TC03_1_ManageProfile</td><td><a href="#m9">performEndToEndOperation</a></td><td rowspan="1">1744729581394</td><td rowspan="1">6717</td></tr><tr class="passedodd"><td rowspan="1">testcases.TC03_LoginFailed</td><td><a href="#m10">performEndToEndOperation</a></td><td rowspan="1">1744729570973</td><td rowspan="1">3762</td></tr><tr class="passedeven"><td rowspan="1">testcases.TC04_ProfileInfoUpdate</td><td><a href="#m11">performEndToEndOperation</a></td><td rowspan="1">1744729596398</td><td rowspan="1">13712</td></tr><tr class="passedodd"><td rowspan="1">testcases.TC05_SearchPage</td><td><a href="#m12">performEndToEndOperation</a></td><td rowspan="1">1744729616827</td><td rowspan="1">6524</td></tr><tr class="passedeven"><td rowspan="1">testcases.TC06_SearchFilter</td><td><a href="#m13">performEndToEndOperation</a></td><td rowspan="1">1744729631147</td><td rowspan="1">12060</td></tr><tr class="passedodd"><td rowspan="1">testcases.TC07_ProductDetails</td><td><a href="#m14">performEndToEndOperation</a></td><td rowspan="1">1744729651668</td><td rowspan="1">16812</td></tr><tr class="passedeven"><td rowspan="5">testcases.TC08_ProductSort</td><td><a href="#m15">performEndToEndOperation</a></td><td rowspan="5">1744729730494</td><td rowspan="5">7013</td></tr><tr class="passedeven"><td><a href="#m16">performEndToEndOperation</a></td></tr><tr class="passedeven"><td><a href="#m17">performEndToEndOperation</a></td></tr><tr class="passedeven"><td><a href="#m18">performEndToEndOperation</a></td></tr><tr class="passedeven"><td><a href="#m19">performEndToEndOperation</a></td></tr><tr class="passedodd"><td rowspan="1">testcases.TC09_Cart</td><td><a href="#m20">performEndToEndOperation</a></td><td rowspan="1">1744729744453</td><td rowspan="1">19795</td></tr><tr class="passedeven"><td rowspan="1">testcases.TC10_QuantityUpdateCart</td><td><a href="#m21">performEndToEndOperation</a></td><td rowspan="1">1744729771686</td><td rowspan="1">20941</td></tr><tr class="passedodd"><td rowspan="4">testcases.TC12_SelectEachPaymentMethod</td><td><a href="#m22">performEndToEndOperation</a></td><td rowspan="4">1744729963297</td><td rowspan="4">22220</td></tr><tr class="passedodd"><td><a href="#m23">performEndToEndOperation</a></td></tr><tr class="passedodd"><td><a href="#m24">performEndToEndOperation</a></td></tr><tr class="passedodd"><td><a href="#m25">performEndToEndOperation</a></td></tr><tr class="passedeven"><td rowspan="1">testcases.TC13_CouponCode</td><td><a href="#m26">performEndToEndOperation</a></td><td rowspan="1">1744730102493</td><td rowspan="1">24287</td></tr><tr class="passedodd"><td rowspan="1">testcases.TC15_search_wishlist_cart</td><td><a href="#m27">performEndToEndOperation</a></td><td rowspan="1">1744730203868</td><td rowspan="1">7830</td></tr></tbody>
<tbody id="t1"><tr><th colspan="4">Amazon End-to-End Tests Execution with Chrome Browser &#8212; retried</th></tr><tr class="retriedeven"><td rowspan="1">testcases.TC02_SuccessfulLogin</td><td><a href="#m28">performEndToEndOperation</a></td><td rowspan="1">1744730218087</td><td rowspan="1">10075</td></tr><tr><th colspan="4">Amazon End-to-End Tests Execution with Chrome Browser &#8212; passed</th></tr><tr class="passedeven"><td rowspan="1">testcases.TC02_SuccessfulLogin</td><td><a href="#m29">performEndToEndOperation</a></td><td rowspan="1">1744730235182</td><td rowspan="1">4470</td></tr></tbody>
<tbody id="t2"><tr><th colspan="4">Amazon End-to-End Tests Execution with Firefox Browser &#8212; passed</th></tr><tr class="passedeven"><td rowspan="1">testcases.TC02_SuccessfulLogin</td><td><a href="#m30">performEndToEndOperation</a></td><td rowspan="1">1744730248870</td><td rowspan="1">5063</td></tr></tbody>
</table>
<h2>Amazon End-to-End Tests Execution with Edge Browser</h2><h3 id="m0">testcases.TC11_EntireCheckoutProcess#performEndToEndOperation</h3><table class="result"><tr><th>Messages</th></tr><tr><td><div class="messages">Test case is fail </div></td></tr><tr><th>Exception</th></tr><tr><td><div class="stacktrace">org.openqa.selenium.TimeoutException: Expected condition failed: waiting for element to be clickable: Proxy element for: DefaultElementLocator &apos;By.xpath: (//input[@type=&apos;radio&apos;])[5]&apos; (tried for 10 second(s) with 500 milliseconds interval)
	at org.openqa.selenium.support.ui.WebDriverWait.timeoutException(WebDriverWait.java:84)
	at org.openqa.selenium.support.ui.FluentWait.until(FluentWait.java:228)
	at pages.CheckoutPage.selectCod(CheckoutPage.java:154)
	at testcases.TC11_EntireCheckoutProcess.performEndToEndOperation(TC11_EntireCheckoutProcess.java:63)
	at java.base/java.util.ArrayList.forEach(ArrayList.java:1596)
Caused by: org.openqa.selenium.NoSuchElementException: no such element: Unable to locate element: {&quot;method&quot;:&quot;xpath&quot;,&quot;selector&quot;:&quot;(//input[@type=&apos;radio&apos;])[5]&quot;}
  (Session info: MicrosoftEdge=135.0.3179.73)
For documentation on this error, please visit: https://www.selenium.dev/documentation/webdriver/troubleshooting/errors#no-such-element-exception
Build info: version: &apos;4.28.1&apos;, revision: &apos;73f5ad48a2&apos;
System info: os.name: &apos;Windows 11&apos;, os.arch: &apos;amd64&apos;, os.version: &apos;10.0&apos;, java.version: &apos;21.0.6&apos;
Driver info: org.openqa.selenium.edge.EdgeDriver
Command: [5c5ab60b9b1f507b58b668369824416e, findElement {value=(//input[@type=&apos;radio&apos;])[5], using=xpath}]
Capabilities {acceptInsecureCerts: false, browserName: MicrosoftEdge, browserVersion: 135.0.3179.73, fedcm:accounts: true, ms:edgeOptions: {debuggerAddress: localhost:58424}, msedge: {msedgedriverVersion: 135.0.3179.73 (1aac646e08ad..., userDataDir: C:\Users\ASHUTO~1\AppData\L...}, networkConnectionEnabled: false, pageLoadStrategy: normal, platformName: windows, proxy: Proxy(), se:cdp: ws://localhost:58424/devtoo..., se:cdpVersion: 135.0.3179.73, setWindowRect: true, strictFileInteractability: false, timeouts: {implicit: 0, pageLoad: 300000, script: 30000}, unhandledPromptBehavior: dismiss and notify, webauthn:extension:credBlob: true, webauthn:extension:largeBlob: true, webauthn:extension:minPinLength: true, webauthn:extension:prf: true, webauthn:virtualAuthenticators: true}
Session ID: 5c5ab60b9b1f507b58b668369824416e
	at org.openqa.selenium.remote.ErrorCodec.decode(ErrorCodec.java:167)
	at org.openqa.selenium.remote.codec.w3c.W3CHttpResponseCodec.decode(W3CHttpResponseCodec.java:138)
	at org.openqa.selenium.remote.codec.w3c.W3CHttpResponseCodec.decode(W3CHttpResponseCodec.java:50)
	at org.openqa.selenium.remote.HttpCommandExecutor.execute(HttpCommandExecutor.java:215)
	at org.openqa.selenium.remote.service.DriverCommandExecutor.invokeExecute(DriverCommandExecutor.java:216)
	at org.openqa.selenium.remote.service.DriverCommandExecutor.execute(DriverCommandExecutor.java:174)
	at org.openqa.selenium.remote.RemoteWebDriver.execute(RemoteWebDriver.java:545)
	at org.openqa.selenium.remote.ElementLocation$ElementFinder$2.findElement(ElementLocation.java:165)
	at org.openqa.selenium.remote.ElementLocation.findElement(ElementLocation.java:59)
	at org.openqa.selenium.remote.RemoteWebDriver.findElement(RemoteWebDriver.java:368)
	at org.openqa.selenium.remote.RemoteWebDriver.findElement(RemoteWebDriver.java:362)
	at org.openqa.selenium.support.pagefactory.DefaultElementLocator.findElement(DefaultElementLocator.java:68)
	at org.openqa.selenium.support.pagefactory.internal.LocatingElementHandler.invoke(LocatingElementHandler.java:38)
	at jdk.proxy2/jdk.proxy2.$Proxy13.isDisplayed(Unknown Source)
	at org.openqa.selenium.support.ui.ExpectedConditions.elementIfVisible(ExpectedConditions.java:304)
	at org.openqa.selenium.support.ui.ExpectedConditions$10.apply(ExpectedConditions.java:290)
	at org.openqa.selenium.support.ui.ExpectedConditions$10.apply(ExpectedConditions.java:287)
	at org.openqa.selenium.support.ui.ExpectedConditions$23.apply(ExpectedConditions.java:656)
	at org.openqa.selenium.support.ui.ExpectedConditions$23.apply(ExpectedConditions.java:652)
	at org.openqa.selenium.support.ui.FluentWait.until(FluentWait.java:203)
	... 32 more
... Removed 32 stack frames</div></td></tr></table><p class="totop"><a href="#summary">back to summary</a></p>
<h3 id="m1">testcases.TC14_ProductReview#performEndToEndOperation</h3><table class="result"><tr><th>Messages</th></tr><tr><td><div class="messages">Test case is fail </div></td></tr><tr><th>Exception</th></tr><tr><td><div class="stacktrace">org.openqa.selenium.NoSuchElementException: no such element: Unable to locate element: {&quot;method&quot;:&quot;xpath&quot;,&quot;selector&quot;:&quot;(//*[contains(text(),&apos;Write a product review&apos;)])[1]&quot;}
  (Session info: MicrosoftEdge=135.0.3179.73)
For documentation on this error, please visit: https://www.selenium.dev/documentation/webdriver/troubleshooting/errors#no-such-element-exception
Build info: version: &apos;4.28.1&apos;, revision: &apos;73f5ad48a2&apos;
System info: os.name: &apos;Windows 11&apos;, os.arch: &apos;amd64&apos;, os.version: &apos;10.0&apos;, java.version: &apos;21.0.6&apos;
Driver info: org.openqa.selenium.edge.EdgeDriver
Command: [f136c2ff4c4d52f259ab59e3324ae573, findElement {value=(//*[contains(text(),&apos;Write a product review&apos;)])[1], using=xpath}]
Capabilities {acceptInsecureCerts: false, browserName: MicrosoftEdge, browserVersion: 135.0.3179.73, fedcm:accounts: true, ms:edgeOptions: {debuggerAddress: localhost:60510}, msedge: {msedgedriverVersion: 135.0.3179.73 (1aac646e08ad..., userDataDir: C:\Users\ASHUTO~1\AppData\L...}, networkConnectionEnabled: false, pageLoadStrategy: normal, platformName: windows, proxy: Proxy(), se:cdp: ws://localhost:60510/devtoo..., se:cdpVersion: 135.0.3179.73, setWindowRect: true, strictFileInteractability: false, timeouts: {implicit: 0, pageLoad: 300000, script: 30000}, unhandledPromptBehavior: dismiss and notify, webauthn:extension:credBlob: true, webauthn:extension:largeBlob: true, webauthn:extension:minPinLength: true, webauthn:extension:prf: true, webauthn:virtualAuthenticators: true}
Session ID: f136c2ff4c4d52f259ab59e3324ae573
	at org.openqa.selenium.remote.ErrorCodec.decode(ErrorCodec.java:167)
	at org.openqa.selenium.remote.codec.w3c.W3CHttpResponseCodec.decode(W3CHttpResponseCodec.java:138)
	at org.openqa.selenium.remote.codec.w3c.W3CHttpResponseCodec.decode(W3CHttpResponseCodec.java:50)
	at org.openqa.selenium.remote.HttpCommandExecutor.execute(HttpCommandExecutor.java:215)
	at org.openqa.selenium.remote.service.DriverCommandExecutor.invokeExecute(DriverCommandExecutor.java:216)
	at org.openqa.selenium.remote.service.DriverCommandExecutor.execute(DriverCommandExecutor.java:174)
	at org.openqa.selenium.remote.RemoteWebDriver.execute(RemoteWebDriver.java:545)
	at org.openqa.selenium.remote.ElementLocation$ElementFinder$2.findElement(ElementLocation.java:165)
	at org.openqa.selenium.remote.ElementLocation.findElement(ElementLocation.java:59)
	at org.openqa.selenium.remote.RemoteWebDriver.findElement(RemoteWebDriver.java:368)
	at org.openqa.selenium.remote.RemoteWebDriver.findElement(RemoteWebDriver.java:362)
	at org.openqa.selenium.support.pagefactory.DefaultElementLocator.findElement(DefaultElementLocator.java:68)
	at org.openqa.selenium.support.pagefactory.internal.LocatingElementHandler.invoke(LocatingElementHandler.java:38)
	at jdk.proxy2/jdk.proxy2.$Proxy13.click(Unknown Source)
	at pages.YourOrdersPage.selectWriteProductReview(YourOrdersPage.java:54)
	at testcases.TC14_ProductReview.performEndToEndOperation(TC14_ProductReview.java:36)
	at java.base/java.util.ArrayList.forEach(ArrayList.java:1596)
... Removed 32 stack frames</div></td></tr></table><p class="totop"><a href="#summary">back to summary</a></p>
<h3 id="m2">testcases.TC11_EntireCheckoutProcess#performEndToEndOperation</h3><table class="result"><tr><th>Exception</th></tr><tr><td><div class="stacktrace">org.openqa.selenium.TimeoutException: Expected condition failed: waiting for element to be clickable: Proxy element for: DefaultElementLocator &apos;By.xpath: (//input[@type=&apos;radio&apos;])[5]&apos; (tried for 10 second(s) with 500 milliseconds interval)
	at org.openqa.selenium.support.ui.WebDriverWait.timeoutException(WebDriverWait.java:84)
	at org.openqa.selenium.support.ui.FluentWait.until(FluentWait.java:228)
	at pages.CheckoutPage.selectCod(CheckoutPage.java:154)
	at testcases.TC11_EntireCheckoutProcess.performEndToEndOperation(TC11_EntireCheckoutProcess.java:63)
	at java.base/java.util.ArrayList.forEach(ArrayList.java:1596)
Caused by: org.openqa.selenium.NoSuchElementException: no such element: Unable to locate element: {&quot;method&quot;:&quot;xpath&quot;,&quot;selector&quot;:&quot;(//input[@type=&apos;radio&apos;])[5]&quot;}
  (Session info: MicrosoftEdge=135.0.3179.73)
For documentation on this error, please visit: https://www.selenium.dev/documentation/webdriver/troubleshooting/errors#no-such-element-exception
Build info: version: &apos;4.28.1&apos;, revision: &apos;73f5ad48a2&apos;
System info: os.name: &apos;Windows 11&apos;, os.arch: &apos;amd64&apos;, os.version: &apos;10.0&apos;, java.version: &apos;21.0.6&apos;
Driver info: org.openqa.selenium.edge.EdgeDriver
Command: [94b78ed7841be3783d9ad8ee63353755, findElement {value=(//input[@type=&apos;radio&apos;])[5], using=xpath}]
Capabilities {acceptInsecureCerts: false, browserName: MicrosoftEdge, browserVersion: 135.0.3179.73, fedcm:accounts: true, ms:edgeOptions: {debuggerAddress: localhost:57628}, msedge: {msedgedriverVersion: 135.0.3179.73 (1aac646e08ad..., userDataDir: C:\Users\ASHUTO~1\AppData\L...}, networkConnectionEnabled: false, pageLoadStrategy: normal, platformName: windows, proxy: Proxy(), se:cdp: ws://localhost:57628/devtoo..., se:cdpVersion: 135.0.3179.73, setWindowRect: true, strictFileInteractability: false, timeouts: {implicit: 0, pageLoad: 300000, script: 30000}, unhandledPromptBehavior: dismiss and notify, webauthn:extension:credBlob: true, webauthn:extension:largeBlob: true, webauthn:extension:minPinLength: true, webauthn:extension:prf: true, webauthn:virtualAuthenticators: true}
Session ID: 94b78ed7841be3783d9ad8ee63353755
	at org.openqa.selenium.remote.ErrorCodec.decode(ErrorCodec.java:167)
	at org.openqa.selenium.remote.codec.w3c.W3CHttpResponseCodec.decode(W3CHttpResponseCodec.java:138)
	at org.openqa.selenium.remote.codec.w3c.W3CHttpResponseCodec.decode(W3CHttpResponseCodec.java:50)
	at org.openqa.selenium.remote.HttpCommandExecutor.execute(HttpCommandExecutor.java:215)
	at org.openqa.selenium.remote.service.DriverCommandExecutor.invokeExecute(DriverCommandExecutor.java:216)
	at org.openqa.selenium.remote.service.DriverCommandExecutor.execute(DriverCommandExecutor.java:174)
	at org.openqa.selenium.remote.RemoteWebDriver.execute(RemoteWebDriver.java:545)
	at org.openqa.selenium.remote.ElementLocation$ElementFinder$2.findElement(ElementLocation.java:165)
	at org.openqa.selenium.remote.ElementLocation.findElement(ElementLocation.java:59)
	at org.openqa.selenium.remote.RemoteWebDriver.findElement(RemoteWebDriver.java:368)
	at org.openqa.selenium.remote.RemoteWebDriver.findElement(RemoteWebDriver.java:362)
	at org.openqa.selenium.support.pagefactory.DefaultElementLocator.findElement(DefaultElementLocator.java:68)
	at org.openqa.selenium.support.pagefactory.internal.LocatingElementHandler.invoke(LocatingElementHandler.java:38)
	at jdk.proxy2/jdk.proxy2.$Proxy13.isDisplayed(Unknown Source)
	at org.openqa.selenium.support.ui.ExpectedConditions.elementIfVisible(ExpectedConditions.java:304)
	at org.openqa.selenium.support.ui.ExpectedConditions$10.apply(ExpectedConditions.java:290)
	at org.openqa.selenium.support.ui.ExpectedConditions$10.apply(ExpectedConditions.java:287)
	at org.openqa.selenium.support.ui.ExpectedConditions$23.apply(ExpectedConditions.java:656)
	at org.openqa.selenium.support.ui.ExpectedConditions$23.apply(ExpectedConditions.java:652)
	at org.openqa.selenium.support.ui.FluentWait.until(FluentWait.java:203)
	... 32 more
... Removed 32 stack frames</div></td></tr></table><p class="totop"><a href="#summary">back to summary</a></p>
<h3 id="m3">testcases.TC11_EntireCheckoutProcess#performEndToEndOperation</h3><table class="result"><tr><th>Exception</th></tr><tr><td><div class="stacktrace">org.openqa.selenium.TimeoutException: Expected condition failed: waiting for element to be clickable: Proxy element for: DefaultElementLocator &apos;By.xpath: (//input[@type=&apos;radio&apos;])[5]&apos; (tried for 10 second(s) with 500 milliseconds interval)
	at org.openqa.selenium.support.ui.WebDriverWait.timeoutException(WebDriverWait.java:84)
	at org.openqa.selenium.support.ui.FluentWait.until(FluentWait.java:228)
	at pages.CheckoutPage.selectCod(CheckoutPage.java:154)
	at testcases.TC11_EntireCheckoutProcess.performEndToEndOperation(TC11_EntireCheckoutProcess.java:63)
	at java.base/java.util.ArrayList.forEach(ArrayList.java:1596)
Caused by: org.openqa.selenium.NoSuchElementException: no such element: Unable to locate element: {&quot;method&quot;:&quot;xpath&quot;,&quot;selector&quot;:&quot;(//input[@type=&apos;radio&apos;])[5]&quot;}
  (Session info: MicrosoftEdge=135.0.3179.73)
For documentation on this error, please visit: https://www.selenium.dev/documentation/webdriver/troubleshooting/errors#no-such-element-exception
Build info: version: &apos;4.28.1&apos;, revision: &apos;73f5ad48a2&apos;
System info: os.name: &apos;Windows 11&apos;, os.arch: &apos;amd64&apos;, os.version: &apos;10.0&apos;, java.version: &apos;21.0.6&apos;
Driver info: org.openqa.selenium.edge.EdgeDriver
Command: [3c315b8fd715ead8253829889bf9dc23, findElement {value=(//input[@type=&apos;radio&apos;])[5], using=xpath}]
Capabilities {acceptInsecureCerts: false, browserName: MicrosoftEdge, browserVersion: 135.0.3179.73, fedcm:accounts: true, ms:edgeOptions: {debuggerAddress: localhost:57994}, msedge: {msedgedriverVersion: 135.0.3179.73 (1aac646e08ad..., userDataDir: C:\Users\ASHUTO~1\AppData\L...}, networkConnectionEnabled: false, pageLoadStrategy: normal, platformName: windows, proxy: Proxy(), se:cdp: ws://localhost:57994/devtoo..., se:cdpVersion: 135.0.3179.73, setWindowRect: true, strictFileInteractability: false, timeouts: {implicit: 0, pageLoad: 300000, script: 30000}, unhandledPromptBehavior: dismiss and notify, webauthn:extension:credBlob: true, webauthn:extension:largeBlob: true, webauthn:extension:minPinLength: true, webauthn:extension:prf: true, webauthn:virtualAuthenticators: true}
Session ID: 3c315b8fd715ead8253829889bf9dc23
	at org.openqa.selenium.remote.ErrorCodec.decode(ErrorCodec.java:167)
	at org.openqa.selenium.remote.codec.w3c.W3CHttpResponseCodec.decode(W3CHttpResponseCodec.java:138)
	at org.openqa.selenium.remote.codec.w3c.W3CHttpResponseCodec.decode(W3CHttpResponseCodec.java:50)
	at org.openqa.selenium.remote.HttpCommandExecutor.execute(HttpCommandExecutor.java:215)
	at org.openqa.selenium.remote.service.DriverCommandExecutor.invokeExecute(DriverCommandExecutor.java:216)
	at org.openqa.selenium.remote.service.DriverCommandExecutor.execute(DriverCommandExecutor.java:174)
	at org.openqa.selenium.remote.RemoteWebDriver.execute(RemoteWebDriver.java:545)
	at org.openqa.selenium.remote.ElementLocation$ElementFinder$2.findElement(ElementLocation.java:165)
	at org.openqa.selenium.remote.ElementLocation.findElement(ElementLocation.java:59)
	at org.openqa.selenium.remote.RemoteWebDriver.findElement(RemoteWebDriver.java:368)
	at org.openqa.selenium.remote.RemoteWebDriver.findElement(RemoteWebDriver.java:362)
	at org.openqa.selenium.support.pagefactory.DefaultElementLocator.findElement(DefaultElementLocator.java:68)
	at org.openqa.selenium.support.pagefactory.internal.LocatingElementHandler.invoke(LocatingElementHandler.java:38)
	at jdk.proxy2/jdk.proxy2.$Proxy13.isDisplayed(Unknown Source)
	at org.openqa.selenium.support.ui.ExpectedConditions.elementIfVisible(ExpectedConditions.java:304)
	at org.openqa.selenium.support.ui.ExpectedConditions$10.apply(ExpectedConditions.java:290)
	at org.openqa.selenium.support.ui.ExpectedConditions$10.apply(ExpectedConditions.java:287)
	at org.openqa.selenium.support.ui.ExpectedConditions$23.apply(ExpectedConditions.java:656)
	at org.openqa.selenium.support.ui.ExpectedConditions$23.apply(ExpectedConditions.java:652)
	at org.openqa.selenium.support.ui.FluentWait.until(FluentWait.java:203)
	... 32 more
... Removed 32 stack frames</div></td></tr></table><p class="totop"><a href="#summary">back to summary</a></p>
<h3 id="m4">testcases.TC12_SelectEachPaymentMethod#performEndToEndOperation</h3><table class="result"><tr class="param"><th>Parameter #1</th></tr><tr class="param stripe"><td>emi</td></tr><tr><th>Exception</th></tr><tr><td><div class="stacktrace">org.openqa.selenium.TimeoutException: Expected condition failed: waiting for visibility of [[EdgeDriver: MicrosoftEdge on windows (17277a2a0148fd994dc2a2903e7b128d)] -&gt; xpath: //span[.=&apos;Sign in&apos;]/parent::a] (tried for 10 second(s) with 500 milliseconds interval)
Build info: version: &apos;4.28.1&apos;, revision: &apos;73f5ad48a2&apos;
System info: os.name: &apos;Windows 11&apos;, os.arch: &apos;amd64&apos;, os.version: &apos;10.0&apos;, java.version: &apos;21.0.6&apos;
Driver info: org.openqa.selenium.edge.EdgeDriver
Capabilities {acceptInsecureCerts: false, browserName: MicrosoftEdge, browserVersion: 135.0.3179.73, fedcm:accounts: true, ms:edgeOptions: {debuggerAddress: localhost:59693}, msedge: {msedgedriverVersion: 135.0.3179.73 (1aac646e08ad..., userDataDir: C:\Users\ASHUTO~1\AppData\L...}, networkConnectionEnabled: false, pageLoadStrategy: normal, platformName: windows, proxy: Proxy(), se:cdp: ws://localhost:59693/devtoo..., se:cdpVersion: 135.0.3179.73, setWindowRect: true, strictFileInteractability: false, timeouts: {implicit: 0, pageLoad: 300000, script: 30000}, unhandledPromptBehavior: dismiss and notify, webauthn:extension:credBlob: true, webauthn:extension:largeBlob: true, webauthn:extension:minPinLength: true, webauthn:extension:prf: true, webauthn:virtualAuthenticators: true}
Session ID: 17277a2a0148fd994dc2a2903e7b128d
	at org.openqa.selenium.support.ui.WebDriverWait.timeoutException(WebDriverWait.java:84)
	at org.openqa.selenium.support.ui.FluentWait.until(FluentWait.java:228)
	at pages.HomePage.signInClick(HomePage.java:71)
	at testcases.TC12_SelectEachPaymentMethod.performEndToEndOperation(TC12_SelectEachPaymentMethod.java:28)
	at java.base/java.util.ArrayList.forEach(ArrayList.java:1596)
... Removed 29 stack frames</div></td></tr></table><p class="totop"><a href="#summary">back to summary</a></p>
<h3 id="m5">testcases.TC14_ProductReview#performEndToEndOperation</h3><table class="result"><tr><th>Exception</th></tr><tr><td><div class="stacktrace">org.openqa.selenium.NoSuchElementException: no such element: Unable to locate element: {&quot;method&quot;:&quot;xpath&quot;,&quot;selector&quot;:&quot;(//*[contains(text(),&apos;Write a product review&apos;)])[1]&quot;}
  (Session info: MicrosoftEdge=135.0.3179.73)
For documentation on this error, please visit: https://www.selenium.dev/documentation/webdriver/troubleshooting/errors#no-such-element-exception
Build info: version: &apos;4.28.1&apos;, revision: &apos;73f5ad48a2&apos;
System info: os.name: &apos;Windows 11&apos;, os.arch: &apos;amd64&apos;, os.version: &apos;10.0&apos;, java.version: &apos;21.0.6&apos;
Driver info: org.openqa.selenium.edge.EdgeDriver
Command: [7e91537bf6554450bce6321f35349c5e, findElement {value=(//*[contains(text(),&apos;Write a product review&apos;)])[1], using=xpath}]
Capabilities {acceptInsecureCerts: false, browserName: MicrosoftEdge, browserVersion: 135.0.3179.73, fedcm:accounts: true, ms:edgeOptions: {debuggerAddress: localhost:60377}, msedge: {msedgedriverVersion: 135.0.3179.73 (1aac646e08ad..., userDataDir: C:\Users\ASHUTO~1\AppData\L...}, networkConnectionEnabled: false, pageLoadStrategy: normal, platformName: windows, proxy: Proxy(), se:cdp: ws://localhost:60377/devtoo..., se:cdpVersion: 135.0.3179.73, setWindowRect: true, strictFileInteractability: false, timeouts: {implicit: 0, pageLoad: 300000, script: 30000}, unhandledPromptBehavior: dismiss and notify, webauthn:extension:credBlob: true, webauthn:extension:largeBlob: true, webauthn:extension:minPinLength: true, webauthn:extension:prf: true, webauthn:virtualAuthenticators: true}
Session ID: 7e91537bf6554450bce6321f35349c5e
	at org.openqa.selenium.remote.ErrorCodec.decode(ErrorCodec.java:167)
	at org.openqa.selenium.remote.codec.w3c.W3CHttpResponseCodec.decode(W3CHttpResponseCodec.java:138)
	at org.openqa.selenium.remote.codec.w3c.W3CHttpResponseCodec.decode(W3CHttpResponseCodec.java:50)
	at org.openqa.selenium.remote.HttpCommandExecutor.execute(HttpCommandExecutor.java:215)
	at org.openqa.selenium.remote.service.DriverCommandExecutor.invokeExecute(DriverCommandExecutor.java:216)
	at org.openqa.selenium.remote.service.DriverCommandExecutor.execute(DriverCommandExecutor.java:174)
	at org.openqa.selenium.remote.RemoteWebDriver.execute(RemoteWebDriver.java:545)
	at org.openqa.selenium.remote.ElementLocation$ElementFinder$2.findElement(ElementLocation.java:165)
	at org.openqa.selenium.remote.ElementLocation.findElement(ElementLocation.java:59)
	at org.openqa.selenium.remote.RemoteWebDriver.findElement(RemoteWebDriver.java:368)
	at org.openqa.selenium.remote.RemoteWebDriver.findElement(RemoteWebDriver.java:362)
	at org.openqa.selenium.support.pagefactory.DefaultElementLocator.findElement(DefaultElementLocator.java:68)
	at org.openqa.selenium.support.pagefactory.internal.LocatingElementHandler.invoke(LocatingElementHandler.java:38)
	at jdk.proxy2/jdk.proxy2.$Proxy13.click(Unknown Source)
	at pages.YourOrdersPage.selectWriteProductReview(YourOrdersPage.java:54)
	at testcases.TC14_ProductReview.performEndToEndOperation(TC14_ProductReview.java:36)
	at java.base/java.util.ArrayList.forEach(ArrayList.java:1596)
... Removed 32 stack frames</div></td></tr></table><p class="totop"><a href="#summary">back to summary</a></p>
<h3 id="m6">testcases.TC14_ProductReview#performEndToEndOperation</h3><table class="result"><tr><th>Exception</th></tr><tr><td><div class="stacktrace">org.openqa.selenium.NoSuchElementException: no such element: Unable to locate element: {&quot;method&quot;:&quot;xpath&quot;,&quot;selector&quot;:&quot;(//*[contains(text(),&apos;Write a product review&apos;)])[1]&quot;}
  (Session info: MicrosoftEdge=135.0.3179.73)
For documentation on this error, please visit: https://www.selenium.dev/documentation/webdriver/troubleshooting/errors#no-such-element-exception
Build info: version: &apos;4.28.1&apos;, revision: &apos;73f5ad48a2&apos;
System info: os.name: &apos;Windows 11&apos;, os.arch: &apos;amd64&apos;, os.version: &apos;10.0&apos;, java.version: &apos;21.0.6&apos;
Driver info: org.openqa.selenium.edge.EdgeDriver
Command: [57d3ae871246737cf382958aa1315df7, findElement {value=(//*[contains(text(),&apos;Write a product review&apos;)])[1], using=xpath}]
Capabilities {acceptInsecureCerts: false, browserName: MicrosoftEdge, browserVersion: 135.0.3179.73, fedcm:accounts: true, ms:edgeOptions: {debuggerAddress: localhost:60148}, msedge: {msedgedriverVersion: 135.0.3179.73 (1aac646e08ad..., userDataDir: C:\Users\ASHUTO~1\AppData\L...}, networkConnectionEnabled: false, pageLoadStrategy: normal, platformName: windows, proxy: Proxy(), se:cdp: ws://localhost:60148/devtoo..., se:cdpVersion: 135.0.3179.73, setWindowRect: true, strictFileInteractability: false, timeouts: {implicit: 0, pageLoad: 300000, script: 30000}, unhandledPromptBehavior: dismiss and notify, webauthn:extension:credBlob: true, webauthn:extension:largeBlob: true, webauthn:extension:minPinLength: true, webauthn:extension:prf: true, webauthn:virtualAuthenticators: true}
Session ID: 57d3ae871246737cf382958aa1315df7
	at org.openqa.selenium.remote.ErrorCodec.decode(ErrorCodec.java:167)
	at org.openqa.selenium.remote.codec.w3c.W3CHttpResponseCodec.decode(W3CHttpResponseCodec.java:138)
	at org.openqa.selenium.remote.codec.w3c.W3CHttpResponseCodec.decode(W3CHttpResponseCodec.java:50)
	at org.openqa.selenium.remote.HttpCommandExecutor.execute(HttpCommandExecutor.java:215)
	at org.openqa.selenium.remote.service.DriverCommandExecutor.invokeExecute(DriverCommandExecutor.java:216)
	at org.openqa.selenium.remote.service.DriverCommandExecutor.execute(DriverCommandExecutor.java:174)
	at org.openqa.selenium.remote.RemoteWebDriver.execute(RemoteWebDriver.java:545)
	at org.openqa.selenium.remote.ElementLocation$ElementFinder$2.findElement(ElementLocation.java:165)
	at org.openqa.selenium.remote.ElementLocation.findElement(ElementLocation.java:59)
	at org.openqa.selenium.remote.RemoteWebDriver.findElement(RemoteWebDriver.java:368)
	at org.openqa.selenium.remote.RemoteWebDriver.findElement(RemoteWebDriver.java:362)
	at org.openqa.selenium.support.pagefactory.DefaultElementLocator.findElement(DefaultElementLocator.java:68)
	at org.openqa.selenium.support.pagefactory.internal.LocatingElementHandler.invoke(LocatingElementHandler.java:38)
	at jdk.proxy2/jdk.proxy2.$Proxy13.click(Unknown Source)
	at pages.YourOrdersPage.selectWriteProductReview(YourOrdersPage.java:54)
	at testcases.TC14_ProductReview.performEndToEndOperation(TC14_ProductReview.java:36)
	at java.base/java.util.ArrayList.forEach(ArrayList.java:1596)
... Removed 32 stack frames</div></td></tr></table><p class="totop"><a href="#summary">back to summary</a></p>
<h3 id="m7">testcases.TC01_NewUser#performEndToEndOperation</h3><table class="result"><tr><th>Messages</th></tr><tr><td><div class="messages">Test case is pass </div></td></tr></table><p class="totop"><a href="#summary">back to summary</a></p>
<h3 id="m8">testcases.TC02_SuccessfulLogin#performEndToEndOperation</h3><table class="result"><tr><th>Messages</th></tr><tr><td><div class="messages">Test case is pass </div></td></tr></table><p class="totop"><a href="#summary">back to summary</a></p>
<h3 id="m9">testcases.TC03_1_ManageProfile#performEndToEndOperation</h3><table class="result"><tr><th>Messages</th></tr><tr><td><div class="messages">Your Profile<br/>Test case is pass </div></td></tr></table><p class="totop"><a href="#summary">back to summary</a></p>
<h3 id="m10">testcases.TC03_LoginFailed#performEndToEndOperation</h3><table class="result"><tr><th>Messages</th></tr><tr><td><div class="messages">Forgot password?<br/>Test case is pass </div></td></tr></table><p class="totop"><a href="#summary">back to summary</a></p>
<h3 id="m11">testcases.TC04_ProfileInfoUpdate#performEndToEndOperation</h3><table class="result"><tr><th>Messages</th></tr><tr><td><div class="messages">Profile Hub<br/>Test case is pass </div></td></tr></table><p class="totop"><a href="#summary">back to summary</a></p>
<h3 id="m12">testcases.TC05_SearchPage#performEndToEndOperation</h3><table class="result"><tr><th>Messages</th></tr><tr><td><div class="messages">Amazon.in : shoes<br/>Test case is pass </div></td></tr></table><p class="totop"><a href="#summary">back to summary</a></p>
<h3 id="m13">testcases.TC06_SearchFilter#performEndToEndOperation</h3><table class="result"><tr><th>Messages</th></tr><tr><td><div class="messages">Amazon.in : shoes<br/>Test case is pass </div></td></tr></table><p class="totop"><a href="#summary">back to summary</a></p>
<h3 id="m14">testcases.TC07_ProductDetails#performEndToEndOperation</h3><table class="result"><tr><th>Messages</th></tr><tr><td><div class="messages">Test case is pass </div></td></tr></table><p class="totop"><a href="#summary">back to summary</a></p>
<h3 id="m15">testcases.TC08_ProductSort#performEndToEndOperation</h3><table class="result"><tr class="param"><th>Parameter #1</th></tr><tr class="param stripe"><td>seller</td></tr><tr><th>Messages</th></tr><tr><td><div class="messages">Test case is pass </div></td></tr></table><p class="totop"><a href="#summary">back to summary</a></p>
<h3 id="m16">testcases.TC08_ProductSort#performEndToEndOperation</h3><table class="result"><tr class="param"><th>Parameter #1</th></tr><tr class="param stripe"><td>newest</td></tr><tr><th>Messages</th></tr><tr><td><div class="messages">Test case is pass </div></td></tr></table><p class="totop"><a href="#summary">back to summary</a></p>
<h3 id="m17">testcases.TC08_ProductSort#performEndToEndOperation</h3><table class="result"><tr class="param"><th>Parameter #1</th></tr><tr class="param stripe"><td>hightolow</td></tr><tr><th>Messages</th></tr><tr><td><div class="messages">Test case is pass </div></td></tr></table><p class="totop"><a href="#summary">back to summary</a></p>
<h3 id="m18">testcases.TC08_ProductSort#performEndToEndOperation</h3><table class="result"><tr class="param"><th>Parameter #1</th></tr><tr class="param stripe"><td>lowtohigh</td></tr><tr><th>Messages</th></tr><tr><td><div class="messages">Test case is pass </div></td></tr></table><p class="totop"><a href="#summary">back to summary</a></p>
<h3 id="m19">testcases.TC08_ProductSort#performEndToEndOperation</h3><table class="result"><tr class="param"><th>Parameter #1</th></tr><tr class="param stripe"><td>custreview</td></tr><tr><th>Messages</th></tr><tr><td><div class="messages">Test case is pass </div></td></tr></table><p class="totop"><a href="#summary">back to summary</a></p>
<h3 id="m20">testcases.TC09_Cart#performEndToEndOperation</h3><table class="result"><tr><th>Messages</th></tr><tr><td><div class="messages">Amazon.in Shopping Cart<br/>Test case is pass </div></td></tr></table><p class="totop"><a href="#summary">back to summary</a></p>
<h3 id="m21">testcases.TC10_QuantityUpdateCart#performEndToEndOperation</h3><table class="result"><tr><th>Messages</th></tr><tr><td><div class="messages">Test case is pass </div></td></tr></table><p class="totop"><a href="#summary">back to summary</a></p>
<h3 id="m22">testcases.TC12_SelectEachPaymentMethod#performEndToEndOperation</h3><table class="result"><tr class="param"><th>Parameter #1</th></tr><tr class="param stripe"><td>creditcard</td></tr><tr><th>Messages</th></tr><tr><td><div class="messages">Test case is pass </div></td></tr></table><p class="totop"><a href="#summary">back to summary</a></p>
<h3 id="m23">testcases.TC12_SelectEachPaymentMethod#performEndToEndOperation</h3><table class="result"><tr class="param"><th>Parameter #1</th></tr><tr class="param stripe"><td>otherupi</td></tr><tr><th>Messages</th></tr><tr><td><div class="messages">Test case is pass </div></td></tr></table><p class="totop"><a href="#summary">back to summary</a></p>
<h3 id="m24">testcases.TC12_SelectEachPaymentMethod#performEndToEndOperation</h3><table class="result"><tr class="param"><th>Parameter #1</th></tr><tr class="param stripe"><td>emi</td></tr><tr><th>Messages</th></tr><tr><td><div class="messages">Test case is pass </div></td></tr></table><p class="totop"><a href="#summary">back to summary</a></p>
<h3 id="m25">testcases.TC12_SelectEachPaymentMethod#performEndToEndOperation</h3><table class="result"><tr class="param"><th>Parameter #1</th></tr><tr class="param stripe"><td>netbanking</td></tr><tr><th>Messages</th></tr><tr><td><div class="messages">Test case is pass </div></td></tr></table><p class="totop"><a href="#summary">back to summary</a></p>
<h3 id="m26">testcases.TC13_CouponCode#performEndToEndOperation</h3><table class="result"><tr><th>Messages</th></tr><tr><td><div class="messages">Test case is pass </div></td></tr></table><p class="totop"><a href="#summary">back to summary</a></p>
<h3 id="m27">testcases.TC15_search_wishlist_cart#performEndToEndOperation</h3><table class="result"><tr><th>Messages</th></tr><tr><td><div class="messages">Test case is pass </div></td></tr></table><p class="totop"><a href="#summary">back to summary</a></p>
<h2>Amazon End-to-End Tests Execution with Chrome Browser</h2><h3 id="m28">testcases.TC02_SuccessfulLogin#performEndToEndOperation</h3><table class="result"><tr><th>Exception</th></tr><tr><td><div class="stacktrace">org.openqa.selenium.json.JsonException: java.lang.reflect.InvocationTargetException
Build info: version: &apos;4.28.1&apos;, revision: &apos;73f5ad48a2&apos;
System info: os.name: &apos;Windows 11&apos;, os.arch: &apos;amd64&apos;, os.version: &apos;10.0&apos;, java.version: &apos;21.0.6&apos;
Driver info: org.openqa.selenium.chrome.ChromeDriver
Command: [88e8a6ae1627a4812c47672584609f72, actions {actions=[org.openqa.selenium.interactions.Sequence@9cdf13e]}]
Capabilities {acceptInsecureCerts: false, browserName: chrome, browserVersion: 135.0.7049.85, chrome: {chromedriverVersion: 135.0.7049.84 (6c019e560019..., userDataDir: C:\Users\ASHUTO~1\AppData\L...}, fedcm:accounts: true, goog:chromeOptions: {debuggerAddress: localhost:60847}, networkConnectionEnabled: false, pageLoadStrategy: normal, platformName: windows, proxy: Proxy(), se:cdp: ws://localhost:60847/devtoo..., se:cdpVersion: 135.0.7049.85, setWindowRect: true, strictFileInteractability: false, timeouts: {implicit: 0, pageLoad: 300000, script: 30000}, unhandledPromptBehavior: dismiss and notify, webauthn:extension:credBlob: true, webauthn:extension:largeBlob: true, webauthn:extension:minPinLength: true, webauthn:extension:prf: true, webauthn:virtualAuthenticators: true}
Session ID: 88e8a6ae1627a4812c47672584609f72
	at org.openqa.selenium.json.JsonOutput.convertUsingMethod(JsonOutput.java:520)
	at org.openqa.selenium.json.JsonOutput.lambda$new$16(JsonOutput.java:182)
	at org.openqa.selenium.json.JsonOutput.write0(JsonOutput.java:409)
	at org.openqa.selenium.json.JsonOutput.lambda$new$22(JsonOutput.java:204)
	at java.base/java.util.stream.ForEachOps$ForEachOp$OfRef.accept(ForEachOps.java:184)
	at java.base/java.util.stream.ReferencePipeline$2$1.accept(ReferencePipeline.java:179)
	at java.base/java.util.Iterator.forEachRemaining(Iterator.java:133)
	at java.base/java.util.Spliterators$IteratorSpliterator.forEachRemaining(Spliterators.java:1939)
	at java.base/java.util.stream.AbstractPipeline.copyInto(AbstractPipeline.java:509)
	at java.base/java.util.stream.AbstractPipeline.wrapAndCopyInto(AbstractPipeline.java:499)
	at java.base/java.util.stream.ForEachOps$ForEachOp.evaluateSequential(ForEachOps.java:151)
	at java.base/java.util.stream.ForEachOps$ForEachOp$OfRef.evaluateSequential(ForEachOps.java:174)
	at java.base/java.util.stream.AbstractPipeline.evaluate(AbstractPipeline.java:234)
	at java.base/java.util.stream.ReferencePipeline.forEach(ReferencePipeline.java:596)
	at org.openqa.selenium.json.JsonOutput.lambda$new$23(JsonOutput.java:204)
	at org.openqa.selenium.json.JsonOutput.write0(JsonOutput.java:409)
	at org.openqa.selenium.json.JsonOutput.lambda$new$24(JsonOutput.java:222)
	at java.base/java.util.Map.forEach(Map.java:733)
	at org.openqa.selenium.json.JsonOutput.lambda$new$25(JsonOutput.java:217)
	at org.openqa.selenium.json.JsonOutput.write0(JsonOutput.java:409)
	at org.openqa.selenium.json.JsonOutput.write(JsonOutput.java:400)
	at org.openqa.selenium.json.Json.toJson(Json.java:133)
	at org.openqa.selenium.json.Json.toJson(Json.java:119)
	at org.openqa.selenium.remote.codec.AbstractHttpCommandCodec.encode(AbstractHttpCommandCodec.java:246)
	at org.openqa.selenium.remote.codec.AbstractHttpCommandCodec.encode(AbstractHttpCommandCodec.java:111)
	at org.openqa.selenium.remote.HttpCommandExecutor.execute(HttpCommandExecutor.java:203)
	at org.openqa.selenium.remote.service.DriverCommandExecutor.invokeExecute(DriverCommandExecutor.java:216)
	at org.openqa.selenium.remote.service.DriverCommandExecutor.execute(DriverCommandExecutor.java:174)
	at org.openqa.selenium.remote.RemoteWebDriver.execute(RemoteWebDriver.java:545)
	at org.openqa.selenium.remote.RemoteWebDriver.perform(RemoteWebDriver.java:631)
	at org.openqa.selenium.interactions.Actions$BuiltAction.perform(Actions.java:616)
	at org.openqa.selenium.interactions.Actions.perform(Actions.java:581)
	at pages.HomePage.hoverover(HomePage.java:56)
	at testcases.TC02_SuccessfulLogin.performEndToEndOperation(TC02_SuccessfulLogin.java:23)
	at java.base/java.util.ArrayList.forEach(ArrayList.java:1596)
	Suppressed: org.openqa.selenium.json.JsonException: Attempting to close incomplete json stream
Build info: version: &apos;4.28.1&apos;, revision: &apos;73f5ad48a2&apos;
System info: os.name: &apos;Windows 11&apos;, os.arch: &apos;amd64&apos;, os.version: &apos;10.0&apos;, java.version: &apos;21.0.6&apos;
Driver info: driver.version: RemoteWebDriver
		at org.openqa.selenium.json.JsonOutput.close(JsonOutput.java:431)
		at org.openqa.selenium.json.Json.toJson(Json.java:131)
		... 42 more
	at org.openqa.selenium.json.JsonOutput.convertUsingMethod(JsonOutput.java:516)
	... 63 more
Caused by: org.openqa.selenium.NoSuchElementException: no such element: Unable to locate element: {&quot;method&quot;:&quot;xpath&quot;,&quot;selector&quot;:&quot;//span[@class=&apos;nav-line-2 &apos;]&quot;}
  (Session info: chrome=135.0.7049.85)
For documentation on this error, please visit: https://www.selenium.dev/documentation/webdriver/troubleshooting/errors#no-such-element-exception
Build info: version: &apos;4.28.1&apos;, revision: &apos;73f5ad48a2&apos;
System info: os.name: &apos;Windows 11&apos;, os.arch: &apos;amd64&apos;, os.version: &apos;10.0&apos;, java.version: &apos;21.0.6&apos;
Driver info: org.openqa.selenium.chrome.ChromeDriver
Command: [88e8a6ae1627a4812c47672584609f72, findElement {value=//span[@class=&apos;nav-line-2 &apos;], using=xpath}]
Capabilities {acceptInsecureCerts: false, browserName: chrome, browserVersion: 135.0.7049.85, chrome: {chromedriverVersion: 135.0.7049.84 (6c019e560019..., userDataDir: C:\Users\ASHUTO~1\AppData\L...}, fedcm:accounts: true, goog:chromeOptions: {debuggerAddress: localhost:60847}, networkConnectionEnabled: false, pageLoadStrategy: normal, platformName: windows, proxy: Proxy(), se:cdp: ws://localhost:60847/devtoo..., se:cdpVersion: 135.0.7049.85, setWindowRect: true, strictFileInteractability: false, timeouts: {implicit: 0, pageLoad: 300000, script: 30000}, unhandledPromptBehavior: dismiss and notify, webauthn:extension:credBlob: true, webauthn:extension:largeBlob: true, webauthn:extension:minPinLength: true, webauthn:extension:prf: true, webauthn:virtualAuthenticators: true}
Session ID: 88e8a6ae1627a4812c47672584609f72
	at org.openqa.selenium.remote.ErrorCodec.decode(ErrorCodec.java:167)
	at org.openqa.selenium.remote.codec.w3c.W3CHttpResponseCodec.decode(W3CHttpResponseCodec.java:138)
	at org.openqa.selenium.remote.codec.w3c.W3CHttpResponseCodec.decode(W3CHttpResponseCodec.java:50)
	at org.openqa.selenium.remote.HttpCommandExecutor.execute(HttpCommandExecutor.java:215)
	at org.openqa.selenium.remote.service.DriverCommandExecutor.invokeExecute(DriverCommandExecutor.java:216)
	at org.openqa.selenium.remote.service.DriverCommandExecutor.execute(DriverCommandExecutor.java:174)
	at org.openqa.selenium.remote.RemoteWebDriver.execute(RemoteWebDriver.java:545)
	at org.openqa.selenium.remote.ElementLocation$ElementFinder$2.findElement(ElementLocation.java:165)
	at org.openqa.selenium.remote.ElementLocation.findElement(ElementLocation.java:59)
	at org.openqa.selenium.remote.RemoteWebDriver.findElement(RemoteWebDriver.java:368)
	at org.openqa.selenium.remote.RemoteWebDriver.findElement(RemoteWebDriver.java:362)
	at org.openqa.selenium.support.pagefactory.DefaultElementLocator.findElement(DefaultElementLocator.java:68)
	at org.openqa.selenium.support.pagefactory.internal.LocatingElementHandler.invoke(LocatingElementHandler.java:38)
	at jdk.proxy2/jdk.proxy2.$Proxy13.getWrappedElement(Unknown Source)
	at org.openqa.selenium.interactions.PointerInput$Origin.asArg(PointerInput.java:262)
	at org.openqa.selenium.interactions.PointerInput$Move.encode(PointerInput.java:211)
	at org.openqa.selenium.interactions.Sequence.encode(Sequence.java:74)
	at org.openqa.selenium.interactions.Sequence.toJson(Sequence.java:83)
	... 65 more
... Removed 36 stack frames</div></td></tr></table><p class="totop"><a href="#summary">back to summary</a></p>
<h3 id="m29">testcases.TC02_SuccessfulLogin#performEndToEndOperation</h3><table class="result"><tr><th>Messages</th></tr><tr><td><div class="messages">Test case is pass </div></td></tr></table><p class="totop"><a href="#summary">back to summary</a></p>
<h2>Amazon End-to-End Tests Execution with Firefox Browser</h2><h3 id="m30">testcases.TC02_SuccessfulLogin#performEndToEndOperation</h3><table class="result"><tr><th>Messages</th></tr><tr><td><div class="messages">Test case is pass </div></td></tr></table><p class="totop"><a href="#summary">back to summary</a></p>
</body>
</html>
