<!DOCTYPE html>

<html>
  <head>
  <meta charset='utf-8'>
  <title>TestNG reports</title>

    <link type="text/css" href="testng-reports1.css" rel="stylesheet" id="ultra" />
    <link type="text/css" href="testng-reports.css" rel="stylesheet" id="retro" disabled="false"/>
    <script type="text/javascript" src="jquery-3.6.0.min.js"></script>
    <script type="text/javascript" src="testng-reports.js"></script>
    <script type="text/javascript" src="https://www.google.com/jsapi"></script>
    <script type='text/javascript'>
      google.load('visualization', '1', {packages:['table']});
      google.setOnLoadCallback(drawTable);
      var suiteTableInitFunctions = new Array();
      var suiteTableData = new Array();
    </script>
    <!--
      <script type="text/javascript" src="jquery-ui/js/jquery-ui-1.8.16.custom.min.js"></script>
     -->
  </head>

  <body>    <div class="top-banner-root">
      <span class="top-banner-title-font">Test results</span>
      <button id="button" class="button">Switch Retro Theme</button> <!-- button -->
      <br/>
      <span class="top-banner-font-1">1 suite, 2 failed tests</span>
    </div> <!-- top-banner-root -->
    <div class="navigator-root">
      <div class="navigator-suite-header">
        <span>All suites</span>
        <a href="#" title="Collapse/expand all the suites" class="collapse-all-link">
          <img src="collapseall.gif" class="collapse-all-icon">
          </img> <!-- collapse-all-icon -->
        </a> <!-- collapse-all-link -->
      </div> <!-- navigator-suite-header -->
      <div class="suite">
        <div class="rounded-window">
          <div class="suite-header light-rounded-window-top">
            <a href="#" panel-name="suite-Amazon_End_to_End_Test_Suite" class="navigator-link">
              <span class="suite-name border-failed">Amazon End-to-End Test Suite</span>
            </a> <!-- navigator-link -->
          </div> <!-- suite-header light-rounded-window-top -->
          <div class="navigator-suite-content">
            <div class="suite-section-title">
              <span>Info</span>
            </div> <!-- suite-section-title -->
            <div class="suite-section-content">
              <ul>
                <li>
                  <a href="#" panel-name="test-xml-Amazon_End_to_End_Test_Suite" class="navigator-link ">
                    <span>C:\WorkEnvironment\Projects_MKT\project6\project1-amazon-end-to-end\testng.xml</span>
                  </a> <!-- navigator-link  -->
                </li>
                <li>
                  <a href="#" panel-name="testlist-Amazon_End_to_End_Test_Suite" class="navigator-link ">
                    <span class="test-stats">3 tests</span>
                  </a> <!-- navigator-link  -->
                </li>
                <li>
                  <a href="#" panel-name="group-Amazon_End_to_End_Test_Suite" class="navigator-link ">
                    <span>0 groups</span>
                  </a> <!-- navigator-link  -->
                </li>
                <li>
                  <a href="#" panel-name="times-Amazon_End_to_End_Test_Suite" class="navigator-link ">
                    <span>Times</span>
                  </a> <!-- navigator-link  -->
                </li>
                <li>
                  <a href="#" panel-name="reporter-Amazon_End_to_End_Test_Suite" class="navigator-link ">
                    <span>Reporter output</span>
                  </a> <!-- navigator-link  -->
                </li>
                <li>
                  <a href="#" panel-name="ignored-methods-Amazon_End_to_End_Test_Suite" class="navigator-link ">
                    <span>Ignored methods</span>
                  </a> <!-- navigator-link  -->
                </li>
                <li>
                  <a href="#" panel-name="chronological-Amazon_End_to_End_Test_Suite" class="navigator-link ">
                    <span>Chronological view</span>
                  </a> <!-- navigator-link  -->
                </li>
              </ul>
            </div> <!-- suite-section-content -->
            <div class="result-section">
              <div class="suite-section-title">
                <span>Results</span>
              </div> <!-- suite-section-title -->
              <div class="suite-section-content">
                <ul>
                  <li>
                    <span class="method-stats">31 methods, 2 failed,  6 skipped,  23 passed</span>
                  </li>
                  <li>
                    <span class="method-list-title failed">Failed methods</span>
                    <span class="show-or-hide-methods failed">
                      <a href="#" panel-name="suite-Amazon_End_to_End_Test_Suite" class="hide-methods failed suite-Amazon_End_to_End_Test_Suite"> (hide)</a> <!-- hide-methods failed suite-Amazon_End_to_End_Test_Suite -->
                      <a href="#" panel-name="suite-Amazon_End_to_End_Test_Suite" class="show-methods failed suite-Amazon_End_to_End_Test_Suite"> (show)</a> <!-- show-methods failed suite-Amazon_End_to_End_Test_Suite -->
                    </span>
                    <div class="method-list-content failed suite-Amazon_End_to_End_Test_Suite">
                      <span>
                        <img src="failed.png" width="3%"/>
                        <a href="#" panel-name="suite-Amazon_End_to_End_Test_Suite" title="testcases.TC14_ProductReview" class="method navigator-link" hash-for-method="performEndToEndOperation">performEndToEndOperation</a> <!-- method navigator-link -->
                      </span>
                      <br/>
                      <span>
                        <img src="failed.png" width="3%"/>
                        <a href="#" panel-name="suite-Amazon_End_to_End_Test_Suite" title="testcases.TC11_EntireCheckoutProcess" class="method navigator-link" hash-for-method="performEndToEndOperation">performEndToEndOperation</a> <!-- method navigator-link -->
                      </span>
                      <br/>
                    </div> <!-- method-list-content failed suite-Amazon_End_to_End_Test_Suite -->
                  </li>
                  <li>
                    <span class="method-list-title skipped">Retried methods</span>
                    <span class="show-or-hide-methods skipped">
                      <a href="#" panel-name="suite-Amazon_End_to_End_Test_Suite" class="hide-methods skipped suite-Amazon_End_to_End_Test_Suite"> (hide)</a> <!-- hide-methods skipped suite-Amazon_End_to_End_Test_Suite -->
                      <a href="#" panel-name="suite-Amazon_End_to_End_Test_Suite" class="show-methods skipped suite-Amazon_End_to_End_Test_Suite"> (show)</a> <!-- show-methods skipped suite-Amazon_End_to_End_Test_Suite -->
                    </span>
                    <div class="method-list-content skipped suite-Amazon_End_to_End_Test_Suite">
                      <span>
                        <img src="skipped.png" width="3%"/>
                        <a href="#" panel-name="suite-Amazon_End_to_End_Test_Suite" title="testcases.TC14_ProductReview" class="method navigator-link" hash-for-method="performEndToEndOperation">performEndToEndOperation</a> <!-- method navigator-link -->
                      </span>
                      <br/>
                      <span>
                        <img src="skipped.png" width="3%"/>
                        <a href="#" panel-name="suite-Amazon_End_to_End_Test_Suite" title="testcases.TC14_ProductReview" class="method navigator-link" hash-for-method="performEndToEndOperation">performEndToEndOperation</a> <!-- method navigator-link -->
                      </span>
                      <br/>
                      <span>
                        <img src="skipped.png" width="3%"/>
                        <a href="#" panel-name="suite-Amazon_End_to_End_Test_Suite" title="testcases.TC11_EntireCheckoutProcess" class="method navigator-link" hash-for-method="performEndToEndOperation">performEndToEndOperation</a> <!-- method navigator-link -->
                      </span>
                      <br/>
                      <span>
                        <img src="skipped.png" width="3%"/>
                        <a href="#" panel-name="suite-Amazon_End_to_End_Test_Suite" title="testcases.TC11_EntireCheckoutProcess" class="method navigator-link" hash-for-method="performEndToEndOperation">performEndToEndOperation</a> <!-- method navigator-link -->
                      </span>
                      <br/>
                      <span>
                        <img src="skipped.png" width="3%"/>
                        <a href="#" panel-name="suite-Amazon_End_to_End_Test_Suite" title="testcases.TC12_SelectEachPaymentMethod" class="method navigator-link" hash-for-method="performEndToEndOperation(emi)">performEndToEndOperation(emi)</a> <!-- method navigator-link -->
                      </span>
                      <br/>
                      <span>
                        <img src="skipped.png" width="3%"/>
                        <a href="#" panel-name="suite-Amazon_End_to_End_Test_Suite" title="testcases.TC02_SuccessfulLogin" class="method navigator-link" hash-for-method="performEndToEndOperation">performEndToEndOperation</a> <!-- method navigator-link -->
                      </span>
                      <br/>
                    </div> <!-- method-list-content skipped suite-Amazon_End_to_End_Test_Suite -->
                  </li>
                  <li>
                    <span class="method-list-title passed">Passed methods</span>
                    <span class="show-or-hide-methods passed">
                      <a href="#" panel-name="suite-Amazon_End_to_End_Test_Suite" class="hide-methods passed suite-Amazon_End_to_End_Test_Suite"> (hide)</a> <!-- hide-methods passed suite-Amazon_End_to_End_Test_Suite -->
                      <a href="#" panel-name="suite-Amazon_End_to_End_Test_Suite" class="show-methods passed suite-Amazon_End_to_End_Test_Suite"> (show)</a> <!-- show-methods passed suite-Amazon_End_to_End_Test_Suite -->
                    </span>
                    <div class="method-list-content passed suite-Amazon_End_to_End_Test_Suite">
                      <span>
                        <img src="passed.png" width="3%"/>
                        <a href="#" panel-name="suite-Amazon_End_to_End_Test_Suite" title="testcases.TC10_QuantityUpdateCart" class="method navigator-link" hash-for-method="performEndToEndOperation">performEndToEndOperation</a> <!-- method navigator-link -->
                      </span>
                      <br/>
                      <span>
                        <img src="passed.png" width="3%"/>
                        <a href="#" panel-name="suite-Amazon_End_to_End_Test_Suite" title="testcases.TC12_SelectEachPaymentMethod" class="method navigator-link" hash-for-method="performEndToEndOperation(creditcard)">performEndToEndOperation(creditcard)</a> <!-- method navigator-link -->
                      </span>
                      <br/>
                      <span>
                        <img src="passed.png" width="3%"/>
                        <a href="#" panel-name="suite-Amazon_End_to_End_Test_Suite" title="testcases.TC02_SuccessfulLogin" class="method navigator-link" hash-for-method="performEndToEndOperation">performEndToEndOperation</a> <!-- method navigator-link -->
                      </span>
                      <br/>
                      <span>
                        <img src="passed.png" width="3%"/>
                        <a href="#" panel-name="suite-Amazon_End_to_End_Test_Suite" title="testcases.TC01_NewUser" class="method navigator-link" hash-for-method="performEndToEndOperation">performEndToEndOperation</a> <!-- method navigator-link -->
                      </span>
                      <br/>
                      <span>
                        <img src="passed.png" width="3%"/>
                        <a href="#" panel-name="suite-Amazon_End_to_End_Test_Suite" title="testcases.TC08_ProductSort" class="method navigator-link" hash-for-method="performEndToEndOperation(seller)">performEndToEndOperation(seller)</a> <!-- method navigator-link -->
                      </span>
                      <br/>
                      <span>
                        <img src="passed.png" width="3%"/>
                        <a href="#" panel-name="suite-Amazon_End_to_End_Test_Suite" title="testcases.TC08_ProductSort" class="method navigator-link" hash-for-method="performEndToEndOperation(newest)">performEndToEndOperation(newest)</a> <!-- method navigator-link -->
                      </span>
                      <br/>
                      <span>
                        <img src="passed.png" width="3%"/>
                        <a href="#" panel-name="suite-Amazon_End_to_End_Test_Suite" title="testcases.TC07_ProductDetails" class="method navigator-link" hash-for-method="performEndToEndOperation">performEndToEndOperation</a> <!-- method navigator-link -->
                      </span>
                      <br/>
                      <span>
                        <img src="passed.png" width="3%"/>
                        <a href="#" panel-name="suite-Amazon_End_to_End_Test_Suite" title="testcases.TC03_1_ManageProfile" class="method navigator-link" hash-for-method="performEndToEndOperation">performEndToEndOperation</a> <!-- method navigator-link -->
                      </span>
                      <br/>
                      <span>
                        <img src="passed.png" width="3%"/>
                        <a href="#" panel-name="suite-Amazon_End_to_End_Test_Suite" title="testcases.TC03_LoginFailed" class="method navigator-link" hash-for-method="performEndToEndOperation">performEndToEndOperation</a> <!-- method navigator-link -->
                      </span>
                      <br/>
                      <span>
                        <img src="passed.png" width="3%"/>
                        <a href="#" panel-name="suite-Amazon_End_to_End_Test_Suite" title="testcases.TC08_ProductSort" class="method navigator-link" hash-for-method="performEndToEndOperation(hightolow)">performEndToEndOperation(hightolow)</a> <!-- method navigator-link -->
                      </span>
                      <br/>
                      <span>
                        <img src="passed.png" width="3%"/>
                        <a href="#" panel-name="suite-Amazon_End_to_End_Test_Suite" title="testcases.TC04_ProfileInfoUpdate" class="method navigator-link" hash-for-method="performEndToEndOperation">performEndToEndOperation</a> <!-- method navigator-link -->
                      </span>
                      <br/>
                      <span>
                        <img src="passed.png" width="3%"/>
                        <a href="#" panel-name="suite-Amazon_End_to_End_Test_Suite" title="testcases.TC05_SearchPage" class="method navigator-link" hash-for-method="performEndToEndOperation">performEndToEndOperation</a> <!-- method navigator-link -->
                      </span>
                      <br/>
                      <span>
                        <img src="passed.png" width="3%"/>
                        <a href="#" panel-name="suite-Amazon_End_to_End_Test_Suite" title="testcases.TC12_SelectEachPaymentMethod" class="method navigator-link" hash-for-method="performEndToEndOperation(otherupi)">performEndToEndOperation(otherupi)</a> <!-- method navigator-link -->
                      </span>
                      <br/>
                      <span>
                        <img src="passed.png" width="3%"/>
                        <a href="#" panel-name="suite-Amazon_End_to_End_Test_Suite" title="testcases.TC08_ProductSort" class="method navigator-link" hash-for-method="performEndToEndOperation(lowtohigh)">performEndToEndOperation(lowtohigh)</a> <!-- method navigator-link -->
                      </span>
                      <br/>
                      <span>
                        <img src="passed.png" width="3%"/>
                        <a href="#" panel-name="suite-Amazon_End_to_End_Test_Suite" title="testcases.TC13_CouponCode" class="method navigator-link" hash-for-method="performEndToEndOperation">performEndToEndOperation</a> <!-- method navigator-link -->
                      </span>
                      <br/>
                      <span>
                        <img src="passed.png" width="3%"/>
                        <a href="#" panel-name="suite-Amazon_End_to_End_Test_Suite" title="testcases.TC08_ProductSort" class="method navigator-link" hash-for-method="performEndToEndOperation(custreview)">performEndToEndOperation(custreview)</a> <!-- method navigator-link -->
                      </span>
                      <br/>
                      <span>
                        <img src="passed.png" width="3%"/>
                        <a href="#" panel-name="suite-Amazon_End_to_End_Test_Suite" title="testcases.TC15_search_wishlist_cart" class="method navigator-link" hash-for-method="performEndToEndOperation">performEndToEndOperation</a> <!-- method navigator-link -->
                      </span>
                      <br/>
                      <span>
                        <img src="passed.png" width="3%"/>
                        <a href="#" panel-name="suite-Amazon_End_to_End_Test_Suite" title="testcases.TC09_Cart" class="method navigator-link" hash-for-method="performEndToEndOperation">performEndToEndOperation</a> <!-- method navigator-link -->
                      </span>
                      <br/>
                      <span>
                        <img src="passed.png" width="3%"/>
                        <a href="#" panel-name="suite-Amazon_End_to_End_Test_Suite" title="testcases.TC12_SelectEachPaymentMethod" class="method navigator-link" hash-for-method="performEndToEndOperation(emi)">performEndToEndOperation(emi)</a> <!-- method navigator-link -->
                      </span>
                      <br/>
                      <span>
                        <img src="passed.png" width="3%"/>
                        <a href="#" panel-name="suite-Amazon_End_to_End_Test_Suite" title="testcases.TC12_SelectEachPaymentMethod" class="method navigator-link" hash-for-method="performEndToEndOperation(netbanking)">performEndToEndOperation(netbanking)</a> <!-- method navigator-link -->
                      </span>
                      <br/>
                      <span>
                        <img src="passed.png" width="3%"/>
                        <a href="#" panel-name="suite-Amazon_End_to_End_Test_Suite" title="testcases.TC06_SearchFilter" class="method navigator-link" hash-for-method="performEndToEndOperation">performEndToEndOperation</a> <!-- method navigator-link -->
                      </span>
                      <br/>
                      <span>
                        <img src="passed.png" width="3%"/>
                        <a href="#" panel-name="suite-Amazon_End_to_End_Test_Suite" title="testcases.TC02_SuccessfulLogin" class="method navigator-link" hash-for-method="performEndToEndOperation">performEndToEndOperation</a> <!-- method navigator-link -->
                      </span>
                      <br/>
                      <span>
                        <img src="passed.png" width="3%"/>
                        <a href="#" panel-name="suite-Amazon_End_to_End_Test_Suite" title="testcases.TC02_SuccessfulLogin" class="method navigator-link" hash-for-method="performEndToEndOperation">performEndToEndOperation</a> <!-- method navigator-link -->
                      </span>
                      <br/>
                    </div> <!-- method-list-content passed suite-Amazon_End_to_End_Test_Suite -->
                  </li>
                </ul>
              </div> <!-- suite-section-content -->
            </div> <!-- result-section -->
          </div> <!-- navigator-suite-content -->
        </div> <!-- rounded-window -->
      </div> <!-- suite -->
    </div> <!-- navigator-root -->
    <div class="wrapper">
      <div class="main-panel-root">
        <div panel-name="suite-Amazon_End_to_End_Test_Suite" class="panel Amazon_End_to_End_Test_Suite">
          <div class="suite-Amazon_End_to_End_Test_Suite-class-failed">
            <div class="main-panel-header rounded-window-top">
              <img src="failed.png"/>
              <span class="class-name">testcases.TC14_ProductReview</span>
            </div> <!-- main-panel-header rounded-window-top -->
            <div class="main-panel-content rounded-window-bottom">
              <div class="method">
                <div class="method-content">
                  <a name="performEndToEndOperation">
                  </a> <!-- performEndToEndOperation -->
                  <span class="method-name">performEndToEndOperation</span>
                  <div class="stack-trace">org.openqa.selenium.NoSuchElementException: no such element: Unable to locate element: {&quot;method&quot;:&quot;xpath&quot;,&quot;selector&quot;:&quot;(//*[contains(text(),&apos;Write a product review&apos;)])[1]&quot;}
  (Session info: MicrosoftEdge=135.0.3179.73)
For documentation on this error, please visit: https://www.selenium.dev/documentation/webdriver/troubleshooting/errors#no-such-element-exception
Build info: version: &apos;4.28.1&apos;, revision: &apos;73f5ad48a2&apos;
System info: os.name: &apos;Windows 11&apos;, os.arch: &apos;amd64&apos;, os.version: &apos;10.0&apos;, java.version: &apos;21.0.6&apos;
Driver info: org.openqa.selenium.edge.EdgeDriver
Command: [f136c2ff4c4d52f259ab59e3324ae573, findElement {value=(//*[contains(text(),&apos;Write a product review&apos;)])[1], using=xpath}]
Capabilities {acceptInsecureCerts: false, browserName: MicrosoftEdge, browserVersion: 135.0.3179.73, fedcm:accounts: true, ms:edgeOptions: {debuggerAddress: localhost:60510}, msedge: {msedgedriverVersion: 135.0.3179.73 (1aac646e08ad..., userDataDir: C:\Users\ASHUTO~1\AppData\L...}, networkConnectionEnabled: false, pageLoadStrategy: normal, platformName: windows, proxy: Proxy(), se:cdp: ws://localhost:60510/devtoo..., se:cdpVersion: 135.0.3179.73, setWindowRect: true, strictFileInteractability: false, timeouts: {implicit: 0, pageLoad: 300000, script: 30000}, unhandledPromptBehavior: dismiss and notify, webauthn:extension:credBlob: true, webauthn:extension:largeBlob: true, webauthn:extension:minPinLength: true, webauthn:extension:prf: true, webauthn:virtualAuthenticators: true}
Session ID: f136c2ff4c4d52f259ab59e3324ae573
	at org.openqa.selenium.remote.ErrorCodec.decode(ErrorCodec.java:167)
	at org.openqa.selenium.remote.codec.w3c.W3CHttpResponseCodec.decode(W3CHttpResponseCodec.java:138)
	at org.openqa.selenium.remote.codec.w3c.W3CHttpResponseCodec.decode(W3CHttpResponseCodec.java:50)
	at org.openqa.selenium.remote.HttpCommandExecutor.execute(HttpCommandExecutor.java:215)
	at org.openqa.selenium.remote.service.DriverCommandExecutor.invokeExecute(DriverCommandExecutor.java:216)
	at org.openqa.selenium.remote.service.DriverCommandExecutor.execute(DriverCommandExecutor.java:174)
	at org.openqa.selenium.remote.RemoteWebDriver.execute(RemoteWebDriver.java:545)
	at org.openqa.selenium.remote.ElementLocation$ElementFinder$2.findElement(ElementLocation.java:165)
	at org.openqa.selenium.remote.ElementLocation.findElement(ElementLocation.java:59)
	at org.openqa.selenium.remote.RemoteWebDriver.findElement(RemoteWebDriver.java:368)
	at org.openqa.selenium.remote.RemoteWebDriver.findElement(RemoteWebDriver.java:362)
	at org.openqa.selenium.support.pagefactory.DefaultElementLocator.findElement(DefaultElementLocator.java:68)
	at org.openqa.selenium.support.pagefactory.internal.LocatingElementHandler.invoke(LocatingElementHandler.java:38)
	at jdk.proxy2/jdk.proxy2.$Proxy13.click(Unknown Source)
	at pages.YourOrdersPage.selectWriteProductReview(YourOrdersPage.java:54)
	at testcases.TC14_ProductReview.performEndToEndOperation(TC14_ProductReview.java:36)
	at java.base/java.util.ArrayList.forEach(ArrayList.java:1596)
... Removed 32 stack frames
</div> <!-- stack-trace -->
                </div> <!-- method-content -->
              </div> <!-- method -->
            </div> <!-- main-panel-content rounded-window-bottom -->
          </div> <!-- suite-Amazon_End_to_End_Test_Suite-class-failed -->
          <div class="suite-Amazon_End_to_End_Test_Suite-class-failed">
            <div class="main-panel-header rounded-window-top">
              <img src="failed.png"/>
              <span class="class-name">testcases.TC11_EntireCheckoutProcess</span>
            </div> <!-- main-panel-header rounded-window-top -->
            <div class="main-panel-content rounded-window-bottom">
              <div class="method">
                <div class="method-content">
                  <a name="performEndToEndOperation">
                  </a> <!-- performEndToEndOperation -->
                  <span class="method-name">performEndToEndOperation</span>
                  <div class="stack-trace">org.openqa.selenium.TimeoutException: Expected condition failed: waiting for element to be clickable: Proxy element for: DefaultElementLocator &apos;By.xpath: (//input[@type=&apos;radio&apos;])[5]&apos; (tried for 10 second(s) with 500 milliseconds interval)
	at org.openqa.selenium.support.ui.WebDriverWait.timeoutException(WebDriverWait.java:84)
	at org.openqa.selenium.support.ui.FluentWait.until(FluentWait.java:228)
	at pages.CheckoutPage.selectCod(CheckoutPage.java:154)
	at testcases.TC11_EntireCheckoutProcess.performEndToEndOperation(TC11_EntireCheckoutProcess.java:63)
	at java.base/java.util.ArrayList.forEach(ArrayList.java:1596)
Caused by: org.openqa.selenium.NoSuchElementException: no such element: Unable to locate element: {&quot;method&quot;:&quot;xpath&quot;,&quot;selector&quot;:&quot;(//input[@type=&apos;radio&apos;])[5]&quot;}
  (Session info: MicrosoftEdge=135.0.3179.73)
For documentation on this error, please visit: https://www.selenium.dev/documentation/webdriver/troubleshooting/errors#no-such-element-exception
Build info: version: &apos;4.28.1&apos;, revision: &apos;73f5ad48a2&apos;
System info: os.name: &apos;Windows 11&apos;, os.arch: &apos;amd64&apos;, os.version: &apos;10.0&apos;, java.version: &apos;21.0.6&apos;
Driver info: org.openqa.selenium.edge.EdgeDriver
Command: [5c5ab60b9b1f507b58b668369824416e, findElement {value=(//input[@type=&apos;radio&apos;])[5], using=xpath}]
Capabilities {acceptInsecureCerts: false, browserName: MicrosoftEdge, browserVersion: 135.0.3179.73, fedcm:accounts: true, ms:edgeOptions: {debuggerAddress: localhost:58424}, msedge: {msedgedriverVersion: 135.0.3179.73 (1aac646e08ad..., userDataDir: C:\Users\ASHUTO~1\AppData\L...}, networkConnectionEnabled: false, pageLoadStrategy: normal, platformName: windows, proxy: Proxy(), se:cdp: ws://localhost:58424/devtoo..., se:cdpVersion: 135.0.3179.73, setWindowRect: true, strictFileInteractability: false, timeouts: {implicit: 0, pageLoad: 300000, script: 30000}, unhandledPromptBehavior: dismiss and notify, webauthn:extension:credBlob: true, webauthn:extension:largeBlob: true, webauthn:extension:minPinLength: true, webauthn:extension:prf: true, webauthn:virtualAuthenticators: true}
Session ID: 5c5ab60b9b1f507b58b668369824416e
	at org.openqa.selenium.remote.ErrorCodec.decode(ErrorCodec.java:167)
	at org.openqa.selenium.remote.codec.w3c.W3CHttpResponseCodec.decode(W3CHttpResponseCodec.java:138)
	at org.openqa.selenium.remote.codec.w3c.W3CHttpResponseCodec.decode(W3CHttpResponseCodec.java:50)
	at org.openqa.selenium.remote.HttpCommandExecutor.execute(HttpCommandExecutor.java:215)
	at org.openqa.selenium.remote.service.DriverCommandExecutor.invokeExecute(DriverCommandExecutor.java:216)
	at org.openqa.selenium.remote.service.DriverCommandExecutor.execute(DriverCommandExecutor.java:174)
	at org.openqa.selenium.remote.RemoteWebDriver.execute(RemoteWebDriver.java:545)
	at org.openqa.selenium.remote.ElementLocation$ElementFinder$2.findElement(ElementLocation.java:165)
	at org.openqa.selenium.remote.ElementLocation.findElement(ElementLocation.java:59)
	at org.openqa.selenium.remote.RemoteWebDriver.findElement(RemoteWebDriver.java:368)
	at org.openqa.selenium.remote.RemoteWebDriver.findElement(RemoteWebDriver.java:362)
	at org.openqa.selenium.support.pagefactory.DefaultElementLocator.findElement(DefaultElementLocator.java:68)
	at org.openqa.selenium.support.pagefactory.internal.LocatingElementHandler.invoke(LocatingElementHandler.java:38)
	at jdk.proxy2/jdk.proxy2.$Proxy13.isDisplayed(Unknown Source)
	at org.openqa.selenium.support.ui.ExpectedConditions.elementIfVisible(ExpectedConditions.java:304)
	at org.openqa.selenium.support.ui.ExpectedConditions$10.apply(ExpectedConditions.java:290)
	at org.openqa.selenium.support.ui.ExpectedConditions$10.apply(ExpectedConditions.java:287)
	at org.openqa.selenium.support.ui.ExpectedConditions$23.apply(ExpectedConditions.java:656)
	at org.openqa.selenium.support.ui.ExpectedConditions$23.apply(ExpectedConditions.java:652)
	at org.openqa.selenium.support.ui.FluentWait.until(FluentWait.java:203)
	... 32 more
... Removed 32 stack frames
</div> <!-- stack-trace -->
                </div> <!-- method-content -->
              </div> <!-- method -->
            </div> <!-- main-panel-content rounded-window-bottom -->
          </div> <!-- suite-Amazon_End_to_End_Test_Suite-class-failed -->
          <div class="suite-Amazon_End_to_End_Test_Suite-class-skipped">
            <div class="main-panel-header rounded-window-top">
              <img src="skipped.png"/>
              <span class="class-name">testcases.TC12_SelectEachPaymentMethod</span>
            </div> <!-- main-panel-header rounded-window-top -->
            <div class="main-panel-content rounded-window-bottom">
              <div class="method">
                <div class="method-content">
                  <a name="performEndToEndOperation(emi)">
                  </a> <!-- performEndToEndOperation(emi) -->
                  <span class="method-name">performEndToEndOperation</span>
                  <span class="parameters">(emi)</span>
                  <div class="stack-trace">org.openqa.selenium.TimeoutException: Expected condition failed: waiting for visibility of [[EdgeDriver: MicrosoftEdge on windows (17277a2a0148fd994dc2a2903e7b128d)] -&gt; xpath: //span[.=&apos;Sign in&apos;]/parent::a] (tried for 10 second(s) with 500 milliseconds interval)
Build info: version: &apos;4.28.1&apos;, revision: &apos;73f5ad48a2&apos;
System info: os.name: &apos;Windows 11&apos;, os.arch: &apos;amd64&apos;, os.version: &apos;10.0&apos;, java.version: &apos;21.0.6&apos;
Driver info: org.openqa.selenium.edge.EdgeDriver
Capabilities {acceptInsecureCerts: false, browserName: MicrosoftEdge, browserVersion: 135.0.3179.73, fedcm:accounts: true, ms:edgeOptions: {debuggerAddress: localhost:59693}, msedge: {msedgedriverVersion: 135.0.3179.73 (1aac646e08ad..., userDataDir: C:\Users\ASHUTO~1\AppData\L...}, networkConnectionEnabled: false, pageLoadStrategy: normal, platformName: windows, proxy: Proxy(), se:cdp: ws://localhost:59693/devtoo..., se:cdpVersion: 135.0.3179.73, setWindowRect: true, strictFileInteractability: false, timeouts: {implicit: 0, pageLoad: 300000, script: 30000}, unhandledPromptBehavior: dismiss and notify, webauthn:extension:credBlob: true, webauthn:extension:largeBlob: true, webauthn:extension:minPinLength: true, webauthn:extension:prf: true, webauthn:virtualAuthenticators: true}
Session ID: 17277a2a0148fd994dc2a2903e7b128d
	at org.openqa.selenium.support.ui.WebDriverWait.timeoutException(WebDriverWait.java:84)
	at org.openqa.selenium.support.ui.FluentWait.until(FluentWait.java:228)
	at pages.HomePage.signInClick(HomePage.java:71)
	at testcases.TC12_SelectEachPaymentMethod.performEndToEndOperation(TC12_SelectEachPaymentMethod.java:28)
	at java.base/java.util.ArrayList.forEach(ArrayList.java:1596)
... Removed 29 stack frames
</div> <!-- stack-trace -->
                </div> <!-- method-content -->
              </div> <!-- method -->
            </div> <!-- main-panel-content rounded-window-bottom -->
          </div> <!-- suite-Amazon_End_to_End_Test_Suite-class-skipped -->
          <div class="suite-Amazon_End_to_End_Test_Suite-class-skipped">
            <div class="main-panel-header rounded-window-top">
              <img src="skipped.png"/>
              <span class="class-name">testcases.TC14_ProductReview</span>
            </div> <!-- main-panel-header rounded-window-top -->
            <div class="main-panel-content rounded-window-bottom">
              <div class="method">
                <div class="method-content">
                  <a name="performEndToEndOperation">
                  </a> <!-- performEndToEndOperation -->
                  <span class="method-name">performEndToEndOperation</span>
                  <div class="stack-trace">org.openqa.selenium.NoSuchElementException: no such element: Unable to locate element: {&quot;method&quot;:&quot;xpath&quot;,&quot;selector&quot;:&quot;(//*[contains(text(),&apos;Write a product review&apos;)])[1]&quot;}
  (Session info: MicrosoftEdge=135.0.3179.73)
For documentation on this error, please visit: https://www.selenium.dev/documentation/webdriver/troubleshooting/errors#no-such-element-exception
Build info: version: &apos;4.28.1&apos;, revision: &apos;73f5ad48a2&apos;
System info: os.name: &apos;Windows 11&apos;, os.arch: &apos;amd64&apos;, os.version: &apos;10.0&apos;, java.version: &apos;21.0.6&apos;
Driver info: org.openqa.selenium.edge.EdgeDriver
Command: [7e91537bf6554450bce6321f35349c5e, findElement {value=(//*[contains(text(),&apos;Write a product review&apos;)])[1], using=xpath}]
Capabilities {acceptInsecureCerts: false, browserName: MicrosoftEdge, browserVersion: 135.0.3179.73, fedcm:accounts: true, ms:edgeOptions: {debuggerAddress: localhost:60377}, msedge: {msedgedriverVersion: 135.0.3179.73 (1aac646e08ad..., userDataDir: C:\Users\ASHUTO~1\AppData\L...}, networkConnectionEnabled: false, pageLoadStrategy: normal, platformName: windows, proxy: Proxy(), se:cdp: ws://localhost:60377/devtoo..., se:cdpVersion: 135.0.3179.73, setWindowRect: true, strictFileInteractability: false, timeouts: {implicit: 0, pageLoad: 300000, script: 30000}, unhandledPromptBehavior: dismiss and notify, webauthn:extension:credBlob: true, webauthn:extension:largeBlob: true, webauthn:extension:minPinLength: true, webauthn:extension:prf: true, webauthn:virtualAuthenticators: true}
Session ID: 7e91537bf6554450bce6321f35349c5e
	at org.openqa.selenium.remote.ErrorCodec.decode(ErrorCodec.java:167)
	at org.openqa.selenium.remote.codec.w3c.W3CHttpResponseCodec.decode(W3CHttpResponseCodec.java:138)
	at org.openqa.selenium.remote.codec.w3c.W3CHttpResponseCodec.decode(W3CHttpResponseCodec.java:50)
	at org.openqa.selenium.remote.HttpCommandExecutor.execute(HttpCommandExecutor.java:215)
	at org.openqa.selenium.remote.service.DriverCommandExecutor.invokeExecute(DriverCommandExecutor.java:216)
	at org.openqa.selenium.remote.service.DriverCommandExecutor.execute(DriverCommandExecutor.java:174)
	at org.openqa.selenium.remote.RemoteWebDriver.execute(RemoteWebDriver.java:545)
	at org.openqa.selenium.remote.ElementLocation$ElementFinder$2.findElement(ElementLocation.java:165)
	at org.openqa.selenium.remote.ElementLocation.findElement(ElementLocation.java:59)
	at org.openqa.selenium.remote.RemoteWebDriver.findElement(RemoteWebDriver.java:368)
	at org.openqa.selenium.remote.RemoteWebDriver.findElement(RemoteWebDriver.java:362)
	at org.openqa.selenium.support.pagefactory.DefaultElementLocator.findElement(DefaultElementLocator.java:68)
	at org.openqa.selenium.support.pagefactory.internal.LocatingElementHandler.invoke(LocatingElementHandler.java:38)
	at jdk.proxy2/jdk.proxy2.$Proxy13.click(Unknown Source)
	at pages.YourOrdersPage.selectWriteProductReview(YourOrdersPage.java:54)
	at testcases.TC14_ProductReview.performEndToEndOperation(TC14_ProductReview.java:36)
	at java.base/java.util.ArrayList.forEach(ArrayList.java:1596)
... Removed 32 stack frames
</div> <!-- stack-trace -->
                </div> <!-- method-content -->
              </div> <!-- method -->
              <div class="method">
                <div class="method-content">
                  <a name="performEndToEndOperation">
                  </a> <!-- performEndToEndOperation -->
                  <span class="method-name">performEndToEndOperation</span>
                  <div class="stack-trace">org.openqa.selenium.NoSuchElementException: no such element: Unable to locate element: {&quot;method&quot;:&quot;xpath&quot;,&quot;selector&quot;:&quot;(//*[contains(text(),&apos;Write a product review&apos;)])[1]&quot;}
  (Session info: MicrosoftEdge=135.0.3179.73)
For documentation on this error, please visit: https://www.selenium.dev/documentation/webdriver/troubleshooting/errors#no-such-element-exception
Build info: version: &apos;4.28.1&apos;, revision: &apos;73f5ad48a2&apos;
System info: os.name: &apos;Windows 11&apos;, os.arch: &apos;amd64&apos;, os.version: &apos;10.0&apos;, java.version: &apos;21.0.6&apos;
Driver info: org.openqa.selenium.edge.EdgeDriver
Command: [57d3ae871246737cf382958aa1315df7, findElement {value=(//*[contains(text(),&apos;Write a product review&apos;)])[1], using=xpath}]
Capabilities {acceptInsecureCerts: false, browserName: MicrosoftEdge, browserVersion: 135.0.3179.73, fedcm:accounts: true, ms:edgeOptions: {debuggerAddress: localhost:60148}, msedge: {msedgedriverVersion: 135.0.3179.73 (1aac646e08ad..., userDataDir: C:\Users\ASHUTO~1\AppData\L...}, networkConnectionEnabled: false, pageLoadStrategy: normal, platformName: windows, proxy: Proxy(), se:cdp: ws://localhost:60148/devtoo..., se:cdpVersion: 135.0.3179.73, setWindowRect: true, strictFileInteractability: false, timeouts: {implicit: 0, pageLoad: 300000, script: 30000}, unhandledPromptBehavior: dismiss and notify, webauthn:extension:credBlob: true, webauthn:extension:largeBlob: true, webauthn:extension:minPinLength: true, webauthn:extension:prf: true, webauthn:virtualAuthenticators: true}
Session ID: 57d3ae871246737cf382958aa1315df7
	at org.openqa.selenium.remote.ErrorCodec.decode(ErrorCodec.java:167)
	at org.openqa.selenium.remote.codec.w3c.W3CHttpResponseCodec.decode(W3CHttpResponseCodec.java:138)
	at org.openqa.selenium.remote.codec.w3c.W3CHttpResponseCodec.decode(W3CHttpResponseCodec.java:50)
	at org.openqa.selenium.remote.HttpCommandExecutor.execute(HttpCommandExecutor.java:215)
	at org.openqa.selenium.remote.service.DriverCommandExecutor.invokeExecute(DriverCommandExecutor.java:216)
	at org.openqa.selenium.remote.service.DriverCommandExecutor.execute(DriverCommandExecutor.java:174)
	at org.openqa.selenium.remote.RemoteWebDriver.execute(RemoteWebDriver.java:545)
	at org.openqa.selenium.remote.ElementLocation$ElementFinder$2.findElement(ElementLocation.java:165)
	at org.openqa.selenium.remote.ElementLocation.findElement(ElementLocation.java:59)
	at org.openqa.selenium.remote.RemoteWebDriver.findElement(RemoteWebDriver.java:368)
	at org.openqa.selenium.remote.RemoteWebDriver.findElement(RemoteWebDriver.java:362)
	at org.openqa.selenium.support.pagefactory.DefaultElementLocator.findElement(DefaultElementLocator.java:68)
	at org.openqa.selenium.support.pagefactory.internal.LocatingElementHandler.invoke(LocatingElementHandler.java:38)
	at jdk.proxy2/jdk.proxy2.$Proxy13.click(Unknown Source)
	at pages.YourOrdersPage.selectWriteProductReview(YourOrdersPage.java:54)
	at testcases.TC14_ProductReview.performEndToEndOperation(TC14_ProductReview.java:36)
	at java.base/java.util.ArrayList.forEach(ArrayList.java:1596)
... Removed 32 stack frames
</div> <!-- stack-trace -->
                </div> <!-- method-content -->
              </div> <!-- method -->
            </div> <!-- main-panel-content rounded-window-bottom -->
          </div> <!-- suite-Amazon_End_to_End_Test_Suite-class-skipped -->
          <div class="suite-Amazon_End_to_End_Test_Suite-class-skipped">
            <div class="main-panel-header rounded-window-top">
              <img src="skipped.png"/>
              <span class="class-name">testcases.TC02_SuccessfulLogin</span>
            </div> <!-- main-panel-header rounded-window-top -->
            <div class="main-panel-content rounded-window-bottom">
              <div class="method">
                <div class="method-content">
                  <a name="performEndToEndOperation">
                  </a> <!-- performEndToEndOperation -->
                  <span class="method-name">performEndToEndOperation</span>
                  <div class="stack-trace">org.openqa.selenium.json.JsonException: java.lang.reflect.InvocationTargetException
Build info: version: &apos;4.28.1&apos;, revision: &apos;73f5ad48a2&apos;
System info: os.name: &apos;Windows 11&apos;, os.arch: &apos;amd64&apos;, os.version: &apos;10.0&apos;, java.version: &apos;21.0.6&apos;
Driver info: org.openqa.selenium.chrome.ChromeDriver
Command: [88e8a6ae1627a4812c47672584609f72, actions {actions=[org.openqa.selenium.interactions.Sequence@9cdf13e]}]
Capabilities {acceptInsecureCerts: false, browserName: chrome, browserVersion: 135.0.7049.85, chrome: {chromedriverVersion: 135.0.7049.84 (6c019e560019..., userDataDir: C:\Users\ASHUTO~1\AppData\L...}, fedcm:accounts: true, goog:chromeOptions: {debuggerAddress: localhost:60847}, networkConnectionEnabled: false, pageLoadStrategy: normal, platformName: windows, proxy: Proxy(), se:cdp: ws://localhost:60847/devtoo..., se:cdpVersion: 135.0.7049.85, setWindowRect: true, strictFileInteractability: false, timeouts: {implicit: 0, pageLoad: 300000, script: 30000}, unhandledPromptBehavior: dismiss and notify, webauthn:extension:credBlob: true, webauthn:extension:largeBlob: true, webauthn:extension:minPinLength: true, webauthn:extension:prf: true, webauthn:virtualAuthenticators: true}
Session ID: 88e8a6ae1627a4812c47672584609f72
	at org.openqa.selenium.json.JsonOutput.convertUsingMethod(JsonOutput.java:520)
	at org.openqa.selenium.json.JsonOutput.lambda$new$16(JsonOutput.java:182)
	at org.openqa.selenium.json.JsonOutput.write0(JsonOutput.java:409)
	at org.openqa.selenium.json.JsonOutput.lambda$new$22(JsonOutput.java:204)
	at java.base/java.util.stream.ForEachOps$ForEachOp$OfRef.accept(ForEachOps.java:184)
	at java.base/java.util.stream.ReferencePipeline$2$1.accept(ReferencePipeline.java:179)
	at java.base/java.util.Iterator.forEachRemaining(Iterator.java:133)
	at java.base/java.util.Spliterators$IteratorSpliterator.forEachRemaining(Spliterators.java:1939)
	at java.base/java.util.stream.AbstractPipeline.copyInto(AbstractPipeline.java:509)
	at java.base/java.util.stream.AbstractPipeline.wrapAndCopyInto(AbstractPipeline.java:499)
	at java.base/java.util.stream.ForEachOps$ForEachOp.evaluateSequential(ForEachOps.java:151)
	at java.base/java.util.stream.ForEachOps$ForEachOp$OfRef.evaluateSequential(ForEachOps.java:174)
	at java.base/java.util.stream.AbstractPipeline.evaluate(AbstractPipeline.java:234)
	at java.base/java.util.stream.ReferencePipeline.forEach(ReferencePipeline.java:596)
	at org.openqa.selenium.json.JsonOutput.lambda$new$23(JsonOutput.java:204)
	at org.openqa.selenium.json.JsonOutput.write0(JsonOutput.java:409)
	at org.openqa.selenium.json.JsonOutput.lambda$new$24(JsonOutput.java:222)
	at java.base/java.util.Map.forEach(Map.java:733)
	at org.openqa.selenium.json.JsonOutput.lambda$new$25(JsonOutput.java:217)
	at org.openqa.selenium.json.JsonOutput.write0(JsonOutput.java:409)
	at org.openqa.selenium.json.JsonOutput.write(JsonOutput.java:400)
	at org.openqa.selenium.json.Json.toJson(Json.java:133)
	at org.openqa.selenium.json.Json.toJson(Json.java:119)
	at org.openqa.selenium.remote.codec.AbstractHttpCommandCodec.encode(AbstractHttpCommandCodec.java:246)
	at org.openqa.selenium.remote.codec.AbstractHttpCommandCodec.encode(AbstractHttpCommandCodec.java:111)
	at org.openqa.selenium.remote.HttpCommandExecutor.execute(HttpCommandExecutor.java:203)
	at org.openqa.selenium.remote.service.DriverCommandExecutor.invokeExecute(DriverCommandExecutor.java:216)
	at org.openqa.selenium.remote.service.DriverCommandExecutor.execute(DriverCommandExecutor.java:174)
	at org.openqa.selenium.remote.RemoteWebDriver.execute(RemoteWebDriver.java:545)
	at org.openqa.selenium.remote.RemoteWebDriver.perform(RemoteWebDriver.java:631)
	at org.openqa.selenium.interactions.Actions$BuiltAction.perform(Actions.java:616)
	at org.openqa.selenium.interactions.Actions.perform(Actions.java:581)
	at pages.HomePage.hoverover(HomePage.java:56)
	at testcases.TC02_SuccessfulLogin.performEndToEndOperation(TC02_SuccessfulLogin.java:23)
	at java.base/java.util.ArrayList.forEach(ArrayList.java:1596)
	Suppressed: org.openqa.selenium.json.JsonException: Attempting to close incomplete json stream
Build info: version: &apos;4.28.1&apos;, revision: &apos;73f5ad48a2&apos;
System info: os.name: &apos;Windows 11&apos;, os.arch: &apos;amd64&apos;, os.version: &apos;10.0&apos;, java.version: &apos;21.0.6&apos;
Driver info: driver.version: RemoteWebDriver
		at org.openqa.selenium.json.JsonOutput.close(JsonOutput.java:431)
		at org.openqa.selenium.json.Json.toJson(Json.java:131)
		... 42 more
	at org.openqa.selenium.json.JsonOutput.convertUsingMethod(JsonOutput.java:516)
	... 63 more
Caused by: org.openqa.selenium.NoSuchElementException: no such element: Unable to locate element: {&quot;method&quot;:&quot;xpath&quot;,&quot;selector&quot;:&quot;//span[@class=&apos;nav-line-2 &apos;]&quot;}
  (Session info: chrome=135.0.7049.85)
For documentation on this error, please visit: https://www.selenium.dev/documentation/webdriver/troubleshooting/errors#no-such-element-exception
Build info: version: &apos;4.28.1&apos;, revision: &apos;73f5ad48a2&apos;
System info: os.name: &apos;Windows 11&apos;, os.arch: &apos;amd64&apos;, os.version: &apos;10.0&apos;, java.version: &apos;21.0.6&apos;
Driver info: org.openqa.selenium.chrome.ChromeDriver
Command: [88e8a6ae1627a4812c47672584609f72, findElement {value=//span[@class=&apos;nav-line-2 &apos;], using=xpath}]
Capabilities {acceptInsecureCerts: false, browserName: chrome, browserVersion: 135.0.7049.85, chrome: {chromedriverVersion: 135.0.7049.84 (6c019e560019..., userDataDir: C:\Users\ASHUTO~1\AppData\L...}, fedcm:accounts: true, goog:chromeOptions: {debuggerAddress: localhost:60847}, networkConnectionEnabled: false, pageLoadStrategy: normal, platformName: windows, proxy: Proxy(), se:cdp: ws://localhost:60847/devtoo..., se:cdpVersion: 135.0.7049.85, setWindowRect: true, strictFileInteractability: false, timeouts: {implicit: 0, pageLoad: 300000, script: 30000}, unhandledPromptBehavior: dismiss and notify, webauthn:extension:credBlob: true, webauthn:extension:largeBlob: true, webauthn:extension:minPinLength: true, webauthn:extension:prf: true, webauthn:virtualAuthenticators: true}
Session ID: 88e8a6ae1627a4812c47672584609f72
	at org.openqa.selenium.remote.ErrorCodec.decode(ErrorCodec.java:167)
	at org.openqa.selenium.remote.codec.w3c.W3CHttpResponseCodec.decode(W3CHttpResponseCodec.java:138)
	at org.openqa.selenium.remote.codec.w3c.W3CHttpResponseCodec.decode(W3CHttpResponseCodec.java:50)
	at org.openqa.selenium.remote.HttpCommandExecutor.execute(HttpCommandExecutor.java:215)
	at org.openqa.selenium.remote.service.DriverCommandExecutor.invokeExecute(DriverCommandExecutor.java:216)
	at org.openqa.selenium.remote.service.DriverCommandExecutor.execute(DriverCommandExecutor.java:174)
	at org.openqa.selenium.remote.RemoteWebDriver.execute(RemoteWebDriver.java:545)
	at org.openqa.selenium.remote.ElementLocation$ElementFinder$2.findElement(ElementLocation.java:165)
	at org.openqa.selenium.remote.ElementLocation.findElement(ElementLocation.java:59)
	at org.openqa.selenium.remote.RemoteWebDriver.findElement(RemoteWebDriver.java:368)
	at org.openqa.selenium.remote.RemoteWebDriver.findElement(RemoteWebDriver.java:362)
	at org.openqa.selenium.support.pagefactory.DefaultElementLocator.findElement(DefaultElementLocator.java:68)
	at org.openqa.selenium.support.pagefactory.internal.LocatingElementHandler.invoke(LocatingElementHandler.java:38)
	at jdk.proxy2/jdk.proxy2.$Proxy13.getWrappedElement(Unknown Source)
	at org.openqa.selenium.interactions.PointerInput$Origin.asArg(PointerInput.java:262)
	at org.openqa.selenium.interactions.PointerInput$Move.encode(PointerInput.java:211)
	at org.openqa.selenium.interactions.Sequence.encode(Sequence.java:74)
	at org.openqa.selenium.interactions.Sequence.toJson(Sequence.java:83)
	... 65 more
... Removed 36 stack frames
</div> <!-- stack-trace -->
                </div> <!-- method-content -->
              </div> <!-- method -->
            </div> <!-- main-panel-content rounded-window-bottom -->
          </div> <!-- suite-Amazon_End_to_End_Test_Suite-class-skipped -->
          <div class="suite-Amazon_End_to_End_Test_Suite-class-skipped">
            <div class="main-panel-header rounded-window-top">
              <img src="skipped.png"/>
              <span class="class-name">testcases.TC11_EntireCheckoutProcess</span>
            </div> <!-- main-panel-header rounded-window-top -->
            <div class="main-panel-content rounded-window-bottom">
              <div class="method">
                <div class="method-content">
                  <a name="performEndToEndOperation">
                  </a> <!-- performEndToEndOperation -->
                  <span class="method-name">performEndToEndOperation</span>
                  <div class="stack-trace">org.openqa.selenium.TimeoutException: Expected condition failed: waiting for element to be clickable: Proxy element for: DefaultElementLocator &apos;By.xpath: (//input[@type=&apos;radio&apos;])[5]&apos; (tried for 10 second(s) with 500 milliseconds interval)
	at org.openqa.selenium.support.ui.WebDriverWait.timeoutException(WebDriverWait.java:84)
	at org.openqa.selenium.support.ui.FluentWait.until(FluentWait.java:228)
	at pages.CheckoutPage.selectCod(CheckoutPage.java:154)
	at testcases.TC11_EntireCheckoutProcess.performEndToEndOperation(TC11_EntireCheckoutProcess.java:63)
	at java.base/java.util.ArrayList.forEach(ArrayList.java:1596)
Caused by: org.openqa.selenium.NoSuchElementException: no such element: Unable to locate element: {&quot;method&quot;:&quot;xpath&quot;,&quot;selector&quot;:&quot;(//input[@type=&apos;radio&apos;])[5]&quot;}
  (Session info: MicrosoftEdge=135.0.3179.73)
For documentation on this error, please visit: https://www.selenium.dev/documentation/webdriver/troubleshooting/errors#no-such-element-exception
Build info: version: &apos;4.28.1&apos;, revision: &apos;73f5ad48a2&apos;
System info: os.name: &apos;Windows 11&apos;, os.arch: &apos;amd64&apos;, os.version: &apos;10.0&apos;, java.version: &apos;21.0.6&apos;
Driver info: org.openqa.selenium.edge.EdgeDriver
Command: [94b78ed7841be3783d9ad8ee63353755, findElement {value=(//input[@type=&apos;radio&apos;])[5], using=xpath}]
Capabilities {acceptInsecureCerts: false, browserName: MicrosoftEdge, browserVersion: 135.0.3179.73, fedcm:accounts: true, ms:edgeOptions: {debuggerAddress: localhost:57628}, msedge: {msedgedriverVersion: 135.0.3179.73 (1aac646e08ad..., userDataDir: C:\Users\ASHUTO~1\AppData\L...}, networkConnectionEnabled: false, pageLoadStrategy: normal, platformName: windows, proxy: Proxy(), se:cdp: ws://localhost:57628/devtoo..., se:cdpVersion: 135.0.3179.73, setWindowRect: true, strictFileInteractability: false, timeouts: {implicit: 0, pageLoad: 300000, script: 30000}, unhandledPromptBehavior: dismiss and notify, webauthn:extension:credBlob: true, webauthn:extension:largeBlob: true, webauthn:extension:minPinLength: true, webauthn:extension:prf: true, webauthn:virtualAuthenticators: true}
Session ID: 94b78ed7841be3783d9ad8ee63353755
	at org.openqa.selenium.remote.ErrorCodec.decode(ErrorCodec.java:167)
	at org.openqa.selenium.remote.codec.w3c.W3CHttpResponseCodec.decode(W3CHttpResponseCodec.java:138)
	at org.openqa.selenium.remote.codec.w3c.W3CHttpResponseCodec.decode(W3CHttpResponseCodec.java:50)
	at org.openqa.selenium.remote.HttpCommandExecutor.execute(HttpCommandExecutor.java:215)
	at org.openqa.selenium.remote.service.DriverCommandExecutor.invokeExecute(DriverCommandExecutor.java:216)
	at org.openqa.selenium.remote.service.DriverCommandExecutor.execute(DriverCommandExecutor.java:174)
	at org.openqa.selenium.remote.RemoteWebDriver.execute(RemoteWebDriver.java:545)
	at org.openqa.selenium.remote.ElementLocation$ElementFinder$2.findElement(ElementLocation.java:165)
	at org.openqa.selenium.remote.ElementLocation.findElement(ElementLocation.java:59)
	at org.openqa.selenium.remote.RemoteWebDriver.findElement(RemoteWebDriver.java:368)
	at org.openqa.selenium.remote.RemoteWebDriver.findElement(RemoteWebDriver.java:362)
	at org.openqa.selenium.support.pagefactory.DefaultElementLocator.findElement(DefaultElementLocator.java:68)
	at org.openqa.selenium.support.pagefactory.internal.LocatingElementHandler.invoke(LocatingElementHandler.java:38)
	at jdk.proxy2/jdk.proxy2.$Proxy13.isDisplayed(Unknown Source)
	at org.openqa.selenium.support.ui.ExpectedConditions.elementIfVisible(ExpectedConditions.java:304)
	at org.openqa.selenium.support.ui.ExpectedConditions$10.apply(ExpectedConditions.java:290)
	at org.openqa.selenium.support.ui.ExpectedConditions$10.apply(ExpectedConditions.java:287)
	at org.openqa.selenium.support.ui.ExpectedConditions$23.apply(ExpectedConditions.java:656)
	at org.openqa.selenium.support.ui.ExpectedConditions$23.apply(ExpectedConditions.java:652)
	at org.openqa.selenium.support.ui.FluentWait.until(FluentWait.java:203)
	... 32 more
... Removed 32 stack frames
</div> <!-- stack-trace -->
                </div> <!-- method-content -->
              </div> <!-- method -->
              <div class="method">
                <div class="method-content">
                  <a name="performEndToEndOperation">
                  </a> <!-- performEndToEndOperation -->
                  <span class="method-name">performEndToEndOperation</span>
                  <div class="stack-trace">org.openqa.selenium.TimeoutException: Expected condition failed: waiting for element to be clickable: Proxy element for: DefaultElementLocator &apos;By.xpath: (//input[@type=&apos;radio&apos;])[5]&apos; (tried for 10 second(s) with 500 milliseconds interval)
	at org.openqa.selenium.support.ui.WebDriverWait.timeoutException(WebDriverWait.java:84)
	at org.openqa.selenium.support.ui.FluentWait.until(FluentWait.java:228)
	at pages.CheckoutPage.selectCod(CheckoutPage.java:154)
	at testcases.TC11_EntireCheckoutProcess.performEndToEndOperation(TC11_EntireCheckoutProcess.java:63)
	at java.base/java.util.ArrayList.forEach(ArrayList.java:1596)
Caused by: org.openqa.selenium.NoSuchElementException: no such element: Unable to locate element: {&quot;method&quot;:&quot;xpath&quot;,&quot;selector&quot;:&quot;(//input[@type=&apos;radio&apos;])[5]&quot;}
  (Session info: MicrosoftEdge=135.0.3179.73)
For documentation on this error, please visit: https://www.selenium.dev/documentation/webdriver/troubleshooting/errors#no-such-element-exception
Build info: version: &apos;4.28.1&apos;, revision: &apos;73f5ad48a2&apos;
System info: os.name: &apos;Windows 11&apos;, os.arch: &apos;amd64&apos;, os.version: &apos;10.0&apos;, java.version: &apos;21.0.6&apos;
Driver info: org.openqa.selenium.edge.EdgeDriver
Command: [3c315b8fd715ead8253829889bf9dc23, findElement {value=(//input[@type=&apos;radio&apos;])[5], using=xpath}]
Capabilities {acceptInsecureCerts: false, browserName: MicrosoftEdge, browserVersion: 135.0.3179.73, fedcm:accounts: true, ms:edgeOptions: {debuggerAddress: localhost:57994}, msedge: {msedgedriverVersion: 135.0.3179.73 (1aac646e08ad..., userDataDir: C:\Users\ASHUTO~1\AppData\L...}, networkConnectionEnabled: false, pageLoadStrategy: normal, platformName: windows, proxy: Proxy(), se:cdp: ws://localhost:57994/devtoo..., se:cdpVersion: 135.0.3179.73, setWindowRect: true, strictFileInteractability: false, timeouts: {implicit: 0, pageLoad: 300000, script: 30000}, unhandledPromptBehavior: dismiss and notify, webauthn:extension:credBlob: true, webauthn:extension:largeBlob: true, webauthn:extension:minPinLength: true, webauthn:extension:prf: true, webauthn:virtualAuthenticators: true}
Session ID: 3c315b8fd715ead8253829889bf9dc23
	at org.openqa.selenium.remote.ErrorCodec.decode(ErrorCodec.java:167)
	at org.openqa.selenium.remote.codec.w3c.W3CHttpResponseCodec.decode(W3CHttpResponseCodec.java:138)
	at org.openqa.selenium.remote.codec.w3c.W3CHttpResponseCodec.decode(W3CHttpResponseCodec.java:50)
	at org.openqa.selenium.remote.HttpCommandExecutor.execute(HttpCommandExecutor.java:215)
	at org.openqa.selenium.remote.service.DriverCommandExecutor.invokeExecute(DriverCommandExecutor.java:216)
	at org.openqa.selenium.remote.service.DriverCommandExecutor.execute(DriverCommandExecutor.java:174)
	at org.openqa.selenium.remote.RemoteWebDriver.execute(RemoteWebDriver.java:545)
	at org.openqa.selenium.remote.ElementLocation$ElementFinder$2.findElement(ElementLocation.java:165)
	at org.openqa.selenium.remote.ElementLocation.findElement(ElementLocation.java:59)
	at org.openqa.selenium.remote.RemoteWebDriver.findElement(RemoteWebDriver.java:368)
	at org.openqa.selenium.remote.RemoteWebDriver.findElement(RemoteWebDriver.java:362)
	at org.openqa.selenium.support.pagefactory.DefaultElementLocator.findElement(DefaultElementLocator.java:68)
	at org.openqa.selenium.support.pagefactory.internal.LocatingElementHandler.invoke(LocatingElementHandler.java:38)
	at jdk.proxy2/jdk.proxy2.$Proxy13.isDisplayed(Unknown Source)
	at org.openqa.selenium.support.ui.ExpectedConditions.elementIfVisible(ExpectedConditions.java:304)
	at org.openqa.selenium.support.ui.ExpectedConditions$10.apply(ExpectedConditions.java:290)
	at org.openqa.selenium.support.ui.ExpectedConditions$10.apply(ExpectedConditions.java:287)
	at org.openqa.selenium.support.ui.ExpectedConditions$23.apply(ExpectedConditions.java:656)
	at org.openqa.selenium.support.ui.ExpectedConditions$23.apply(ExpectedConditions.java:652)
	at org.openqa.selenium.support.ui.FluentWait.until(FluentWait.java:203)
	... 32 more
... Removed 32 stack frames
</div> <!-- stack-trace -->
                </div> <!-- method-content -->
              </div> <!-- method -->
            </div> <!-- main-panel-content rounded-window-bottom -->
          </div> <!-- suite-Amazon_End_to_End_Test_Suite-class-skipped -->
          <div class="suite-Amazon_End_to_End_Test_Suite-class-passed">
            <div class="main-panel-header rounded-window-top">
              <img src="passed.png"/>
              <span class="class-name">testcases.TC05_SearchPage</span>
            </div> <!-- main-panel-header rounded-window-top -->
            <div class="main-panel-content rounded-window-bottom">
              <div class="method">
                <div class="method-content">
                  <a name="performEndToEndOperation">
                  </a> <!-- performEndToEndOperation -->
                  <span class="method-name">performEndToEndOperation</span>
                </div> <!-- method-content -->
              </div> <!-- method -->
            </div> <!-- main-panel-content rounded-window-bottom -->
          </div> <!-- suite-Amazon_End_to_End_Test_Suite-class-passed -->
          <div class="suite-Amazon_End_to_End_Test_Suite-class-passed">
            <div class="main-panel-header rounded-window-top">
              <img src="passed.png"/>
              <span class="class-name">testcases.TC01_NewUser</span>
            </div> <!-- main-panel-header rounded-window-top -->
            <div class="main-panel-content rounded-window-bottom">
              <div class="method">
                <div class="method-content">
                  <a name="performEndToEndOperation">
                  </a> <!-- performEndToEndOperation -->
                  <span class="method-name">performEndToEndOperation</span>
                </div> <!-- method-content -->
              </div> <!-- method -->
            </div> <!-- main-panel-content rounded-window-bottom -->
          </div> <!-- suite-Amazon_End_to_End_Test_Suite-class-passed -->
          <div class="suite-Amazon_End_to_End_Test_Suite-class-passed">
            <div class="main-panel-header rounded-window-top">
              <img src="passed.png"/>
              <span class="class-name">testcases.TC12_SelectEachPaymentMethod</span>
            </div> <!-- main-panel-header rounded-window-top -->
            <div class="main-panel-content rounded-window-bottom">
              <div class="method">
                <div class="method-content">
                  <a name="performEndToEndOperation(creditcard)">
                  </a> <!-- performEndToEndOperation(creditcard) -->
                  <span class="method-name">performEndToEndOperation</span>
                  <span class="parameters">(creditcard)</span>
                </div> <!-- method-content -->
              </div> <!-- method -->
              <div class="method">
                <div class="method-content">
                  <a name="performEndToEndOperation(otherupi)">
                  </a> <!-- performEndToEndOperation(otherupi) -->
                  <span class="method-name">performEndToEndOperation</span>
                  <span class="parameters">(otherupi)</span>
                </div> <!-- method-content -->
              </div> <!-- method -->
              <div class="method">
                <div class="method-content">
                  <a name="performEndToEndOperation(emi)">
                  </a> <!-- performEndToEndOperation(emi) -->
                  <span class="method-name">performEndToEndOperation</span>
                  <span class="parameters">(emi)</span>
                </div> <!-- method-content -->
              </div> <!-- method -->
              <div class="method">
                <div class="method-content">
                  <a name="performEndToEndOperation(netbanking)">
                  </a> <!-- performEndToEndOperation(netbanking) -->
                  <span class="method-name">performEndToEndOperation</span>
                  <span class="parameters">(netbanking)</span>
                </div> <!-- method-content -->
              </div> <!-- method -->
            </div> <!-- main-panel-content rounded-window-bottom -->
          </div> <!-- suite-Amazon_End_to_End_Test_Suite-class-passed -->
          <div class="suite-Amazon_End_to_End_Test_Suite-class-passed">
            <div class="main-panel-header rounded-window-top">
              <img src="passed.png"/>
              <span class="class-name">testcases.TC15_search_wishlist_cart</span>
            </div> <!-- main-panel-header rounded-window-top -->
            <div class="main-panel-content rounded-window-bottom">
              <div class="method">
                <div class="method-content">
                  <a name="performEndToEndOperation">
                  </a> <!-- performEndToEndOperation -->
                  <span class="method-name">performEndToEndOperation</span>
                </div> <!-- method-content -->
              </div> <!-- method -->
            </div> <!-- main-panel-content rounded-window-bottom -->
          </div> <!-- suite-Amazon_End_to_End_Test_Suite-class-passed -->
          <div class="suite-Amazon_End_to_End_Test_Suite-class-passed">
            <div class="main-panel-header rounded-window-top">
              <img src="passed.png"/>
              <span class="class-name">testcases.TC09_Cart</span>
            </div> <!-- main-panel-header rounded-window-top -->
            <div class="main-panel-content rounded-window-bottom">
              <div class="method">
                <div class="method-content">
                  <a name="performEndToEndOperation">
                  </a> <!-- performEndToEndOperation -->
                  <span class="method-name">performEndToEndOperation</span>
                </div> <!-- method-content -->
              </div> <!-- method -->
            </div> <!-- main-panel-content rounded-window-bottom -->
          </div> <!-- suite-Amazon_End_to_End_Test_Suite-class-passed -->
          <div class="suite-Amazon_End_to_End_Test_Suite-class-passed">
            <div class="main-panel-header rounded-window-top">
              <img src="passed.png"/>
              <span class="class-name">testcases.TC02_SuccessfulLogin</span>
            </div> <!-- main-panel-header rounded-window-top -->
            <div class="main-panel-content rounded-window-bottom">
              <div class="method">
                <div class="method-content">
                  <a name="performEndToEndOperation">
                  </a> <!-- performEndToEndOperation -->
                  <span class="method-name">performEndToEndOperation</span>
                </div> <!-- method-content -->
              </div> <!-- method -->
              <div class="method">
                <div class="method-content">
                  <a name="performEndToEndOperation">
                  </a> <!-- performEndToEndOperation -->
                  <span class="method-name">performEndToEndOperation</span>
                </div> <!-- method-content -->
              </div> <!-- method -->
              <div class="method">
                <div class="method-content">
                  <a name="performEndToEndOperation">
                  </a> <!-- performEndToEndOperation -->
                  <span class="method-name">performEndToEndOperation</span>
                </div> <!-- method-content -->
              </div> <!-- method -->
            </div> <!-- main-panel-content rounded-window-bottom -->
          </div> <!-- suite-Amazon_End_to_End_Test_Suite-class-passed -->
          <div class="suite-Amazon_End_to_End_Test_Suite-class-passed">
            <div class="main-panel-header rounded-window-top">
              <img src="passed.png"/>
              <span class="class-name">testcases.TC06_SearchFilter</span>
            </div> <!-- main-panel-header rounded-window-top -->
            <div class="main-panel-content rounded-window-bottom">
              <div class="method">
                <div class="method-content">
                  <a name="performEndToEndOperation">
                  </a> <!-- performEndToEndOperation -->
                  <span class="method-name">performEndToEndOperation</span>
                </div> <!-- method-content -->
              </div> <!-- method -->
            </div> <!-- main-panel-content rounded-window-bottom -->
          </div> <!-- suite-Amazon_End_to_End_Test_Suite-class-passed -->
          <div class="suite-Amazon_End_to_End_Test_Suite-class-passed">
            <div class="main-panel-header rounded-window-top">
              <img src="passed.png"/>
              <span class="class-name">testcases.TC03_LoginFailed</span>
            </div> <!-- main-panel-header rounded-window-top -->
            <div class="main-panel-content rounded-window-bottom">
              <div class="method">
                <div class="method-content">
                  <a name="performEndToEndOperation">
                  </a> <!-- performEndToEndOperation -->
                  <span class="method-name">performEndToEndOperation</span>
                </div> <!-- method-content -->
              </div> <!-- method -->
            </div> <!-- main-panel-content rounded-window-bottom -->
          </div> <!-- suite-Amazon_End_to_End_Test_Suite-class-passed -->
          <div class="suite-Amazon_End_to_End_Test_Suite-class-passed">
            <div class="main-panel-header rounded-window-top">
              <img src="passed.png"/>
              <span class="class-name">testcases.TC04_ProfileInfoUpdate</span>
            </div> <!-- main-panel-header rounded-window-top -->
            <div class="main-panel-content rounded-window-bottom">
              <div class="method">
                <div class="method-content">
                  <a name="performEndToEndOperation">
                  </a> <!-- performEndToEndOperation -->
                  <span class="method-name">performEndToEndOperation</span>
                </div> <!-- method-content -->
              </div> <!-- method -->
            </div> <!-- main-panel-content rounded-window-bottom -->
          </div> <!-- suite-Amazon_End_to_End_Test_Suite-class-passed -->
          <div class="suite-Amazon_End_to_End_Test_Suite-class-passed">
            <div class="main-panel-header rounded-window-top">
              <img src="passed.png"/>
              <span class="class-name">testcases.TC07_ProductDetails</span>
            </div> <!-- main-panel-header rounded-window-top -->
            <div class="main-panel-content rounded-window-bottom">
              <div class="method">
                <div class="method-content">
                  <a name="performEndToEndOperation">
                  </a> <!-- performEndToEndOperation -->
                  <span class="method-name">performEndToEndOperation</span>
                </div> <!-- method-content -->
              </div> <!-- method -->
            </div> <!-- main-panel-content rounded-window-bottom -->
          </div> <!-- suite-Amazon_End_to_End_Test_Suite-class-passed -->
          <div class="suite-Amazon_End_to_End_Test_Suite-class-passed">
            <div class="main-panel-header rounded-window-top">
              <img src="passed.png"/>
              <span class="class-name">testcases.TC03_1_ManageProfile</span>
            </div> <!-- main-panel-header rounded-window-top -->
            <div class="main-panel-content rounded-window-bottom">
              <div class="method">
                <div class="method-content">
                  <a name="performEndToEndOperation">
                  </a> <!-- performEndToEndOperation -->
                  <span class="method-name">performEndToEndOperation</span>
                </div> <!-- method-content -->
              </div> <!-- method -->
            </div> <!-- main-panel-content rounded-window-bottom -->
          </div> <!-- suite-Amazon_End_to_End_Test_Suite-class-passed -->
          <div class="suite-Amazon_End_to_End_Test_Suite-class-passed">
            <div class="main-panel-header rounded-window-top">
              <img src="passed.png"/>
              <span class="class-name">testcases.TC10_QuantityUpdateCart</span>
            </div> <!-- main-panel-header rounded-window-top -->
            <div class="main-panel-content rounded-window-bottom">
              <div class="method">
                <div class="method-content">
                  <a name="performEndToEndOperation">
                  </a> <!-- performEndToEndOperation -->
                  <span class="method-name">performEndToEndOperation</span>
                </div> <!-- method-content -->
              </div> <!-- method -->
            </div> <!-- main-panel-content rounded-window-bottom -->
          </div> <!-- suite-Amazon_End_to_End_Test_Suite-class-passed -->
          <div class="suite-Amazon_End_to_End_Test_Suite-class-passed">
            <div class="main-panel-header rounded-window-top">
              <img src="passed.png"/>
              <span class="class-name">testcases.TC08_ProductSort</span>
            </div> <!-- main-panel-header rounded-window-top -->
            <div class="main-panel-content rounded-window-bottom">
              <div class="method">
                <div class="method-content">
                  <a name="performEndToEndOperation(seller)">
                  </a> <!-- performEndToEndOperation(seller) -->
                  <span class="method-name">performEndToEndOperation</span>
                  <span class="parameters">(seller)</span>
                </div> <!-- method-content -->
              </div> <!-- method -->
              <div class="method">
                <div class="method-content">
                  <a name="performEndToEndOperation(newest)">
                  </a> <!-- performEndToEndOperation(newest) -->
                  <span class="method-name">performEndToEndOperation</span>
                  <span class="parameters">(newest)</span>
                </div> <!-- method-content -->
              </div> <!-- method -->
              <div class="method">
                <div class="method-content">
                  <a name="performEndToEndOperation(hightolow)">
                  </a> <!-- performEndToEndOperation(hightolow) -->
                  <span class="method-name">performEndToEndOperation</span>
                  <span class="parameters">(hightolow)</span>
                </div> <!-- method-content -->
              </div> <!-- method -->
              <div class="method">
                <div class="method-content">
                  <a name="performEndToEndOperation(lowtohigh)">
                  </a> <!-- performEndToEndOperation(lowtohigh) -->
                  <span class="method-name">performEndToEndOperation</span>
                  <span class="parameters">(lowtohigh)</span>
                </div> <!-- method-content -->
              </div> <!-- method -->
              <div class="method">
                <div class="method-content">
                  <a name="performEndToEndOperation(custreview)">
                  </a> <!-- performEndToEndOperation(custreview) -->
                  <span class="method-name">performEndToEndOperation</span>
                  <span class="parameters">(custreview)</span>
                </div> <!-- method-content -->
              </div> <!-- method -->
            </div> <!-- main-panel-content rounded-window-bottom -->
          </div> <!-- suite-Amazon_End_to_End_Test_Suite-class-passed -->
          <div class="suite-Amazon_End_to_End_Test_Suite-class-passed">
            <div class="main-panel-header rounded-window-top">
              <img src="passed.png"/>
              <span class="class-name">testcases.TC13_CouponCode</span>
            </div> <!-- main-panel-header rounded-window-top -->
            <div class="main-panel-content rounded-window-bottom">
              <div class="method">
                <div class="method-content">
                  <a name="performEndToEndOperation">
                  </a> <!-- performEndToEndOperation -->
                  <span class="method-name">performEndToEndOperation</span>
                </div> <!-- method-content -->
              </div> <!-- method -->
            </div> <!-- main-panel-content rounded-window-bottom -->
          </div> <!-- suite-Amazon_End_to_End_Test_Suite-class-passed -->
        </div> <!-- panel Amazon_End_to_End_Test_Suite -->
        <div panel-name="test-xml-Amazon_End_to_End_Test_Suite" class="panel">
          <div class="main-panel-header rounded-window-top">
            <span class="header-content">C:\WorkEnvironment\Projects_MKT\project6\project1-amazon-end-to-end\testng.xml</span>
          </div> <!-- main-panel-header rounded-window-top -->
          <div class="main-panel-content rounded-window-bottom">
            <pre>
&lt;?xml version=&quot;1.0&quot; encoding=&quot;UTF-8&quot;?&gt;
&lt;!DOCTYPE suite SYSTEM &quot;https://testng.org/testng-1.0.dtd&quot;&gt;
&lt;suite name=&quot;Amazon End-to-End Test Suite&quot; guice-stage=&quot;DEVELOPMENT&quot; verbose=&quot;0&quot;&gt;
  &lt;test thread-count=&quot;5&quot; name=&quot;Amazon End-to-End Tests Execution with Edge Browser&quot; verbose=&quot;0&quot;&gt;
    &lt;parameter name=&quot;browser&quot; value=&quot;edge&quot;/&gt;
    &lt;classes&gt;
      &lt;class name=&quot;testcases.TC01_NewUser&quot;/&gt;
      &lt;class name=&quot;testcases.TC02_SuccessfulLogin&quot;/&gt;
      &lt;class name=&quot;testcases.TC03_LoginFailed&quot;/&gt;
      &lt;class name=&quot;testcases.TC03_1_ManageProfile&quot;/&gt;
      &lt;class name=&quot;testcases.TC04_ProfileInfoUpdate&quot;/&gt;
      &lt;class name=&quot;testcases.TC05_SearchPage&quot;/&gt;
      &lt;class name=&quot;testcases.TC06_SearchFilter&quot;/&gt;
      &lt;class name=&quot;testcases.TC07_ProductDetails&quot;/&gt;
      &lt;class name=&quot;testcases.TC08_ProductSort&quot;/&gt;
      &lt;class name=&quot;testcases.TC09_Cart&quot;/&gt;
      &lt;class name=&quot;testcases.TC10_QuantityUpdateCart&quot;/&gt;
      &lt;class name=&quot;testcases.TC11_EntireCheckoutProcess&quot;/&gt;
      &lt;class name=&quot;testcases.TC12_SelectEachPaymentMethod&quot;/&gt;
      &lt;class name=&quot;testcases.TC13_CouponCode&quot;/&gt;
      &lt;class name=&quot;testcases.TC14_ProductReview&quot;/&gt;
      &lt;class name=&quot;testcases.TC15_search_wishlist_cart&quot;/&gt;
    &lt;/classes&gt;
  &lt;/test&gt; &lt;!-- Amazon End-to-End Tests Execution with Edge Browser --&gt;
  &lt;test thread-count=&quot;5&quot; name=&quot;Amazon End-to-End Tests Execution with Chrome Browser&quot; verbose=&quot;0&quot;&gt;
    &lt;parameter name=&quot;browser&quot; value=&quot;chrome&quot;/&gt;
    &lt;classes&gt;
      &lt;class name=&quot;testcases.TC02_SuccessfulLogin&quot;/&gt;
    &lt;/classes&gt;
  &lt;/test&gt; &lt;!-- Amazon End-to-End Tests Execution with Chrome Browser --&gt;
  &lt;test thread-count=&quot;5&quot; name=&quot;Amazon End-to-End Tests Execution with Firefox Browser&quot; verbose=&quot;0&quot;&gt;
    &lt;parameter name=&quot;browser&quot; value=&quot;firefox&quot;/&gt;
    &lt;classes&gt;
      &lt;class name=&quot;testcases.TC02_SuccessfulLogin&quot;/&gt;
    &lt;/classes&gt;
  &lt;/test&gt; &lt;!-- Amazon End-to-End Tests Execution with Firefox Browser --&gt;
&lt;/suite&gt; &lt;!-- Amazon End-to-End Test Suite --&gt;
            </pre>
          </div> <!-- main-panel-content rounded-window-bottom -->
        </div> <!-- panel -->
        <div panel-name="testlist-Amazon_End_to_End_Test_Suite" class="panel">
          <div class="main-panel-header rounded-window-top">
            <span class="header-content">Tests for Amazon End-to-End Test Suite</span>
          </div> <!-- main-panel-header rounded-window-top -->
          <div class="main-panel-content rounded-window-bottom">
            <ul>
              <li>
                <span class="test-name">Amazon End-to-End Tests Execution with Edge Browser (16 classes)</span>
              </li>
              <li>
                <span class="test-name">Amazon End-to-End Tests Execution with Chrome Browser (1 class)</span>
              </li>
              <li>
                <span class="test-name">Amazon End-to-End Tests Execution with Firefox Browser (1 class)</span>
              </li>
            </ul>
          </div> <!-- main-panel-content rounded-window-bottom -->
        </div> <!-- panel -->
        <div panel-name="group-Amazon_End_to_End_Test_Suite" class="panel">
          <div class="main-panel-header rounded-window-top">
            <span class="header-content">Groups for Amazon End-to-End Test Suite</span>
          </div> <!-- main-panel-header rounded-window-top -->
          <div class="main-panel-content rounded-window-bottom">
          </div> <!-- main-panel-content rounded-window-bottom -->
        </div> <!-- panel -->
        <div panel-name="times-Amazon_End_to_End_Test_Suite" class="panel">
          <div class="main-panel-header rounded-window-top">
            <span class="header-content">Times for Amazon End-to-End Test Suite</span>
          </div> <!-- main-panel-header rounded-window-top -->
          <div class="main-panel-content rounded-window-bottom">
            <div class="times-div">
              <script type="text/javascript">
suiteTableInitFunctions.push('tableData_Amazon_End_to_End_Test_Suite');
function tableData_Amazon_End_to_End_Test_Suite() {
var data = new google.visualization.DataTable();
data.addColumn('number', 'Number');
data.addColumn('string', 'Method');
data.addColumn('string', 'Class');
data.addColumn('number', 'Time (ms)');
data.addRows(31);
data.setCell(0, 0, 0)
data.setCell(0, 1, 'performEndToEndOperation')
data.setCell(0, 2, 'testcases.TC11_EntireCheckoutProcess')
data.setCell(0, 3, 49889);
data.setCell(1, 0, 1)
data.setCell(1, 1, 'performEndToEndOperation')
data.setCell(1, 2, 'testcases.TC11_EntireCheckoutProcess')
data.setCell(1, 3, 47698);
data.setCell(2, 0, 2)
data.setCell(2, 1, 'performEndToEndOperation')
data.setCell(2, 2, 'testcases.TC11_EntireCheckoutProcess')
data.setCell(2, 3, 45488);
data.setCell(3, 0, 3)
data.setCell(3, 1, 'performEndToEndOperation')
data.setCell(3, 2, 'testcases.TC12_SelectEachPaymentMethod')
data.setCell(3, 3, 24409);
data.setCell(4, 0, 4)
data.setCell(4, 1, 'performEndToEndOperation')
data.setCell(4, 2, 'testcases.TC13_CouponCode')
data.setCell(4, 3, 24287);
data.setCell(5, 0, 5)
data.setCell(5, 1, 'performEndToEndOperation')
data.setCell(5, 2, 'testcases.TC12_SelectEachPaymentMethod')
data.setCell(5, 3, 23777);
data.setCell(6, 0, 6)
data.setCell(6, 1, 'performEndToEndOperation')
data.setCell(6, 2, 'testcases.TC12_SelectEachPaymentMethod')
data.setCell(6, 3, 22220);
data.setCell(7, 0, 7)
data.setCell(7, 1, 'performEndToEndOperation')
data.setCell(7, 2, 'testcases.TC12_SelectEachPaymentMethod')
data.setCell(7, 3, 22105);
data.setCell(8, 0, 8)
data.setCell(8, 1, 'performEndToEndOperation')
data.setCell(8, 2, 'testcases.TC10_QuantityUpdateCart')
data.setCell(8, 3, 20941);
data.setCell(9, 0, 9)
data.setCell(9, 1, 'performEndToEndOperation')
data.setCell(9, 2, 'testcases.TC09_Cart')
data.setCell(9, 3, 19795);
data.setCell(10, 0, 10)
data.setCell(10, 1, 'performEndToEndOperation')
data.setCell(10, 2, 'testcases.TC07_ProductDetails')
data.setCell(10, 3, 16812);
data.setCell(11, 0, 11)
data.setCell(11, 1, 'performEndToEndOperation')
data.setCell(11, 2, 'testcases.TC14_ProductReview')
data.setCell(11, 3, 15995);
data.setCell(12, 0, 12)
data.setCell(12, 1, 'performEndToEndOperation')
data.setCell(12, 2, 'testcases.TC14_ProductReview')
data.setCell(12, 3, 15749);
data.setCell(13, 0, 13)
data.setCell(13, 1, 'performEndToEndOperation')
data.setCell(13, 2, 'testcases.TC14_ProductReview')
data.setCell(13, 3, 15618);
data.setCell(14, 0, 14)
data.setCell(14, 1, 'performEndToEndOperation')
data.setCell(14, 2, 'testcases.TC04_ProfileInfoUpdate')
data.setCell(14, 3, 13712);
data.setCell(15, 0, 15)
data.setCell(15, 1, 'performEndToEndOperation')
data.setCell(15, 2, 'testcases.TC06_SearchFilter')
data.setCell(15, 3, 12060);
data.setCell(16, 0, 16)
data.setCell(16, 1, 'performEndToEndOperation')
data.setCell(16, 2, 'testcases.TC12_SelectEachPaymentMethod')
data.setCell(16, 3, 10296);
data.setCell(17, 0, 17)
data.setCell(17, 1, 'performEndToEndOperation')
data.setCell(17, 2, 'testcases.TC02_SuccessfulLogin')
data.setCell(17, 3, 10075);
data.setCell(18, 0, 18)
data.setCell(18, 1, 'performEndToEndOperation')
data.setCell(18, 2, 'testcases.TC15_search_wishlist_cart')
data.setCell(18, 3, 7830);
data.setCell(19, 0, 19)
data.setCell(19, 1, 'performEndToEndOperation')
data.setCell(19, 2, 'testcases.TC08_ProductSort')
data.setCell(19, 3, 7013);
data.setCell(20, 0, 20)
data.setCell(20, 1, 'performEndToEndOperation')
data.setCell(20, 2, 'testcases.TC08_ProductSort')
data.setCell(20, 3, 6916);
data.setCell(21, 0, 21)
data.setCell(21, 1, 'performEndToEndOperation')
data.setCell(21, 2, 'testcases.TC08_ProductSort')
data.setCell(21, 3, 6816);
data.setCell(22, 0, 22)
data.setCell(22, 1, 'performEndToEndOperation')
data.setCell(22, 2, 'testcases.TC08_ProductSort')
data.setCell(22, 3, 6749);
data.setCell(23, 0, 23)
data.setCell(23, 1, 'performEndToEndOperation')
data.setCell(23, 2, 'testcases.TC08_ProductSort')
data.setCell(23, 3, 6728);
data.setCell(24, 0, 24)
data.setCell(24, 1, 'performEndToEndOperation')
data.setCell(24, 2, 'testcases.TC03_1_ManageProfile')
data.setCell(24, 3, 6717);
data.setCell(25, 0, 25)
data.setCell(25, 1, 'performEndToEndOperation')
data.setCell(25, 2, 'testcases.TC05_SearchPage')
data.setCell(25, 3, 6524);
data.setCell(26, 0, 26)
data.setCell(26, 1, 'performEndToEndOperation')
data.setCell(26, 2, 'testcases.TC02_SuccessfulLogin')
data.setCell(26, 3, 5063);
data.setCell(27, 0, 27)
data.setCell(27, 1, 'performEndToEndOperation')
data.setCell(27, 2, 'testcases.TC02_SuccessfulLogin')
data.setCell(27, 3, 4778);
data.setCell(28, 0, 28)
data.setCell(28, 1, 'performEndToEndOperation')
data.setCell(28, 2, 'testcases.TC02_SuccessfulLogin')
data.setCell(28, 3, 4470);
data.setCell(29, 0, 29)
data.setCell(29, 1, 'performEndToEndOperation')
data.setCell(29, 2, 'testcases.TC03_LoginFailed')
data.setCell(29, 3, 3762);
data.setCell(30, 0, 30)
data.setCell(30, 1, 'performEndToEndOperation')
data.setCell(30, 2, 'testcases.TC01_NewUser')
data.setCell(30, 3, 1201);
window.suiteTableData['Amazon_End_to_End_Test_Suite']= { tableData: data, tableDiv: 'times-div-Amazon_End_to_End_Test_Suite'}
return data;
}
              </script>
              <span class="suite-total-time">Total running time: 8 minutes</span>
              <div id="times-div-Amazon_End_to_End_Test_Suite">
              </div> <!-- times-div-Amazon_End_to_End_Test_Suite -->
            </div> <!-- times-div -->
          </div> <!-- main-panel-content rounded-window-bottom -->
        </div> <!-- panel -->
        <div panel-name="reporter-Amazon_End_to_End_Test_Suite" class="panel">
          <div class="main-panel-header rounded-window-top">
            <span class="header-content">Reporter output for Amazon End-to-End Test Suite</span>
          </div> <!-- main-panel-header rounded-window-top -->
          <div class="main-panel-content rounded-window-bottom">
            <div class="reporter-method-div">
              <span class="reporter-method-name">performEndToEndOperation</span>
              <div class="reporter-method-output-div">
                <span class="reporter-method-output">Test case is pass </span>
              </div> <!-- reporter-method-output-div -->
            </div> <!-- reporter-method-div -->
            <div class="reporter-method-div">
              <span class="reporter-method-name">performEndToEndOperation(creditcard)</span>
              <div class="reporter-method-output-div">
                <span class="reporter-method-output">Test case is pass </span>
              </div> <!-- reporter-method-output-div -->
            </div> <!-- reporter-method-div -->
            <div class="reporter-method-div">
              <span class="reporter-method-name">performEndToEndOperation</span>
              <div class="reporter-method-output-div">
                <span class="reporter-method-output">Test case is pass </span>
              </div> <!-- reporter-method-output-div -->
            </div> <!-- reporter-method-div -->
            <div class="reporter-method-div">
              <span class="reporter-method-name">performEndToEndOperation</span>
              <div class="reporter-method-output-div">
                <span class="reporter-method-output">Test case is pass </span>
              </div> <!-- reporter-method-output-div -->
            </div> <!-- reporter-method-div -->
            <div class="reporter-method-div">
              <span class="reporter-method-name">performEndToEndOperation(seller)</span>
              <div class="reporter-method-output-div">
                <span class="reporter-method-output">Test case is pass </span>
              </div> <!-- reporter-method-output-div -->
            </div> <!-- reporter-method-div -->
            <div class="reporter-method-div">
              <span class="reporter-method-name">performEndToEndOperation(newest)</span>
              <div class="reporter-method-output-div">
                <span class="reporter-method-output">Test case is pass </span>
              </div> <!-- reporter-method-output-div -->
            </div> <!-- reporter-method-div -->
            <div class="reporter-method-div">
              <span class="reporter-method-name">performEndToEndOperation</span>
              <div class="reporter-method-output-div">
                <span class="reporter-method-output">Test case is pass </span>
              </div> <!-- reporter-method-output-div -->
            </div> <!-- reporter-method-div -->
            <div class="reporter-method-div">
              <span class="reporter-method-name">performEndToEndOperation</span>
              <div class="reporter-method-output-div">
                <span class="reporter-method-output">Your Profile</span>
                <span class="reporter-method-output">Test case is pass </span>
              </div> <!-- reporter-method-output-div -->
            </div> <!-- reporter-method-div -->
            <div class="reporter-method-div">
              <span class="reporter-method-name">performEndToEndOperation</span>
              <div class="reporter-method-output-div">
                <span class="reporter-method-output">Forgot password?</span>
                <span class="reporter-method-output">Test case is pass </span>
              </div> <!-- reporter-method-output-div -->
            </div> <!-- reporter-method-div -->
            <div class="reporter-method-div">
              <span class="reporter-method-name">performEndToEndOperation(hightolow)</span>
              <div class="reporter-method-output-div">
                <span class="reporter-method-output">Test case is pass </span>
              </div> <!-- reporter-method-output-div -->
            </div> <!-- reporter-method-div -->
            <div class="reporter-method-div">
              <span class="reporter-method-name">performEndToEndOperation</span>
              <div class="reporter-method-output-div">
                <span class="reporter-method-output">Profile Hub</span>
                <span class="reporter-method-output">Test case is pass </span>
              </div> <!-- reporter-method-output-div -->
            </div> <!-- reporter-method-div -->
            <div class="reporter-method-div">
              <span class="reporter-method-name">performEndToEndOperation</span>
              <div class="reporter-method-output-div">
                <span class="reporter-method-output">Amazon.in : shoes</span>
                <span class="reporter-method-output">Test case is pass </span>
              </div> <!-- reporter-method-output-div -->
            </div> <!-- reporter-method-div -->
            <div class="reporter-method-div">
              <span class="reporter-method-name">performEndToEndOperation(otherupi)</span>
              <div class="reporter-method-output-div">
                <span class="reporter-method-output">Test case is pass </span>
              </div> <!-- reporter-method-output-div -->
            </div> <!-- reporter-method-div -->
            <div class="reporter-method-div">
              <span class="reporter-method-name">performEndToEndOperation(lowtohigh)</span>
              <div class="reporter-method-output-div">
                <span class="reporter-method-output">Test case is pass </span>
              </div> <!-- reporter-method-output-div -->
            </div> <!-- reporter-method-div -->
            <div class="reporter-method-div">
              <span class="reporter-method-name">performEndToEndOperation</span>
              <div class="reporter-method-output-div">
                <span class="reporter-method-output">Test case is pass </span>
              </div> <!-- reporter-method-output-div -->
            </div> <!-- reporter-method-div -->
            <div class="reporter-method-div">
              <span class="reporter-method-name">performEndToEndOperation(custreview)</span>
              <div class="reporter-method-output-div">
                <span class="reporter-method-output">Test case is pass </span>
              </div> <!-- reporter-method-output-div -->
            </div> <!-- reporter-method-div -->
            <div class="reporter-method-div">
              <span class="reporter-method-name">performEndToEndOperation</span>
              <div class="reporter-method-output-div">
                <span class="reporter-method-output">Test case is pass </span>
              </div> <!-- reporter-method-output-div -->
            </div> <!-- reporter-method-div -->
            <div class="reporter-method-div">
              <span class="reporter-method-name">performEndToEndOperation</span>
              <div class="reporter-method-output-div">
                <span class="reporter-method-output">Amazon.in Shopping Cart</span>
                <span class="reporter-method-output">Test case is pass </span>
              </div> <!-- reporter-method-output-div -->
            </div> <!-- reporter-method-div -->
            <div class="reporter-method-div">
              <span class="reporter-method-name">performEndToEndOperation(emi)</span>
              <div class="reporter-method-output-div">
                <span class="reporter-method-output">Test case is pass </span>
              </div> <!-- reporter-method-output-div -->
            </div> <!-- reporter-method-div -->
            <div class="reporter-method-div">
              <span class="reporter-method-name">performEndToEndOperation(netbanking)</span>
              <div class="reporter-method-output-div">
                <span class="reporter-method-output">Test case is pass </span>
              </div> <!-- reporter-method-output-div -->
            </div> <!-- reporter-method-div -->
            <div class="reporter-method-div">
              <span class="reporter-method-name">performEndToEndOperation</span>
              <div class="reporter-method-output-div">
                <span class="reporter-method-output">Amazon.in : shoes</span>
                <span class="reporter-method-output">Test case is pass </span>
              </div> <!-- reporter-method-output-div -->
            </div> <!-- reporter-method-div -->
            <div class="reporter-method-div">
              <span class="reporter-method-name">performEndToEndOperation</span>
              <div class="reporter-method-output-div">
                <span class="reporter-method-output">Test case is fail </span>
              </div> <!-- reporter-method-output-div -->
            </div> <!-- reporter-method-div -->
            <div class="reporter-method-div">
              <span class="reporter-method-name">performEndToEndOperation</span>
              <div class="reporter-method-output-div">
                <span class="reporter-method-output">Test case is fail </span>
              </div> <!-- reporter-method-output-div -->
            </div> <!-- reporter-method-div -->
            <div class="reporter-method-div">
              <span class="reporter-method-name">performEndToEndOperation</span>
              <div class="reporter-method-output-div">
                <span class="reporter-method-output">Test case is pass </span>
              </div> <!-- reporter-method-output-div -->
            </div> <!-- reporter-method-div -->
            <div class="reporter-method-div">
              <span class="reporter-method-name">performEndToEndOperation</span>
              <div class="reporter-method-output-div">
                <span class="reporter-method-output">Test case is pass </span>
              </div> <!-- reporter-method-output-div -->
            </div> <!-- reporter-method-div -->
          </div> <!-- main-panel-content rounded-window-bottom -->
        </div> <!-- panel -->
        <div panel-name="ignored-methods-Amazon_End_to_End_Test_Suite" class="panel">
          <div class="main-panel-header rounded-window-top">
            <span class="header-content">0 ignored methods</span>
          </div> <!-- main-panel-header rounded-window-top -->
          <div class="main-panel-content rounded-window-bottom">
          </div> <!-- main-panel-content rounded-window-bottom -->
        </div> <!-- panel -->
        <div panel-name="chronological-Amazon_End_to_End_Test_Suite" class="panel">
          <div class="main-panel-header rounded-window-top">
            <span class="header-content">Methods in chronological order</span>
          </div> <!-- main-panel-header rounded-window-top -->
          <div class="main-panel-content rounded-window-bottom">
            <div class="chronological-class">
              <div class="chronological-class-name">testcases.TC01_NewUser</div> <!-- chronological-class-name -->
              <div class="configuration-method before">
                <span class="method-name">launch(edge)</span>
                <span class="method-start">0 ms</span>
              </div> <!-- configuration-method before -->
              <div class="test-method">
                <span class="method-name">performEndToEndOperation</span>
                <span class="method-start">3700 ms</span>
              </div> <!-- test-method -->
              <div class="configuration-method after">
                <span class="method-name">quit</span>
                <span class="method-start">4989 ms</span>
              </div> <!-- configuration-method after -->
            </div> <!-- chronological-class -->
            <div class="chronological-class">
              <div class="chronological-class-name">testcases.TC02_SuccessfulLogin</div> <!-- chronological-class-name -->
              <div class="configuration-method before">
                <span class="method-name">launch(edge)</span>
                <span class="method-start">8198 ms</span>
              </div> <!-- configuration-method before -->
              <div class="test-method">
                <span class="method-name">performEndToEndOperation</span>
                <span class="method-start">11674 ms</span>
              </div> <!-- test-method -->
              <div class="configuration-method after">
                <span class="method-name">quit</span>
                <span class="method-start">16637 ms</span>
              </div> <!-- configuration-method after -->
            </div> <!-- chronological-class -->
            <div class="chronological-class">
              <div class="chronological-class-name">testcases.TC03_LoginFailed</div> <!-- chronological-class-name -->
              <div class="configuration-method before">
                <span class="method-name">launch(edge)</span>
                <span class="method-start">19932 ms</span>
              </div> <!-- configuration-method before -->
              <div class="test-method">
                <span class="method-name">performEndToEndOperation</span>
                <span class="method-start">23118 ms</span>
              </div> <!-- test-method -->
              <div class="configuration-method after">
                <span class="method-name">quit</span>
                <span class="method-start">26998 ms</span>
              </div> <!-- configuration-method after -->
            </div> <!-- chronological-class -->
            <div class="chronological-class">
              <div class="chronological-class-name">testcases.TC03_1_ManageProfile</div> <!-- chronological-class-name -->
              <div class="configuration-method before">
                <span class="method-name">launch(edge)</span>
                <span class="method-start">30254 ms</span>
              </div> <!-- configuration-method before -->
              <div class="test-method">
                <span class="method-name">performEndToEndOperation</span>
                <span class="method-start">33539 ms</span>
              </div> <!-- test-method -->
              <div class="configuration-method after">
                <span class="method-name">quit</span>
                <span class="method-start">40397 ms</span>
              </div> <!-- configuration-method after -->
            </div> <!-- chronological-class -->
            <div class="chronological-class">
              <div class="chronological-class-name">testcases.TC04_ProfileInfoUpdate</div> <!-- chronological-class-name -->
              <div class="configuration-method before">
                <span class="method-name">launch(edge)</span>
                <span class="method-start">43697 ms</span>
              </div> <!-- configuration-method before -->
              <div class="test-method">
                <span class="method-name">performEndToEndOperation</span>
                <span class="method-start">48543 ms</span>
              </div> <!-- test-method -->
              <div class="configuration-method after">
                <span class="method-name">quit</span>
                <span class="method-start">62344 ms</span>
              </div> <!-- configuration-method after -->
            </div> <!-- chronological-class -->
            <div class="chronological-class">
              <div class="chronological-class-name">testcases.TC05_SearchPage</div> <!-- chronological-class-name -->
              <div class="configuration-method before">
                <span class="method-name">launch(edge)</span>
                <span class="method-start">65675 ms</span>
              </div> <!-- configuration-method before -->
              <div class="test-method">
                <span class="method-name">performEndToEndOperation</span>
                <span class="method-start">68972 ms</span>
              </div> <!-- test-method -->
              <div class="configuration-method after">
                <span class="method-name">quit</span>
                <span class="method-start">75633 ms</span>
              </div> <!-- configuration-method after -->
            </div> <!-- chronological-class -->
            <div class="chronological-class">
              <div class="chronological-class-name">testcases.TC06_SearchFilter</div> <!-- chronological-class-name -->
              <div class="configuration-method before">
                <span class="method-name">launch(edge)</span>
                <span class="method-start">78956 ms</span>
              </div> <!-- configuration-method before -->
              <div class="test-method">
                <span class="method-name">performEndToEndOperation</span>
                <span class="method-start">83292 ms</span>
              </div> <!-- test-method -->
              <div class="configuration-method after">
                <span class="method-name">quit</span>
                <span class="method-start">95514 ms</span>
              </div> <!-- configuration-method after -->
            </div> <!-- chronological-class -->
            <div class="chronological-class">
              <div class="chronological-class-name">testcases.TC07_ProductDetails</div> <!-- chronological-class-name -->
              <div class="configuration-method before">
                <span class="method-name">launch(edge)</span>
                <span class="method-start">98778 ms</span>
              </div> <!-- configuration-method before -->
              <div class="test-method">
                <span class="method-name">performEndToEndOperation</span>
                <span class="method-start">103813 ms</span>
              </div> <!-- test-method -->
              <div class="configuration-method after">
                <span class="method-name">quit</span>
                <span class="method-start">120780 ms</span>
              </div> <!-- configuration-method after -->
            </div> <!-- chronological-class -->
            <div class="chronological-class">
              <div class="chronological-class-name">testcases.TC08_ProductSort</div> <!-- chronological-class-name -->
              <div class="configuration-method before">
                <span class="method-name">launch(edge)</span>
                <span class="method-start">124131 ms</span>
              </div> <!-- configuration-method before -->
              <div class="test-method">
                <span class="method-name">performEndToEndOperation(lowtohigh)</span>
                <span class="method-start">127563 ms</span>
              </div> <!-- test-method -->
              <div class="configuration-method after">
                <span class="method-name">quit</span>
                <span class="method-start">134419 ms</span>
              </div> <!-- configuration-method after -->
              <div class="configuration-method before">
                <span class="method-name">launch(edge)</span>
                <span class="method-start">137762 ms</span>
              </div> <!-- configuration-method before -->
              <div class="test-method">
                <span class="method-name">performEndToEndOperation(hightolow)</span>
                <span class="method-start">141041 ms</span>
              </div> <!-- test-method -->
              <div class="configuration-method after">
                <span class="method-name">quit</span>
                <span class="method-start">148088 ms</span>
              </div> <!-- configuration-method after -->
              <div class="configuration-method before">
                <span class="method-name">launch(edge)</span>
                <span class="method-start">151405 ms</span>
              </div> <!-- configuration-method before -->
              <div class="test-method">
                <span class="method-name">performEndToEndOperation(custreview)</span>
                <span class="method-start">155169 ms</span>
              </div> <!-- test-method -->
              <div class="configuration-method after">
                <span class="method-name">quit</span>
                <span class="method-start">162034 ms</span>
              </div> <!-- configuration-method after -->
              <div class="configuration-method before">
                <span class="method-name">launch(edge)</span>
                <span class="method-start">165258 ms</span>
              </div> <!-- configuration-method before -->
              <div class="test-method">
                <span class="method-name">performEndToEndOperation(newest)</span>
                <span class="method-start">169148 ms</span>
              </div> <!-- test-method -->
              <div class="configuration-method after">
                <span class="method-name">quit</span>
                <span class="method-start">176068 ms</span>
              </div> <!-- configuration-method after -->
              <div class="configuration-method before">
                <span class="method-name">launch(edge)</span>
                <span class="method-start">179344 ms</span>
              </div> <!-- configuration-method before -->
              <div class="test-method">
                <span class="method-name">performEndToEndOperation(seller)</span>
                <span class="method-start">182639 ms</span>
              </div> <!-- test-method -->
              <div class="configuration-method after">
                <span class="method-name">quit</span>
                <span class="method-start">189760 ms</span>
              </div> <!-- configuration-method after -->
            </div> <!-- chronological-class -->
            <div class="chronological-class">
              <div class="chronological-class-name">testcases.TC09_Cart</div> <!-- chronological-class-name -->
              <div class="configuration-method before">
                <span class="method-name">launch(edge)</span>
                <span class="method-start">193002 ms</span>
              </div> <!-- configuration-method before -->
              <div class="test-method">
                <span class="method-name">performEndToEndOperation</span>
                <span class="method-start">196598 ms</span>
              </div> <!-- test-method -->
              <div class="configuration-method after">
                <span class="method-name">quit</span>
                <span class="method-start">216495 ms</span>
              </div> <!-- configuration-method after -->
            </div> <!-- chronological-class -->
            <div class="chronological-class">
              <div class="chronological-class-name">testcases.TC10_QuantityUpdateCart</div> <!-- chronological-class-name -->
              <div class="configuration-method before">
                <span class="method-name">launch(edge)</span>
                <span class="method-start">219847 ms</span>
              </div> <!-- configuration-method before -->
              <div class="test-method">
                <span class="method-name">performEndToEndOperation</span>
                <span class="method-start">223831 ms</span>
              </div> <!-- test-method -->
              <div class="configuration-method after">
                <span class="method-name">quit</span>
                <span class="method-start">244903 ms</span>
              </div> <!-- configuration-method after -->
            </div> <!-- chronological-class -->
            <div class="chronological-class">
              <div class="chronological-class-name">testcases.TC11_EntireCheckoutProcess</div> <!-- chronological-class-name -->
              <div class="configuration-method before">
                <span class="method-name">launch(edge)</span>
                <span class="method-start">248176 ms</span>
              </div> <!-- configuration-method before -->
              <div class="test-method">
                <span class="method-name">performEndToEndOperation</span>
                <span class="method-start">252190 ms</span>
              </div> <!-- test-method -->
              <div class="configuration-method after">
                <span class="method-name">quit</span>
                <span class="method-start">297680 ms</span>
              </div> <!-- configuration-method after -->
              <div class="configuration-method before">
                <span class="method-name">launch(edge)</span>
                <span class="method-start">301054 ms</span>
              </div> <!-- configuration-method before -->
              <div class="test-method">
                <span class="method-name">performEndToEndOperation</span>
                <span class="method-start">304053 ms</span>
              </div> <!-- test-method -->
              <div class="configuration-method after">
                <span class="method-name">quit</span>
                <span class="method-start">351766 ms</span>
              </div> <!-- configuration-method after -->
              <div class="configuration-method before">
                <span class="method-name">launch(edge)</span>
                <span class="method-start">355086 ms</span>
              </div> <!-- configuration-method before -->
              <div class="test-method">
                <img src="failed.png">
                </img>
                <span class="method-name">performEndToEndOperation</span>
                <span class="method-start">358427 ms</span>
              </div> <!-- test-method -->
              <div class="configuration-method after">
                <span class="method-name">quit</span>
                <span class="method-start">408409 ms</span>
              </div> <!-- configuration-method after -->
            </div> <!-- chronological-class -->
            <div class="chronological-class">
              <div class="chronological-class-name">testcases.TC12_SelectEachPaymentMethod</div> <!-- chronological-class-name -->
              <div class="configuration-method before">
                <span class="method-name">launch(edge)</span>
                <span class="method-start">411882 ms</span>
              </div> <!-- configuration-method before -->
              <div class="test-method">
                <span class="method-name">performEndToEndOperation(creditcard)</span>
                <span class="method-start">415442 ms</span>
              </div> <!-- test-method -->
              <div class="configuration-method after">
                <span class="method-name">quit</span>
                <span class="method-start">437788 ms</span>
              </div> <!-- configuration-method after -->
              <div class="configuration-method before">
                <span class="method-name">launch(edge)</span>
                <span class="method-start">441119 ms</span>
              </div> <!-- configuration-method before -->
              <div class="test-method">
                <span class="method-name">performEndToEndOperation(netbanking)</span>
                <span class="method-start">444726 ms</span>
              </div> <!-- test-method -->
              <div class="configuration-method after">
                <span class="method-name">quit</span>
                <span class="method-start">466937 ms</span>
              </div> <!-- configuration-method after -->
              <div class="configuration-method before">
                <span class="method-name">launch(edge)</span>
                <span class="method-start">470265 ms</span>
              </div> <!-- configuration-method before -->
              <div class="test-method">
                <span class="method-name">performEndToEndOperation(otherupi)</span>
                <span class="method-start">473711 ms</span>
              </div> <!-- test-method -->
              <div class="configuration-method after">
                <span class="method-name">quit</span>
                <span class="method-start">497624 ms</span>
              </div> <!-- configuration-method after -->
              <div class="configuration-method before">
                <span class="method-name">launch(edge)</span>
                <span class="method-start">500951 ms</span>
              </div> <!-- configuration-method before -->
              <div class="test-method">
                <span class="method-name">performEndToEndOperation(emi)</span>
                <span class="method-start">505276 ms</span>
              </div> <!-- test-method -->
              <div class="configuration-method after">
                <span class="method-name">quit</span>
                <span class="method-start">515572 ms</span>
              </div> <!-- configuration-method after -->
              <div class="configuration-method before">
                <span class="method-name">launch(edge)</span>
                <span class="method-start">518828 ms</span>
              </div> <!-- configuration-method before -->
              <div class="test-method">
                <span class="method-name">performEndToEndOperation(emi)</span>
                <span class="method-start">523412 ms</span>
              </div> <!-- test-method -->
              <div class="configuration-method after">
                <span class="method-name">quit</span>
                <span class="method-start">547927 ms</span>
              </div> <!-- configuration-method after -->
            </div> <!-- chronological-class -->
            <div class="chronological-class">
              <div class="chronological-class-name">testcases.TC13_CouponCode</div> <!-- chronological-class-name -->
              <div class="configuration-method before">
                <span class="method-name">launch(edge)</span>
                <span class="method-start">551280 ms</span>
              </div> <!-- configuration-method before -->
              <div class="test-method">
                <span class="method-name">performEndToEndOperation</span>
                <span class="method-start">554638 ms</span>
              </div> <!-- test-method -->
              <div class="configuration-method after">
                <span class="method-name">quit</span>
                <span class="method-start">579034 ms</span>
              </div> <!-- configuration-method after -->
            </div> <!-- chronological-class -->
            <div class="chronological-class">
              <div class="chronological-class-name">testcases.TC14_ProductReview</div> <!-- chronological-class-name -->
              <div class="configuration-method before">
                <span class="method-name">launch(edge)</span>
                <span class="method-start">582377 ms</span>
              </div> <!-- configuration-method before -->
              <div class="test-method">
                <span class="method-name">performEndToEndOperation</span>
                <span class="method-start">586069 ms</span>
              </div> <!-- test-method -->
              <div class="configuration-method after">
                <span class="method-name">quit</span>
                <span class="method-start">601818 ms</span>
              </div> <!-- configuration-method after -->
              <div class="configuration-method before">
                <span class="method-name">launch(edge)</span>
                <span class="method-start">605160 ms</span>
              </div> <!-- configuration-method before -->
              <div class="test-method">
                <span class="method-name">performEndToEndOperation</span>
                <span class="method-start">610568 ms</span>
              </div> <!-- test-method -->
              <div class="configuration-method after">
                <span class="method-name">quit</span>
                <span class="method-start">626186 ms</span>
              </div> <!-- configuration-method after -->
              <div class="configuration-method before">
                <span class="method-name">launch(edge)</span>
                <span class="method-start">629524 ms</span>
              </div> <!-- configuration-method before -->
              <div class="test-method">
                <img src="failed.png">
                </img>
                <span class="method-name">performEndToEndOperation</span>
                <span class="method-start">633108 ms</span>
              </div> <!-- test-method -->
              <div class="configuration-method after">
                <span class="method-name">quit</span>
                <span class="method-start">649248 ms</span>
              </div> <!-- configuration-method after -->
            </div> <!-- chronological-class -->
            <div class="chronological-class">
              <div class="chronological-class-name">testcases.TC15_search_wishlist_cart</div> <!-- chronological-class-name -->
              <div class="configuration-method before">
                <span class="method-name">launch(edge)</span>
                <span class="method-start">652558 ms</span>
              </div> <!-- configuration-method before -->
              <div class="test-method">
                <span class="method-name">performEndToEndOperation</span>
                <span class="method-start">656013 ms</span>
              </div> <!-- test-method -->
              <div class="configuration-method after">
                <span class="method-name">quit</span>
                <span class="method-start">663958 ms</span>
              </div> <!-- configuration-method after -->
            </div> <!-- chronological-class -->
            <div class="chronological-class">
              <div class="chronological-class-name">testcases.TC02_SuccessfulLogin</div> <!-- chronological-class-name -->
              <div class="configuration-method before">
                <span class="method-name">launch(chrome)</span>
                <span class="method-start">667442 ms</span>
              </div> <!-- configuration-method before -->
              <div class="test-method">
                <span class="method-name">performEndToEndOperation</span>
                <span class="method-start">670232 ms</span>
              </div> <!-- test-method -->
              <div class="configuration-method after">
                <span class="method-name">quit</span>
                <span class="method-start">680307 ms</span>
              </div> <!-- configuration-method after -->
              <div class="configuration-method before">
                <span class="method-name">launch(chrome)</span>
                <span class="method-start">683334 ms</span>
              </div> <!-- configuration-method before -->
              <div class="test-method">
                <span class="method-name">performEndToEndOperation</span>
                <span class="method-start">687327 ms</span>
              </div> <!-- test-method -->
              <div class="configuration-method after">
                <span class="method-name">quit</span>
                <span class="method-start">691925 ms</span>
              </div> <!-- configuration-method after -->
              <div class="configuration-method before">
                <span class="method-name">launch(firefox)</span>
                <span class="method-start">694148 ms</span>
              </div> <!-- configuration-method before -->
              <div class="test-method">
                <span class="method-name">performEndToEndOperation</span>
                <span class="method-start">701015 ms</span>
              </div> <!-- test-method -->
              <div class="configuration-method after">
                <span class="method-name">quit</span>
                <span class="method-start">706170 ms</span>
              </div> <!-- configuration-method after -->
          </div> <!-- main-panel-content rounded-window-bottom -->
        </div> <!-- panel -->
      </div> <!-- main-panel-root -->
    </div> <!-- wrapper -->
  </body>
<script type="text/javascript" src="testng-reports2.js"></script>
</html>
