<?xml version="1.0" encoding="UTF-8"?>
<testng-results retried="6" ignored="6" total="37" passed="23" failed="2" skipped="0">
  <reporter-output>
    <line>
      <![CDATA[Test case is pass ]]>
    </line>
    <line>
      <![CDATA[Test case is pass ]]>
    </line>
    <line>
      <![CDATA[Forgot password?]]>
    </line>
    <line>
      <![CDATA[Test case is pass ]]>
    </line>
    <line>
      <![CDATA[Your Profile]]>
    </line>
    <line>
      <![CDATA[Test case is pass ]]>
    </line>
    <line>
      <![CDATA[Profile Hub]]>
    </line>
    <line>
      <![CDATA[Test case is pass ]]>
    </line>
    <line>
      <![CDATA[Amazon.in : shoes]]>
    </line>
    <line>
      <![CDATA[Test case is pass ]]>
    </line>
    <line>
      <![CDATA[Amazon.in : shoes]]>
    </line>
    <line>
      <![CDATA[Test case is pass ]]>
    </line>
    <line>
      <![CDATA[Test case is pass ]]>
    </line>
    <line>
      <![CDATA[Test case is pass ]]>
    </line>
    <line>
      <![CDATA[Test case is pass ]]>
    </line>
    <line>
      <![CDATA[Test case is pass ]]>
    </line>
    <line>
      <![CDATA[Test case is pass ]]>
    </line>
    <line>
      <![CDATA[Test case is pass ]]>
    </line>
    <line>
      <![CDATA[Amazon.in Shopping Cart]]>
    </line>
    <line>
      <![CDATA[Test case is pass ]]>
    </line>
    <line>
      <![CDATA[Test case is pass ]]>
    </line>
    <line>
      <![CDATA[Test case is fail ]]>
    </line>
    <line>
      <![CDATA[Test case is pass ]]>
    </line>
    <line>
      <![CDATA[Test case is pass ]]>
    </line>
    <line>
      <![CDATA[Test case is pass ]]>
    </line>
    <line>
      <![CDATA[Test case is pass ]]>
    </line>
    <line>
      <![CDATA[Test case is pass ]]>
    </line>
    <line>
      <![CDATA[Test case is fail ]]>
    </line>
    <line>
      <![CDATA[Test case is pass ]]>
    </line>
    <line>
      <![CDATA[Test case is pass ]]>
    </line>
    <line>
      <![CDATA[Test case is pass ]]>
    </line>
  </reporter-output>
  <suite started-at="2025-04-15T20:35:47 IST" name="Amazon End-to-End Test Suite" finished-at="2025-04-15T20:47:37 IST" duration-ms="709689">
    <groups>
    </groups>
    <test started-at="2025-04-15T20:35:47 IST" name="Amazon End-to-End Tests Execution with Edge Browser" finished-at="2025-04-15T20:46:55 IST" duration-ms="667352">
      <class name="testcases.TC10_QuantityUpdateCart">
        <test-method is-config="true" signature="launch(java.lang.String)[pri:0, instance:testcases.TC10_QuantityUpdateCart@35e2d654]" started-at="2025-04-15T20:39:27 IST" name="launch" finished-at="2025-04-15T20:39:31 IST" duration-ms="3983" status="PASS">
          <params>
            <param index="0">
              <value>
                <![CDATA[edge]]>
              </value>
            </param>
          </params>
          <reporter-output>
          </reporter-output>
        </test-method> <!-- launch -->
        <test-method signature="performEndToEndOperation()[pri:0, instance:testcases.TC10_QuantityUpdateCart@35e2d654]" started-at="2025-04-15T20:39:31 IST" name="performEndToEndOperation" finished-at="2025-04-15T20:39:52 IST" duration-ms="20941" status="PASS">
          <reporter-output>
            <line>
              <![CDATA[Test case is pass ]]>
            </line>
          </reporter-output>
        </test-method> <!-- performEndToEndOperation -->
        <test-method is-config="true" signature="quit()[pri:0, instance:testcases.TC10_QuantityUpdateCart@35e2d654]" started-at="2025-04-15T20:39:52 IST" name="quit" finished-at="2025-04-15T20:39:56 IST" duration-ms="3273" status="PASS">
          <reporter-output>
          </reporter-output>
        </test-method> <!-- quit -->
      </class> <!-- testcases.TC10_QuantityUpdateCart -->
      <class name="testcases.TC12_SelectEachPaymentMethod">
        <test-method is-config="true" signature="launch(java.lang.String)[pri:0, instance:testcases.TC12_SelectEachPaymentMethod@55183b20]" started-at="2025-04-15T20:42:39 IST" name="launch" finished-at="2025-04-15T20:42:43 IST" duration-ms="3560" status="PASS">
          <params>
            <param index="0">
              <value>
                <![CDATA[edge]]>
              </value>
            </param>
          </params>
          <reporter-output>
          </reporter-output>
        </test-method> <!-- launch -->
        <test-method signature="performEndToEndOperation(java.lang.String)[pri:0, instance:testcases.TC12_SelectEachPaymentMethod@55183b20]" started-at="2025-04-15T20:42:43 IST" name="performEndToEndOperation" data-provider="paymentMethods" finished-at="2025-04-15T20:43:05 IST" duration-ms="22220" status="PASS">
          <params>
            <param index="0">
              <value>
                <![CDATA[creditcard]]>
              </value>
            </param>
          </params>
          <reporter-output>
            <line>
              <![CDATA[Test case is pass ]]>
            </line>
          </reporter-output>
        </test-method> <!-- performEndToEndOperation -->
        <test-method is-config="true" signature="quit()[pri:0, instance:testcases.TC12_SelectEachPaymentMethod@55183b20]" started-at="2025-04-15T20:43:05 IST" name="quit" finished-at="2025-04-15T20:43:08 IST" duration-ms="3331" status="PASS">
          <reporter-output>
          </reporter-output>
        </test-method> <!-- quit -->
        <test-method is-config="true" signature="launch(java.lang.String)[pri:0, instance:testcases.TC12_SelectEachPaymentMethod@55183b20]" started-at="2025-04-15T20:43:08 IST" name="launch" finished-at="2025-04-15T20:43:12 IST" duration-ms="3607" status="PASS">
          <params>
            <param index="0">
              <value>
                <![CDATA[edge]]>
              </value>
            </param>
          </params>
          <reporter-output>
          </reporter-output>
        </test-method> <!-- launch -->
        <test-method signature="performEndToEndOperation(java.lang.String)[pri:0, instance:testcases.TC12_SelectEachPaymentMethod@55183b20]" started-at="2025-04-15T20:43:12 IST" name="performEndToEndOperation" data-provider="paymentMethods" finished-at="2025-04-15T20:43:34 IST" duration-ms="22105" status="PASS">
          <params>
            <param index="0">
              <value>
                <![CDATA[netbanking]]>
              </value>
            </param>
          </params>
          <reporter-output>
            <line>
              <![CDATA[Test case is pass ]]>
            </line>
          </reporter-output>
        </test-method> <!-- performEndToEndOperation -->
        <test-method is-config="true" signature="quit()[pri:0, instance:testcases.TC12_SelectEachPaymentMethod@55183b20]" started-at="2025-04-15T20:43:34 IST" name="quit" finished-at="2025-04-15T20:43:38 IST" duration-ms="3328" status="PASS">
          <reporter-output>
          </reporter-output>
        </test-method> <!-- quit -->
        <test-method is-config="true" signature="launch(java.lang.String)[pri:0, instance:testcases.TC12_SelectEachPaymentMethod@55183b20]" started-at="2025-04-15T20:43:38 IST" name="launch" finished-at="2025-04-15T20:43:41 IST" duration-ms="3446" status="PASS">
          <params>
            <param index="0">
              <value>
                <![CDATA[edge]]>
              </value>
            </param>
          </params>
          <reporter-output>
          </reporter-output>
        </test-method> <!-- launch -->
        <test-method signature="performEndToEndOperation(java.lang.String)[pri:0, instance:testcases.TC12_SelectEachPaymentMethod@55183b20]" started-at="2025-04-15T20:43:41 IST" name="performEndToEndOperation" data-provider="paymentMethods" finished-at="2025-04-15T20:44:05 IST" duration-ms="23777" status="PASS">
          <params>
            <param index="0">
              <value>
                <![CDATA[otherupi]]>
              </value>
            </param>
          </params>
          <reporter-output>
            <line>
              <![CDATA[Test case is pass ]]>
            </line>
          </reporter-output>
        </test-method> <!-- performEndToEndOperation -->
        <test-method is-config="true" signature="quit()[pri:0, instance:testcases.TC12_SelectEachPaymentMethod@55183b20]" started-at="2025-04-15T20:44:05 IST" name="quit" finished-at="2025-04-15T20:44:08 IST" duration-ms="3327" status="PASS">
          <reporter-output>
          </reporter-output>
        </test-method> <!-- quit -->
        <test-method is-config="true" signature="launch(java.lang.String)[pri:0, instance:testcases.TC12_SelectEachPaymentMethod@55183b20]" started-at="2025-04-15T20:44:08 IST" name="launch" finished-at="2025-04-15T20:44:13 IST" duration-ms="4325" status="PASS">
          <params>
            <param index="0">
              <value>
                <![CDATA[edge]]>
              </value>
            </param>
          </params>
          <reporter-output>
          </reporter-output>
        </test-method> <!-- launch -->
        <test-method retried="true" signature="performEndToEndOperation(java.lang.String)[pri:0, instance:testcases.TC12_SelectEachPaymentMethod@55183b20]" started-at="2025-04-15T20:44:13 IST" name="performEndToEndOperation" data-provider="paymentMethods" finished-at="2025-04-15T20:44:23 IST" duration-ms="10296" status="SKIP">
          <params>
            <param index="0">
              <value>
                <![CDATA[emi]]>
              </value>
            </param>
          </params>
          <exception class="org.openqa.selenium.TimeoutException">
            <message>
              <![CDATA[Expected condition failed: waiting for visibility of [[EdgeDriver: MicrosoftEdge on windows (17277a2a0148fd994dc2a2903e7b128d)] -> xpath: //span[.='Sign in']/parent::a] (tried for 10 second(s) with 500 milliseconds interval)
Build info: version: '4.28.1', revision: '73f5ad48a2'
System info: os.name: 'Windows 11', os.arch: 'amd64', os.version: '10.0', java.version: '21.0.6'
Driver info: org.openqa.selenium.edge.EdgeDriver
Capabilities {acceptInsecureCerts: false, browserName: MicrosoftEdge, browserVersion: 135.0.3179.73, fedcm:accounts: true, ms:edgeOptions: {debuggerAddress: localhost:59693}, msedge: {msedgedriverVersion: 135.0.3179.73 (1aac646e08ad..., userDataDir: C:\Users\ASHUTO~1\AppData\L...}, networkConnectionEnabled: false, pageLoadStrategy: normal, platformName: windows, proxy: Proxy(), se:cdp: ws://localhost:59693/devtoo..., se:cdpVersion: 135.0.3179.73, setWindowRect: true, strictFileInteractability: false, timeouts: {implicit: 0, pageLoad: 300000, script: 30000}, unhandledPromptBehavior: dismiss and notify, webauthn:extension:credBlob: true, webauthn:extension:largeBlob: true, webauthn:extension:minPinLength: true, webauthn:extension:prf: true, webauthn:virtualAuthenticators: true}
Session ID: 17277a2a0148fd994dc2a2903e7b128d]]>
            </message>
            <full-stacktrace>
              <![CDATA[org.openqa.selenium.TimeoutException: Expected condition failed: waiting for visibility of [[EdgeDriver: MicrosoftEdge on windows (17277a2a0148fd994dc2a2903e7b128d)] -> xpath: //span[.='Sign in']/parent::a] (tried for 10 second(s) with 500 milliseconds interval)
Build info: version: '4.28.1', revision: '73f5ad48a2'
System info: os.name: 'Windows 11', os.arch: 'amd64', os.version: '10.0', java.version: '21.0.6'
Driver info: org.openqa.selenium.edge.EdgeDriver
Capabilities {acceptInsecureCerts: false, browserName: MicrosoftEdge, browserVersion: 135.0.3179.73, fedcm:accounts: true, ms:edgeOptions: {debuggerAddress: localhost:59693}, msedge: {msedgedriverVersion: 135.0.3179.73 (1aac646e08ad..., userDataDir: C:\Users\ASHUTO~1\AppData\L...}, networkConnectionEnabled: false, pageLoadStrategy: normal, platformName: windows, proxy: Proxy(), se:cdp: ws://localhost:59693/devtoo..., se:cdpVersion: 135.0.3179.73, setWindowRect: true, strictFileInteractability: false, timeouts: {implicit: 0, pageLoad: 300000, script: 30000}, unhandledPromptBehavior: dismiss and notify, webauthn:extension:credBlob: true, webauthn:extension:largeBlob: true, webauthn:extension:minPinLength: true, webauthn:extension:prf: true, webauthn:virtualAuthenticators: true}
Session ID: 17277a2a0148fd994dc2a2903e7b128d
at org.openqa.selenium.support.ui.WebDriverWait.timeoutException(WebDriverWait.java:84)
at org.openqa.selenium.support.ui.FluentWait.until(FluentWait.java:228)
at pages.HomePage.signInClick(HomePage.java:71)
at testcases.TC12_SelectEachPaymentMethod.performEndToEndOperation(TC12_SelectEachPaymentMethod.java:28)
at java.base/jdk.internal.reflect.DirectMethodHandleAccessor.invoke(DirectMethodHandleAccessor.java:103)
at java.base/java.lang.reflect.Method.invoke(Method.java:580)
at org.testng.internal.invokers.MethodInvocationHelper.invokeMethod(MethodInvocationHelper.java:141)
at org.testng.internal.invokers.TestInvoker.invokeMethod(TestInvoker.java:686)
at org.testng.internal.invokers.TestInvoker.invokeTestMethod(TestInvoker.java:230)
at org.testng.internal.invokers.MethodRunner.runInSequence(MethodRunner.java:63)
at org.testng.internal.invokers.TestInvoker$MethodInvocationAgent.invoke(TestInvoker.java:992)
at org.testng.internal.invokers.TestInvoker.invokeTestMethods(TestInvoker.java:203)
at org.testng.internal.invokers.TestMethodWorker.invokeTestMethods(TestMethodWorker.java:154)
at org.testng.internal.invokers.TestMethodWorker.run(TestMethodWorker.java:134)
at java.base/java.util.ArrayList.forEach(ArrayList.java:1596)
at org.testng.TestRunner.privateRun(TestRunner.java:739)
at org.testng.TestRunner.run(TestRunner.java:614)
at org.testng.SuiteRunner.runTest(SuiteRunner.java:421)
at org.testng.SuiteRunner.runSequentially(SuiteRunner.java:413)
at org.testng.SuiteRunner.privateRun(SuiteRunner.java:373)
at org.testng.SuiteRunner.run(SuiteRunner.java:312)
at org.testng.SuiteRunnerWorker.runSuite(SuiteRunnerWorker.java:52)
at org.testng.SuiteRunnerWorker.run(SuiteRunnerWorker.java:95)
at org.testng.TestNG.runSuitesSequentially(TestNG.java:1274)
at org.testng.TestNG.runSuitesLocally(TestNG.java:1208)
at org.testng.TestNG.runSuites(TestNG.java:1112)
at org.testng.TestNG.run(TestNG.java:1079)
at org.apache.maven.surefire.testng.TestNGExecutor.run(TestNGExecutor.java:308)
at org.apache.maven.surefire.testng.TestNGXmlTestSuite.execute(TestNGXmlTestSuite.java:71)
at org.apache.maven.surefire.testng.TestNGProvider.invoke(TestNGProvider.java:113)
at org.apache.maven.surefire.booter.ForkedBooter.runSuitesInProcess(ForkedBooter.java:385)
at org.apache.maven.surefire.booter.ForkedBooter.execute(ForkedBooter.java:162)
at org.apache.maven.surefire.booter.ForkedBooter.run(ForkedBooter.java:507)
at org.apache.maven.surefire.booter.ForkedBooter.main(ForkedBooter.java:495)
]]>
            </full-stacktrace>
          </exception> <!-- org.openqa.selenium.TimeoutException -->
          <reporter-output>
          </reporter-output>
        </test-method> <!-- performEndToEndOperation -->
        <test-method is-config="true" signature="quit()[pri:0, instance:testcases.TC12_SelectEachPaymentMethod@55183b20]" started-at="2025-04-15T20:44:23 IST" name="quit" finished-at="2025-04-15T20:44:26 IST" duration-ms="3256" status="PASS">
          <reporter-output>
          </reporter-output>
        </test-method> <!-- quit -->
        <test-method is-config="true" signature="launch(java.lang.String)[pri:0, instance:testcases.TC12_SelectEachPaymentMethod@55183b20]" started-at="2025-04-15T20:44:26 IST" name="launch" finished-at="2025-04-15T20:44:31 IST" duration-ms="4584" status="PASS">
          <params>
            <param index="0">
              <value>
                <![CDATA[edge]]>
              </value>
            </param>
          </params>
          <reporter-output>
          </reporter-output>
        </test-method> <!-- launch -->
        <test-method signature="performEndToEndOperation(java.lang.String)[pri:0, instance:testcases.TC12_SelectEachPaymentMethod@55183b20]" started-at="2025-04-15T20:44:31 IST" name="performEndToEndOperation" data-provider="paymentMethods" finished-at="2025-04-15T20:44:55 IST" duration-ms="24409" status="PASS">
          <params>
            <param index="0">
              <value>
                <![CDATA[emi]]>
              </value>
            </param>
          </params>
          <reporter-output>
            <line>
              <![CDATA[Test case is pass ]]>
            </line>
          </reporter-output>
        </test-method> <!-- performEndToEndOperation -->
        <test-method is-config="true" signature="quit()[pri:0, instance:testcases.TC12_SelectEachPaymentMethod@55183b20]" started-at="2025-04-15T20:44:55 IST" name="quit" finished-at="2025-04-15T20:44:59 IST" duration-ms="3353" status="PASS">
          <reporter-output>
          </reporter-output>
        </test-method> <!-- quit -->
      </class> <!-- testcases.TC12_SelectEachPaymentMethod -->
      <class name="testcases.TC04_ProfileInfoUpdate">
        <test-method is-config="true" signature="launch(java.lang.String)[pri:0, instance:testcases.TC04_ProfileInfoUpdate@67c27493]" started-at="2025-04-15T20:36:31 IST" name="launch" finished-at="2025-04-15T20:36:36 IST" duration-ms="4846" status="PASS">
          <params>
            <param index="0">
              <value>
                <![CDATA[edge]]>
              </value>
            </param>
          </params>
          <reporter-output>
          </reporter-output>
        </test-method> <!-- launch -->
        <test-method signature="performEndToEndOperation()[pri:0, instance:testcases.TC04_ProfileInfoUpdate@67c27493]" started-at="2025-04-15T20:36:36 IST" name="performEndToEndOperation" finished-at="2025-04-15T20:36:50 IST" duration-ms="13712" status="PASS">
          <reporter-output>
            <line>
              <![CDATA[Profile Hub]]>
            </line>
            <line>
              <![CDATA[Test case is pass ]]>
            </line>
          </reporter-output>
        </test-method> <!-- performEndToEndOperation -->
        <test-method is-config="true" signature="quit()[pri:0, instance:testcases.TC04_ProfileInfoUpdate@67c27493]" started-at="2025-04-15T20:36:50 IST" name="quit" finished-at="2025-04-15T20:36:53 IST" duration-ms="3329" status="PASS">
          <reporter-output>
          </reporter-output>
        </test-method> <!-- quit -->
      </class> <!-- testcases.TC04_ProfileInfoUpdate -->
      <class name="testcases.TC11_EntireCheckoutProcess">
        <test-method is-config="true" signature="launch(java.lang.String)[pri:0, instance:testcases.TC11_EntireCheckoutProcess@1bd4fdd]" started-at="2025-04-15T20:39:56 IST" name="launch" finished-at="2025-04-15T20:40:00 IST" duration-ms="4014" status="PASS">
          <params>
            <param index="0">
              <value>
                <![CDATA[edge]]>
              </value>
            </param>
          </params>
          <reporter-output>
          </reporter-output>
        </test-method> <!-- launch -->
        <test-method retried="true" signature="performEndToEndOperation()[pri:0, instance:testcases.TC11_EntireCheckoutProcess@1bd4fdd]" started-at="2025-04-15T20:40:00 IST" name="performEndToEndOperation" finished-at="2025-04-15T20:40:45 IST" duration-ms="45488" status="SKIP">
          <exception class="org.openqa.selenium.TimeoutException">
            <message>
              <![CDATA[Expected condition failed: waiting for element to be clickable: Proxy element for: DefaultElementLocator 'By.xpath: (//input[@type='radio'])[5]' (tried for 10 second(s) with 500 milliseconds interval)]]>
            </message>
            <full-stacktrace>
              <![CDATA[org.openqa.selenium.TimeoutException: Expected condition failed: waiting for element to be clickable: Proxy element for: DefaultElementLocator 'By.xpath: (//input[@type='radio'])[5]' (tried for 10 second(s) with 500 milliseconds interval)
at org.openqa.selenium.support.ui.WebDriverWait.timeoutException(WebDriverWait.java:84)
at org.openqa.selenium.support.ui.FluentWait.until(FluentWait.java:228)
at pages.CheckoutPage.selectCod(CheckoutPage.java:154)
at testcases.TC11_EntireCheckoutProcess.performEndToEndOperation(TC11_EntireCheckoutProcess.java:63)
at java.base/jdk.internal.reflect.DirectMethodHandleAccessor.invoke(DirectMethodHandleAccessor.java:103)
at java.base/java.lang.reflect.Method.invoke(Method.java:580)
at org.testng.internal.invokers.MethodInvocationHelper.invokeMethod(MethodInvocationHelper.java:141)
at org.testng.internal.invokers.TestInvoker.invokeMethod(TestInvoker.java:686)
at org.testng.internal.invokers.TestInvoker.invokeTestMethod(TestInvoker.java:230)
at org.testng.internal.invokers.MethodRunner.runInSequence(MethodRunner.java:63)
at org.testng.internal.invokers.TestInvoker$MethodInvocationAgent.invoke(TestInvoker.java:992)
at org.testng.internal.invokers.TestInvoker.invokeTestMethods(TestInvoker.java:203)
at org.testng.internal.invokers.TestMethodWorker.invokeTestMethods(TestMethodWorker.java:154)
at org.testng.internal.invokers.TestMethodWorker.run(TestMethodWorker.java:134)
at java.base/java.util.ArrayList.forEach(ArrayList.java:1596)
at org.testng.TestRunner.privateRun(TestRunner.java:739)
at org.testng.TestRunner.run(TestRunner.java:614)
at org.testng.SuiteRunner.runTest(SuiteRunner.java:421)
at org.testng.SuiteRunner.runSequentially(SuiteRunner.java:413)
at org.testng.SuiteRunner.privateRun(SuiteRunner.java:373)
at org.testng.SuiteRunner.run(SuiteRunner.java:312)
at org.testng.SuiteRunnerWorker.runSuite(SuiteRunnerWorker.java:52)
at org.testng.SuiteRunnerWorker.run(SuiteRunnerWorker.java:95)
at org.testng.TestNG.runSuitesSequentially(TestNG.java:1274)
at org.testng.TestNG.runSuitesLocally(TestNG.java:1208)
at org.testng.TestNG.runSuites(TestNG.java:1112)
at org.testng.TestNG.run(TestNG.java:1079)
at org.apache.maven.surefire.testng.TestNGExecutor.run(TestNGExecutor.java:308)
at org.apache.maven.surefire.testng.TestNGXmlTestSuite.execute(TestNGXmlTestSuite.java:71)
at org.apache.maven.surefire.testng.TestNGProvider.invoke(TestNGProvider.java:113)
at org.apache.maven.surefire.booter.ForkedBooter.runSuitesInProcess(ForkedBooter.java:385)
at org.apache.maven.surefire.booter.ForkedBooter.execute(ForkedBooter.java:162)
at org.apache.maven.surefire.booter.ForkedBooter.run(ForkedBooter.java:507)
at org.apache.maven.surefire.booter.ForkedBooter.main(ForkedBooter.java:495)
Caused by: org.openqa.selenium.NoSuchElementException: no such element: Unable to locate element: {"method":"xpath","selector":"(//input[@type='radio'])[5]"}
  (Session info: MicrosoftEdge=135.0.3179.73)
For documentation on this error, please visit: https://www.selenium.dev/documentation/webdriver/troubleshooting/errors#no-such-element-exception
Build info: version: '4.28.1', revision: '73f5ad48a2'
System info: os.name: 'Windows 11', os.arch: 'amd64', os.version: '10.0', java.version: '21.0.6'
Driver info: org.openqa.selenium.edge.EdgeDriver
Command: [94b78ed7841be3783d9ad8ee63353755, findElement {value=(//input[@type='radio'])[5], using=xpath}]
Capabilities {acceptInsecureCerts: false, browserName: MicrosoftEdge, browserVersion: 135.0.3179.73, fedcm:accounts: true, ms:edgeOptions: {debuggerAddress: localhost:57628}, msedge: {msedgedriverVersion: 135.0.3179.73 (1aac646e08ad..., userDataDir: C:\Users\ASHUTO~1\AppData\L...}, networkConnectionEnabled: false, pageLoadStrategy: normal, platformName: windows, proxy: Proxy(), se:cdp: ws://localhost:57628/devtoo..., se:cdpVersion: 135.0.3179.73, setWindowRect: true, strictFileInteractability: false, timeouts: {implicit: 0, pageLoad: 300000, script: 30000}, unhandledPromptBehavior: dismiss and notify, webauthn:extension:credBlob: true, webauthn:extension:largeBlob: true, webauthn:extension:minPinLength: true, webauthn:extension:prf: true, webauthn:virtualAuthenticators: true}
Session ID: 94b78ed7841be3783d9ad8ee63353755
at java.base/jdk.internal.reflect.DirectConstructorHandleAccessor.newInstance(DirectConstructorHandleAccessor.java:62)
at java.base/java.lang.reflect.Constructor.newInstanceWithCaller(Constructor.java:502)
at java.base/java.lang.reflect.Constructor.newInstance(Constructor.java:486)
at org.openqa.selenium.remote.ErrorCodec.decode(ErrorCodec.java:167)
at org.openqa.selenium.remote.codec.w3c.W3CHttpResponseCodec.decode(W3CHttpResponseCodec.java:138)
at org.openqa.selenium.remote.codec.w3c.W3CHttpResponseCodec.decode(W3CHttpResponseCodec.java:50)
at org.openqa.selenium.remote.HttpCommandExecutor.execute(HttpCommandExecutor.java:215)
at org.openqa.selenium.remote.service.DriverCommandExecutor.invokeExecute(DriverCommandExecutor.java:216)
at org.openqa.selenium.remote.service.DriverCommandExecutor.execute(DriverCommandExecutor.java:174)
at org.openqa.selenium.remote.RemoteWebDriver.execute(RemoteWebDriver.java:545)
at org.openqa.selenium.remote.ElementLocation$ElementFinder$2.findElement(ElementLocation.java:165)
at org.openqa.selenium.remote.ElementLocation.findElement(ElementLocation.java:59)
at org.openqa.selenium.remote.RemoteWebDriver.findElement(RemoteWebDriver.java:368)
at org.openqa.selenium.remote.RemoteWebDriver.findElement(RemoteWebDriver.java:362)
at org.openqa.selenium.support.pagefactory.DefaultElementLocator.findElement(DefaultElementLocator.java:68)
at org.openqa.selenium.support.pagefactory.internal.LocatingElementHandler.invoke(LocatingElementHandler.java:38)
at jdk.proxy2/jdk.proxy2.$Proxy13.isDisplayed(Unknown Source)
at org.openqa.selenium.support.ui.ExpectedConditions.elementIfVisible(ExpectedConditions.java:304)
at org.openqa.selenium.support.ui.ExpectedConditions$10.apply(ExpectedConditions.java:290)
at org.openqa.selenium.support.ui.ExpectedConditions$10.apply(ExpectedConditions.java:287)
at org.openqa.selenium.support.ui.ExpectedConditions$23.apply(ExpectedConditions.java:656)
at org.openqa.selenium.support.ui.ExpectedConditions$23.apply(ExpectedConditions.java:652)
at org.openqa.selenium.support.ui.FluentWait.until(FluentWait.java:203)
... 32 more
]]>
            </full-stacktrace>
          </exception> <!-- org.openqa.selenium.TimeoutException -->
          <reporter-output>
          </reporter-output>
        </test-method> <!-- performEndToEndOperation -->
        <test-method is-config="true" signature="quit()[pri:0, instance:testcases.TC11_EntireCheckoutProcess@1bd4fdd]" started-at="2025-04-15T20:40:45 IST" name="quit" finished-at="2025-04-15T20:40:48 IST" duration-ms="3374" status="PASS">
          <reporter-output>
          </reporter-output>
        </test-method> <!-- quit -->
        <test-method is-config="true" signature="launch(java.lang.String)[pri:0, instance:testcases.TC11_EntireCheckoutProcess@1bd4fdd]" started-at="2025-04-15T20:40:48 IST" name="launch" finished-at="2025-04-15T20:40:51 IST" duration-ms="2999" status="PASS">
          <params>
            <param index="0">
              <value>
                <![CDATA[edge]]>
              </value>
            </param>
          </params>
          <reporter-output>
          </reporter-output>
        </test-method> <!-- launch -->
        <test-method retried="true" signature="performEndToEndOperation()[pri:0, instance:testcases.TC11_EntireCheckoutProcess@1bd4fdd]" started-at="2025-04-15T20:40:51 IST" name="performEndToEndOperation" finished-at="2025-04-15T20:41:39 IST" duration-ms="47698" status="SKIP">
          <exception class="org.openqa.selenium.TimeoutException">
            <message>
              <![CDATA[Expected condition failed: waiting for element to be clickable: Proxy element for: DefaultElementLocator 'By.xpath: (//input[@type='radio'])[5]' (tried for 10 second(s) with 500 milliseconds interval)]]>
            </message>
            <full-stacktrace>
              <![CDATA[org.openqa.selenium.TimeoutException: Expected condition failed: waiting for element to be clickable: Proxy element for: DefaultElementLocator 'By.xpath: (//input[@type='radio'])[5]' (tried for 10 second(s) with 500 milliseconds interval)
at org.openqa.selenium.support.ui.WebDriverWait.timeoutException(WebDriverWait.java:84)
at org.openqa.selenium.support.ui.FluentWait.until(FluentWait.java:228)
at pages.CheckoutPage.selectCod(CheckoutPage.java:154)
at testcases.TC11_EntireCheckoutProcess.performEndToEndOperation(TC11_EntireCheckoutProcess.java:63)
at java.base/jdk.internal.reflect.DirectMethodHandleAccessor.invoke(DirectMethodHandleAccessor.java:103)
at java.base/java.lang.reflect.Method.invoke(Method.java:580)
at org.testng.internal.invokers.MethodInvocationHelper.invokeMethod(MethodInvocationHelper.java:141)
at org.testng.internal.invokers.TestInvoker.invokeMethod(TestInvoker.java:686)
at org.testng.internal.invokers.TestInvoker.retryFailed(TestInvoker.java:269)
at org.testng.internal.invokers.MethodRunner.runInSequence(MethodRunner.java:76)
at org.testng.internal.invokers.TestInvoker$MethodInvocationAgent.invoke(TestInvoker.java:992)
at org.testng.internal.invokers.TestInvoker.invokeTestMethods(TestInvoker.java:203)
at org.testng.internal.invokers.TestMethodWorker.invokeTestMethods(TestMethodWorker.java:154)
at org.testng.internal.invokers.TestMethodWorker.run(TestMethodWorker.java:134)
at java.base/java.util.ArrayList.forEach(ArrayList.java:1596)
at org.testng.TestRunner.privateRun(TestRunner.java:739)
at org.testng.TestRunner.run(TestRunner.java:614)
at org.testng.SuiteRunner.runTest(SuiteRunner.java:421)
at org.testng.SuiteRunner.runSequentially(SuiteRunner.java:413)
at org.testng.SuiteRunner.privateRun(SuiteRunner.java:373)
at org.testng.SuiteRunner.run(SuiteRunner.java:312)
at org.testng.SuiteRunnerWorker.runSuite(SuiteRunnerWorker.java:52)
at org.testng.SuiteRunnerWorker.run(SuiteRunnerWorker.java:95)
at org.testng.TestNG.runSuitesSequentially(TestNG.java:1274)
at org.testng.TestNG.runSuitesLocally(TestNG.java:1208)
at org.testng.TestNG.runSuites(TestNG.java:1112)
at org.testng.TestNG.run(TestNG.java:1079)
at org.apache.maven.surefire.testng.TestNGExecutor.run(TestNGExecutor.java:308)
at org.apache.maven.surefire.testng.TestNGXmlTestSuite.execute(TestNGXmlTestSuite.java:71)
at org.apache.maven.surefire.testng.TestNGProvider.invoke(TestNGProvider.java:113)
at org.apache.maven.surefire.booter.ForkedBooter.runSuitesInProcess(ForkedBooter.java:385)
at org.apache.maven.surefire.booter.ForkedBooter.execute(ForkedBooter.java:162)
at org.apache.maven.surefire.booter.ForkedBooter.run(ForkedBooter.java:507)
at org.apache.maven.surefire.booter.ForkedBooter.main(ForkedBooter.java:495)
Caused by: org.openqa.selenium.NoSuchElementException: no such element: Unable to locate element: {"method":"xpath","selector":"(//input[@type='radio'])[5]"}
  (Session info: MicrosoftEdge=135.0.3179.73)
For documentation on this error, please visit: https://www.selenium.dev/documentation/webdriver/troubleshooting/errors#no-such-element-exception
Build info: version: '4.28.1', revision: '73f5ad48a2'
System info: os.name: 'Windows 11', os.arch: 'amd64', os.version: '10.0', java.version: '21.0.6'
Driver info: org.openqa.selenium.edge.EdgeDriver
Command: [3c315b8fd715ead8253829889bf9dc23, findElement {value=(//input[@type='radio'])[5], using=xpath}]
Capabilities {acceptInsecureCerts: false, browserName: MicrosoftEdge, browserVersion: 135.0.3179.73, fedcm:accounts: true, ms:edgeOptions: {debuggerAddress: localhost:57994}, msedge: {msedgedriverVersion: 135.0.3179.73 (1aac646e08ad..., userDataDir: C:\Users\ASHUTO~1\AppData\L...}, networkConnectionEnabled: false, pageLoadStrategy: normal, platformName: windows, proxy: Proxy(), se:cdp: ws://localhost:57994/devtoo..., se:cdpVersion: 135.0.3179.73, setWindowRect: true, strictFileInteractability: false, timeouts: {implicit: 0, pageLoad: 300000, script: 30000}, unhandledPromptBehavior: dismiss and notify, webauthn:extension:credBlob: true, webauthn:extension:largeBlob: true, webauthn:extension:minPinLength: true, webauthn:extension:prf: true, webauthn:virtualAuthenticators: true}
Session ID: 3c315b8fd715ead8253829889bf9dc23
at java.base/jdk.internal.reflect.DirectConstructorHandleAccessor.newInstance(DirectConstructorHandleAccessor.java:62)
at java.base/java.lang.reflect.Constructor.newInstanceWithCaller(Constructor.java:502)
at java.base/java.lang.reflect.Constructor.newInstance(Constructor.java:486)
at org.openqa.selenium.remote.ErrorCodec.decode(ErrorCodec.java:167)
at org.openqa.selenium.remote.codec.w3c.W3CHttpResponseCodec.decode(W3CHttpResponseCodec.java:138)
at org.openqa.selenium.remote.codec.w3c.W3CHttpResponseCodec.decode(W3CHttpResponseCodec.java:50)
at org.openqa.selenium.remote.HttpCommandExecutor.execute(HttpCommandExecutor.java:215)
at org.openqa.selenium.remote.service.DriverCommandExecutor.invokeExecute(DriverCommandExecutor.java:216)
at org.openqa.selenium.remote.service.DriverCommandExecutor.execute(DriverCommandExecutor.java:174)
at org.openqa.selenium.remote.RemoteWebDriver.execute(RemoteWebDriver.java:545)
at org.openqa.selenium.remote.ElementLocation$ElementFinder$2.findElement(ElementLocation.java:165)
at org.openqa.selenium.remote.ElementLocation.findElement(ElementLocation.java:59)
at org.openqa.selenium.remote.RemoteWebDriver.findElement(RemoteWebDriver.java:368)
at org.openqa.selenium.remote.RemoteWebDriver.findElement(RemoteWebDriver.java:362)
at org.openqa.selenium.support.pagefactory.DefaultElementLocator.findElement(DefaultElementLocator.java:68)
at org.openqa.selenium.support.pagefactory.internal.LocatingElementHandler.invoke(LocatingElementHandler.java:38)
at jdk.proxy2/jdk.proxy2.$Proxy13.isDisplayed(Unknown Source)
at org.openqa.selenium.support.ui.ExpectedConditions.elementIfVisible(ExpectedConditions.java:304)
at org.openqa.selenium.support.ui.ExpectedConditions$10.apply(ExpectedConditions.java:290)
at org.openqa.selenium.support.ui.ExpectedConditions$10.apply(ExpectedConditions.java:287)
at org.openqa.selenium.support.ui.ExpectedConditions$23.apply(ExpectedConditions.java:656)
at org.openqa.selenium.support.ui.ExpectedConditions$23.apply(ExpectedConditions.java:652)
at org.openqa.selenium.support.ui.FluentWait.until(FluentWait.java:203)
... 32 more
]]>
            </full-stacktrace>
          </exception> <!-- org.openqa.selenium.TimeoutException -->
          <reporter-output>
          </reporter-output>
        </test-method> <!-- performEndToEndOperation -->
        <test-method is-config="true" signature="quit()[pri:0, instance:testcases.TC11_EntireCheckoutProcess@1bd4fdd]" started-at="2025-04-15T20:41:39 IST" name="quit" finished-at="2025-04-15T20:41:42 IST" duration-ms="3320" status="PASS">
          <reporter-output>
          </reporter-output>
        </test-method> <!-- quit -->
        <test-method is-config="true" signature="launch(java.lang.String)[pri:0, instance:testcases.TC11_EntireCheckoutProcess@1bd4fdd]" started-at="2025-04-15T20:41:42 IST" name="launch" finished-at="2025-04-15T20:41:46 IST" duration-ms="3341" status="PASS">
          <params>
            <param index="0">
              <value>
                <![CDATA[edge]]>
              </value>
            </param>
          </params>
          <reporter-output>
          </reporter-output>
        </test-method> <!-- launch -->
        <test-method signature="performEndToEndOperation()[pri:0, instance:testcases.TC11_EntireCheckoutProcess@1bd4fdd]" started-at="2025-04-15T20:41:46 IST" name="performEndToEndOperation" finished-at="2025-04-15T20:42:36 IST" duration-ms="49889" status="FAIL">
          <exception class="org.openqa.selenium.TimeoutException">
            <message>
              <![CDATA[Expected condition failed: waiting for element to be clickable: Proxy element for: DefaultElementLocator 'By.xpath: (//input[@type='radio'])[5]' (tried for 10 second(s) with 500 milliseconds interval)]]>
            </message>
            <full-stacktrace>
              <![CDATA[org.openqa.selenium.TimeoutException: Expected condition failed: waiting for element to be clickable: Proxy element for: DefaultElementLocator 'By.xpath: (//input[@type='radio'])[5]' (tried for 10 second(s) with 500 milliseconds interval)
at org.openqa.selenium.support.ui.WebDriverWait.timeoutException(WebDriverWait.java:84)
at org.openqa.selenium.support.ui.FluentWait.until(FluentWait.java:228)
at pages.CheckoutPage.selectCod(CheckoutPage.java:154)
at testcases.TC11_EntireCheckoutProcess.performEndToEndOperation(TC11_EntireCheckoutProcess.java:63)
at java.base/jdk.internal.reflect.DirectMethodHandleAccessor.invoke(DirectMethodHandleAccessor.java:103)
at java.base/java.lang.reflect.Method.invoke(Method.java:580)
at org.testng.internal.invokers.MethodInvocationHelper.invokeMethod(MethodInvocationHelper.java:141)
at org.testng.internal.invokers.TestInvoker.invokeMethod(TestInvoker.java:686)
at org.testng.internal.invokers.TestInvoker.retryFailed(TestInvoker.java:269)
at org.testng.internal.invokers.MethodRunner.runInSequence(MethodRunner.java:76)
at org.testng.internal.invokers.TestInvoker$MethodInvocationAgent.invoke(TestInvoker.java:992)
at org.testng.internal.invokers.TestInvoker.invokeTestMethods(TestInvoker.java:203)
at org.testng.internal.invokers.TestMethodWorker.invokeTestMethods(TestMethodWorker.java:154)
at org.testng.internal.invokers.TestMethodWorker.run(TestMethodWorker.java:134)
at java.base/java.util.ArrayList.forEach(ArrayList.java:1596)
at org.testng.TestRunner.privateRun(TestRunner.java:739)
at org.testng.TestRunner.run(TestRunner.java:614)
at org.testng.SuiteRunner.runTest(SuiteRunner.java:421)
at org.testng.SuiteRunner.runSequentially(SuiteRunner.java:413)
at org.testng.SuiteRunner.privateRun(SuiteRunner.java:373)
at org.testng.SuiteRunner.run(SuiteRunner.java:312)
at org.testng.SuiteRunnerWorker.runSuite(SuiteRunnerWorker.java:52)
at org.testng.SuiteRunnerWorker.run(SuiteRunnerWorker.java:95)
at org.testng.TestNG.runSuitesSequentially(TestNG.java:1274)
at org.testng.TestNG.runSuitesLocally(TestNG.java:1208)
at org.testng.TestNG.runSuites(TestNG.java:1112)
at org.testng.TestNG.run(TestNG.java:1079)
at org.apache.maven.surefire.testng.TestNGExecutor.run(TestNGExecutor.java:308)
at org.apache.maven.surefire.testng.TestNGXmlTestSuite.execute(TestNGXmlTestSuite.java:71)
at org.apache.maven.surefire.testng.TestNGProvider.invoke(TestNGProvider.java:113)
at org.apache.maven.surefire.booter.ForkedBooter.runSuitesInProcess(ForkedBooter.java:385)
at org.apache.maven.surefire.booter.ForkedBooter.execute(ForkedBooter.java:162)
at org.apache.maven.surefire.booter.ForkedBooter.run(ForkedBooter.java:507)
at org.apache.maven.surefire.booter.ForkedBooter.main(ForkedBooter.java:495)
Caused by: org.openqa.selenium.NoSuchElementException: no such element: Unable to locate element: {"method":"xpath","selector":"(//input[@type='radio'])[5]"}
  (Session info: MicrosoftEdge=135.0.3179.73)
For documentation on this error, please visit: https://www.selenium.dev/documentation/webdriver/troubleshooting/errors#no-such-element-exception
Build info: version: '4.28.1', revision: '73f5ad48a2'
System info: os.name: 'Windows 11', os.arch: 'amd64', os.version: '10.0', java.version: '21.0.6'
Driver info: org.openqa.selenium.edge.EdgeDriver
Command: [5c5ab60b9b1f507b58b668369824416e, findElement {value=(//input[@type='radio'])[5], using=xpath}]
Capabilities {acceptInsecureCerts: false, browserName: MicrosoftEdge, browserVersion: 135.0.3179.73, fedcm:accounts: true, ms:edgeOptions: {debuggerAddress: localhost:58424}, msedge: {msedgedriverVersion: 135.0.3179.73 (1aac646e08ad..., userDataDir: C:\Users\ASHUTO~1\AppData\L...}, networkConnectionEnabled: false, pageLoadStrategy: normal, platformName: windows, proxy: Proxy(), se:cdp: ws://localhost:58424/devtoo..., se:cdpVersion: 135.0.3179.73, setWindowRect: true, strictFileInteractability: false, timeouts: {implicit: 0, pageLoad: 300000, script: 30000}, unhandledPromptBehavior: dismiss and notify, webauthn:extension:credBlob: true, webauthn:extension:largeBlob: true, webauthn:extension:minPinLength: true, webauthn:extension:prf: true, webauthn:virtualAuthenticators: true}
Session ID: 5c5ab60b9b1f507b58b668369824416e
at java.base/jdk.internal.reflect.DirectConstructorHandleAccessor.newInstance(DirectConstructorHandleAccessor.java:62)
at java.base/java.lang.reflect.Constructor.newInstanceWithCaller(Constructor.java:502)
at java.base/java.lang.reflect.Constructor.newInstance(Constructor.java:486)
at org.openqa.selenium.remote.ErrorCodec.decode(ErrorCodec.java:167)
at org.openqa.selenium.remote.codec.w3c.W3CHttpResponseCodec.decode(W3CHttpResponseCodec.java:138)
at org.openqa.selenium.remote.codec.w3c.W3CHttpResponseCodec.decode(W3CHttpResponseCodec.java:50)
at org.openqa.selenium.remote.HttpCommandExecutor.execute(HttpCommandExecutor.java:215)
at org.openqa.selenium.remote.service.DriverCommandExecutor.invokeExecute(DriverCommandExecutor.java:216)
at org.openqa.selenium.remote.service.DriverCommandExecutor.execute(DriverCommandExecutor.java:174)
at org.openqa.selenium.remote.RemoteWebDriver.execute(RemoteWebDriver.java:545)
at org.openqa.selenium.remote.ElementLocation$ElementFinder$2.findElement(ElementLocation.java:165)
at org.openqa.selenium.remote.ElementLocation.findElement(ElementLocation.java:59)
at org.openqa.selenium.remote.RemoteWebDriver.findElement(RemoteWebDriver.java:368)
at org.openqa.selenium.remote.RemoteWebDriver.findElement(RemoteWebDriver.java:362)
at org.openqa.selenium.support.pagefactory.DefaultElementLocator.findElement(DefaultElementLocator.java:68)
at org.openqa.selenium.support.pagefactory.internal.LocatingElementHandler.invoke(LocatingElementHandler.java:38)
at jdk.proxy2/jdk.proxy2.$Proxy13.isDisplayed(Unknown Source)
at org.openqa.selenium.support.ui.ExpectedConditions.elementIfVisible(ExpectedConditions.java:304)
at org.openqa.selenium.support.ui.ExpectedConditions$10.apply(ExpectedConditions.java:290)
at org.openqa.selenium.support.ui.ExpectedConditions$10.apply(ExpectedConditions.java:287)
at org.openqa.selenium.support.ui.ExpectedConditions$23.apply(ExpectedConditions.java:656)
at org.openqa.selenium.support.ui.ExpectedConditions$23.apply(ExpectedConditions.java:652)
at org.openqa.selenium.support.ui.FluentWait.until(FluentWait.java:203)
... 32 more
]]>
            </full-stacktrace>
          </exception> <!-- org.openqa.selenium.TimeoutException -->
          <reporter-output>
            <line>
              <![CDATA[Test case is fail ]]>
            </line>
          </reporter-output>
        </test-method> <!-- performEndToEndOperation -->
        <test-method is-config="true" signature="quit()[pri:0, instance:testcases.TC11_EntireCheckoutProcess@1bd4fdd]" started-at="2025-04-15T20:42:36 IST" name="quit" finished-at="2025-04-15T20:42:39 IST" duration-ms="3473" status="PASS">
          <reporter-output>
          </reporter-output>
        </test-method> <!-- quit -->
      </class> <!-- testcases.TC11_EntireCheckoutProcess -->
      <class name="testcases.TC06_SearchFilter">
        <test-method is-config="true" signature="launch(java.lang.String)[pri:0, instance:testcases.TC06_SearchFilter@72967906]" started-at="2025-04-15T20:37:06 IST" name="launch" finished-at="2025-04-15T20:37:11 IST" duration-ms="4336" status="PASS">
          <params>
            <param index="0">
              <value>
                <![CDATA[edge]]>
              </value>
            </param>
          </params>
          <reporter-output>
          </reporter-output>
        </test-method> <!-- launch -->
        <test-method signature="performEndToEndOperation()[pri:0, instance:testcases.TC06_SearchFilter@72967906]" started-at="2025-04-15T20:37:11 IST" name="performEndToEndOperation" finished-at="2025-04-15T20:37:23 IST" duration-ms="12060" status="PASS">
          <reporter-output>
            <line>
              <![CDATA[Amazon.in : shoes]]>
            </line>
            <line>
              <![CDATA[Test case is pass ]]>
            </line>
          </reporter-output>
        </test-method> <!-- performEndToEndOperation -->
        <test-method is-config="true" signature="quit()[pri:0, instance:testcases.TC06_SearchFilter@72967906]" started-at="2025-04-15T20:37:23 IST" name="quit" finished-at="2025-04-15T20:37:26 IST" duration-ms="3261" status="PASS">
          <reporter-output>
          </reporter-output>
        </test-method> <!-- quit -->
      </class> <!-- testcases.TC06_SearchFilter -->
      <class name="testcases.TC14_ProductReview">
        <test-method is-config="true" signature="launch(java.lang.String)[pri:0, instance:testcases.TC14_ProductReview@6cf0e0ba]" started-at="2025-04-15T20:45:30 IST" name="launch" finished-at="2025-04-15T20:45:33 IST" duration-ms="3691" status="PASS">
          <params>
            <param index="0">
              <value>
                <![CDATA[edge]]>
              </value>
            </param>
          </params>
          <reporter-output>
          </reporter-output>
        </test-method> <!-- launch -->
        <test-method retried="true" signature="performEndToEndOperation()[pri:0, instance:testcases.TC14_ProductReview@6cf0e0ba]" started-at="2025-04-15T20:45:33 IST" name="performEndToEndOperation" finished-at="2025-04-15T20:45:49 IST" duration-ms="15749" status="SKIP">
          <exception class="org.openqa.selenium.NoSuchElementException">
            <message>
              <![CDATA[no such element: Unable to locate element: {"method":"xpath","selector":"(//*[contains(text(),'Write a product review')])[1]"}
  (Session info: MicrosoftEdge=135.0.3179.73)
For documentation on this error, please visit: https://www.selenium.dev/documentation/webdriver/troubleshooting/errors#no-such-element-exception
Build info: version: '4.28.1', revision: '73f5ad48a2'
System info: os.name: 'Windows 11', os.arch: 'amd64', os.version: '10.0', java.version: '21.0.6'
Driver info: org.openqa.selenium.edge.EdgeDriver
Command: [57d3ae871246737cf382958aa1315df7, findElement {value=(//*[contains(text(),'Write a product review')])[1], using=xpath}]
Capabilities {acceptInsecureCerts: false, browserName: MicrosoftEdge, browserVersion: 135.0.3179.73, fedcm:accounts: true, ms:edgeOptions: {debuggerAddress: localhost:60148}, msedge: {msedgedriverVersion: 135.0.3179.73 (1aac646e08ad..., userDataDir: C:\Users\ASHUTO~1\AppData\L...}, networkConnectionEnabled: false, pageLoadStrategy: normal, platformName: windows, proxy: Proxy(), se:cdp: ws://localhost:60148/devtoo..., se:cdpVersion: 135.0.3179.73, setWindowRect: true, strictFileInteractability: false, timeouts: {implicit: 0, pageLoad: 300000, script: 30000}, unhandledPromptBehavior: dismiss and notify, webauthn:extension:credBlob: true, webauthn:extension:largeBlob: true, webauthn:extension:minPinLength: true, webauthn:extension:prf: true, webauthn:virtualAuthenticators: true}
Session ID: 57d3ae871246737cf382958aa1315df7]]>
            </message>
            <full-stacktrace>
              <![CDATA[org.openqa.selenium.NoSuchElementException: no such element: Unable to locate element: {"method":"xpath","selector":"(//*[contains(text(),'Write a product review')])[1]"}
  (Session info: MicrosoftEdge=135.0.3179.73)
For documentation on this error, please visit: https://www.selenium.dev/documentation/webdriver/troubleshooting/errors#no-such-element-exception
Build info: version: '4.28.1', revision: '73f5ad48a2'
System info: os.name: 'Windows 11', os.arch: 'amd64', os.version: '10.0', java.version: '21.0.6'
Driver info: org.openqa.selenium.edge.EdgeDriver
Command: [57d3ae871246737cf382958aa1315df7, findElement {value=(//*[contains(text(),'Write a product review')])[1], using=xpath}]
Capabilities {acceptInsecureCerts: false, browserName: MicrosoftEdge, browserVersion: 135.0.3179.73, fedcm:accounts: true, ms:edgeOptions: {debuggerAddress: localhost:60148}, msedge: {msedgedriverVersion: 135.0.3179.73 (1aac646e08ad..., userDataDir: C:\Users\ASHUTO~1\AppData\L...}, networkConnectionEnabled: false, pageLoadStrategy: normal, platformName: windows, proxy: Proxy(), se:cdp: ws://localhost:60148/devtoo..., se:cdpVersion: 135.0.3179.73, setWindowRect: true, strictFileInteractability: false, timeouts: {implicit: 0, pageLoad: 300000, script: 30000}, unhandledPromptBehavior: dismiss and notify, webauthn:extension:credBlob: true, webauthn:extension:largeBlob: true, webauthn:extension:minPinLength: true, webauthn:extension:prf: true, webauthn:virtualAuthenticators: true}
Session ID: 57d3ae871246737cf382958aa1315df7
at java.base/jdk.internal.reflect.DirectConstructorHandleAccessor.newInstance(DirectConstructorHandleAccessor.java:62)
at java.base/java.lang.reflect.Constructor.newInstanceWithCaller(Constructor.java:502)
at java.base/java.lang.reflect.Constructor.newInstance(Constructor.java:486)
at org.openqa.selenium.remote.ErrorCodec.decode(ErrorCodec.java:167)
at org.openqa.selenium.remote.codec.w3c.W3CHttpResponseCodec.decode(W3CHttpResponseCodec.java:138)
at org.openqa.selenium.remote.codec.w3c.W3CHttpResponseCodec.decode(W3CHttpResponseCodec.java:50)
at org.openqa.selenium.remote.HttpCommandExecutor.execute(HttpCommandExecutor.java:215)
at org.openqa.selenium.remote.service.DriverCommandExecutor.invokeExecute(DriverCommandExecutor.java:216)
at org.openqa.selenium.remote.service.DriverCommandExecutor.execute(DriverCommandExecutor.java:174)
at org.openqa.selenium.remote.RemoteWebDriver.execute(RemoteWebDriver.java:545)
at org.openqa.selenium.remote.ElementLocation$ElementFinder$2.findElement(ElementLocation.java:165)
at org.openqa.selenium.remote.ElementLocation.findElement(ElementLocation.java:59)
at org.openqa.selenium.remote.RemoteWebDriver.findElement(RemoteWebDriver.java:368)
at org.openqa.selenium.remote.RemoteWebDriver.findElement(RemoteWebDriver.java:362)
at org.openqa.selenium.support.pagefactory.DefaultElementLocator.findElement(DefaultElementLocator.java:68)
at org.openqa.selenium.support.pagefactory.internal.LocatingElementHandler.invoke(LocatingElementHandler.java:38)
at jdk.proxy2/jdk.proxy2.$Proxy13.click(Unknown Source)
at pages.YourOrdersPage.selectWriteProductReview(YourOrdersPage.java:54)
at testcases.TC14_ProductReview.performEndToEndOperation(TC14_ProductReview.java:36)
at java.base/jdk.internal.reflect.DirectMethodHandleAccessor.invoke(DirectMethodHandleAccessor.java:103)
at java.base/java.lang.reflect.Method.invoke(Method.java:580)
at org.testng.internal.invokers.MethodInvocationHelper.invokeMethod(MethodInvocationHelper.java:141)
at org.testng.internal.invokers.TestInvoker.invokeMethod(TestInvoker.java:686)
at org.testng.internal.invokers.TestInvoker.invokeTestMethod(TestInvoker.java:230)
at org.testng.internal.invokers.MethodRunner.runInSequence(MethodRunner.java:63)
at org.testng.internal.invokers.TestInvoker$MethodInvocationAgent.invoke(TestInvoker.java:992)
at org.testng.internal.invokers.TestInvoker.invokeTestMethods(TestInvoker.java:203)
at org.testng.internal.invokers.TestMethodWorker.invokeTestMethods(TestMethodWorker.java:154)
at org.testng.internal.invokers.TestMethodWorker.run(TestMethodWorker.java:134)
at java.base/java.util.ArrayList.forEach(ArrayList.java:1596)
at org.testng.TestRunner.privateRun(TestRunner.java:739)
at org.testng.TestRunner.run(TestRunner.java:614)
at org.testng.SuiteRunner.runTest(SuiteRunner.java:421)
at org.testng.SuiteRunner.runSequentially(SuiteRunner.java:413)
at org.testng.SuiteRunner.privateRun(SuiteRunner.java:373)
at org.testng.SuiteRunner.run(SuiteRunner.java:312)
at org.testng.SuiteRunnerWorker.runSuite(SuiteRunnerWorker.java:52)
at org.testng.SuiteRunnerWorker.run(SuiteRunnerWorker.java:95)
at org.testng.TestNG.runSuitesSequentially(TestNG.java:1274)
at org.testng.TestNG.runSuitesLocally(TestNG.java:1208)
at org.testng.TestNG.runSuites(TestNG.java:1112)
at org.testng.TestNG.run(TestNG.java:1079)
at org.apache.maven.surefire.testng.TestNGExecutor.run(TestNGExecutor.java:308)
at org.apache.maven.surefire.testng.TestNGXmlTestSuite.execute(TestNGXmlTestSuite.java:71)
at org.apache.maven.surefire.testng.TestNGProvider.invoke(TestNGProvider.java:113)
at org.apache.maven.surefire.booter.ForkedBooter.runSuitesInProcess(ForkedBooter.java:385)
at org.apache.maven.surefire.booter.ForkedBooter.execute(ForkedBooter.java:162)
at org.apache.maven.surefire.booter.ForkedBooter.run(ForkedBooter.java:507)
at org.apache.maven.surefire.booter.ForkedBooter.main(ForkedBooter.java:495)
]]>
            </full-stacktrace>
          </exception> <!-- org.openqa.selenium.NoSuchElementException -->
          <reporter-output>
          </reporter-output>
        </test-method> <!-- performEndToEndOperation -->
        <test-method is-config="true" signature="quit()[pri:0, instance:testcases.TC14_ProductReview@6cf0e0ba]" started-at="2025-04-15T20:45:49 IST" name="quit" finished-at="2025-04-15T20:45:53 IST" duration-ms="3342" status="PASS">
          <reporter-output>
          </reporter-output>
        </test-method> <!-- quit -->
        <test-method is-config="true" signature="launch(java.lang.String)[pri:0, instance:testcases.TC14_ProductReview@6cf0e0ba]" started-at="2025-04-15T20:45:53 IST" name="launch" finished-at="2025-04-15T20:45:58 IST" duration-ms="5408" status="PASS">
          <params>
            <param index="0">
              <value>
                <![CDATA[edge]]>
              </value>
            </param>
          </params>
          <reporter-output>
          </reporter-output>
        </test-method> <!-- launch -->
        <test-method retried="true" signature="performEndToEndOperation()[pri:0, instance:testcases.TC14_ProductReview@6cf0e0ba]" started-at="2025-04-15T20:45:58 IST" name="performEndToEndOperation" finished-at="2025-04-15T20:46:14 IST" duration-ms="15618" status="SKIP">
          <exception class="org.openqa.selenium.NoSuchElementException">
            <message>
              <![CDATA[no such element: Unable to locate element: {"method":"xpath","selector":"(//*[contains(text(),'Write a product review')])[1]"}
  (Session info: MicrosoftEdge=135.0.3179.73)
For documentation on this error, please visit: https://www.selenium.dev/documentation/webdriver/troubleshooting/errors#no-such-element-exception
Build info: version: '4.28.1', revision: '73f5ad48a2'
System info: os.name: 'Windows 11', os.arch: 'amd64', os.version: '10.0', java.version: '21.0.6'
Driver info: org.openqa.selenium.edge.EdgeDriver
Command: [7e91537bf6554450bce6321f35349c5e, findElement {value=(//*[contains(text(),'Write a product review')])[1], using=xpath}]
Capabilities {acceptInsecureCerts: false, browserName: MicrosoftEdge, browserVersion: 135.0.3179.73, fedcm:accounts: true, ms:edgeOptions: {debuggerAddress: localhost:60377}, msedge: {msedgedriverVersion: 135.0.3179.73 (1aac646e08ad..., userDataDir: C:\Users\ASHUTO~1\AppData\L...}, networkConnectionEnabled: false, pageLoadStrategy: normal, platformName: windows, proxy: Proxy(), se:cdp: ws://localhost:60377/devtoo..., se:cdpVersion: 135.0.3179.73, setWindowRect: true, strictFileInteractability: false, timeouts: {implicit: 0, pageLoad: 300000, script: 30000}, unhandledPromptBehavior: dismiss and notify, webauthn:extension:credBlob: true, webauthn:extension:largeBlob: true, webauthn:extension:minPinLength: true, webauthn:extension:prf: true, webauthn:virtualAuthenticators: true}
Session ID: 7e91537bf6554450bce6321f35349c5e]]>
            </message>
            <full-stacktrace>
              <![CDATA[org.openqa.selenium.NoSuchElementException: no such element: Unable to locate element: {"method":"xpath","selector":"(//*[contains(text(),'Write a product review')])[1]"}
  (Session info: MicrosoftEdge=135.0.3179.73)
For documentation on this error, please visit: https://www.selenium.dev/documentation/webdriver/troubleshooting/errors#no-such-element-exception
Build info: version: '4.28.1', revision: '73f5ad48a2'
System info: os.name: 'Windows 11', os.arch: 'amd64', os.version: '10.0', java.version: '21.0.6'
Driver info: org.openqa.selenium.edge.EdgeDriver
Command: [7e91537bf6554450bce6321f35349c5e, findElement {value=(//*[contains(text(),'Write a product review')])[1], using=xpath}]
Capabilities {acceptInsecureCerts: false, browserName: MicrosoftEdge, browserVersion: 135.0.3179.73, fedcm:accounts: true, ms:edgeOptions: {debuggerAddress: localhost:60377}, msedge: {msedgedriverVersion: 135.0.3179.73 (1aac646e08ad..., userDataDir: C:\Users\ASHUTO~1\AppData\L...}, networkConnectionEnabled: false, pageLoadStrategy: normal, platformName: windows, proxy: Proxy(), se:cdp: ws://localhost:60377/devtoo..., se:cdpVersion: 135.0.3179.73, setWindowRect: true, strictFileInteractability: false, timeouts: {implicit: 0, pageLoad: 300000, script: 30000}, unhandledPromptBehavior: dismiss and notify, webauthn:extension:credBlob: true, webauthn:extension:largeBlob: true, webauthn:extension:minPinLength: true, webauthn:extension:prf: true, webauthn:virtualAuthenticators: true}
Session ID: 7e91537bf6554450bce6321f35349c5e
at java.base/jdk.internal.reflect.DirectConstructorHandleAccessor.newInstance(DirectConstructorHandleAccessor.java:62)
at java.base/java.lang.reflect.Constructor.newInstanceWithCaller(Constructor.java:502)
at java.base/java.lang.reflect.Constructor.newInstance(Constructor.java:486)
at org.openqa.selenium.remote.ErrorCodec.decode(ErrorCodec.java:167)
at org.openqa.selenium.remote.codec.w3c.W3CHttpResponseCodec.decode(W3CHttpResponseCodec.java:138)
at org.openqa.selenium.remote.codec.w3c.W3CHttpResponseCodec.decode(W3CHttpResponseCodec.java:50)
at org.openqa.selenium.remote.HttpCommandExecutor.execute(HttpCommandExecutor.java:215)
at org.openqa.selenium.remote.service.DriverCommandExecutor.invokeExecute(DriverCommandExecutor.java:216)
at org.openqa.selenium.remote.service.DriverCommandExecutor.execute(DriverCommandExecutor.java:174)
at org.openqa.selenium.remote.RemoteWebDriver.execute(RemoteWebDriver.java:545)
at org.openqa.selenium.remote.ElementLocation$ElementFinder$2.findElement(ElementLocation.java:165)
at org.openqa.selenium.remote.ElementLocation.findElement(ElementLocation.java:59)
at org.openqa.selenium.remote.RemoteWebDriver.findElement(RemoteWebDriver.java:368)
at org.openqa.selenium.remote.RemoteWebDriver.findElement(RemoteWebDriver.java:362)
at org.openqa.selenium.support.pagefactory.DefaultElementLocator.findElement(DefaultElementLocator.java:68)
at org.openqa.selenium.support.pagefactory.internal.LocatingElementHandler.invoke(LocatingElementHandler.java:38)
at jdk.proxy2/jdk.proxy2.$Proxy13.click(Unknown Source)
at pages.YourOrdersPage.selectWriteProductReview(YourOrdersPage.java:54)
at testcases.TC14_ProductReview.performEndToEndOperation(TC14_ProductReview.java:36)
at java.base/jdk.internal.reflect.DirectMethodHandleAccessor.invoke(DirectMethodHandleAccessor.java:103)
at java.base/java.lang.reflect.Method.invoke(Method.java:580)
at org.testng.internal.invokers.MethodInvocationHelper.invokeMethod(MethodInvocationHelper.java:141)
at org.testng.internal.invokers.TestInvoker.invokeMethod(TestInvoker.java:686)
at org.testng.internal.invokers.TestInvoker.retryFailed(TestInvoker.java:269)
at org.testng.internal.invokers.MethodRunner.runInSequence(MethodRunner.java:76)
at org.testng.internal.invokers.TestInvoker$MethodInvocationAgent.invoke(TestInvoker.java:992)
at org.testng.internal.invokers.TestInvoker.invokeTestMethods(TestInvoker.java:203)
at org.testng.internal.invokers.TestMethodWorker.invokeTestMethods(TestMethodWorker.java:154)
at org.testng.internal.invokers.TestMethodWorker.run(TestMethodWorker.java:134)
at java.base/java.util.ArrayList.forEach(ArrayList.java:1596)
at org.testng.TestRunner.privateRun(TestRunner.java:739)
at org.testng.TestRunner.run(TestRunner.java:614)
at org.testng.SuiteRunner.runTest(SuiteRunner.java:421)
at org.testng.SuiteRunner.runSequentially(SuiteRunner.java:413)
at org.testng.SuiteRunner.privateRun(SuiteRunner.java:373)
at org.testng.SuiteRunner.run(SuiteRunner.java:312)
at org.testng.SuiteRunnerWorker.runSuite(SuiteRunnerWorker.java:52)
at org.testng.SuiteRunnerWorker.run(SuiteRunnerWorker.java:95)
at org.testng.TestNG.runSuitesSequentially(TestNG.java:1274)
at org.testng.TestNG.runSuitesLocally(TestNG.java:1208)
at org.testng.TestNG.runSuites(TestNG.java:1112)
at org.testng.TestNG.run(TestNG.java:1079)
at org.apache.maven.surefire.testng.TestNGExecutor.run(TestNGExecutor.java:308)
at org.apache.maven.surefire.testng.TestNGXmlTestSuite.execute(TestNGXmlTestSuite.java:71)
at org.apache.maven.surefire.testng.TestNGProvider.invoke(TestNGProvider.java:113)
at org.apache.maven.surefire.booter.ForkedBooter.runSuitesInProcess(ForkedBooter.java:385)
at org.apache.maven.surefire.booter.ForkedBooter.execute(ForkedBooter.java:162)
at org.apache.maven.surefire.booter.ForkedBooter.run(ForkedBooter.java:507)
at org.apache.maven.surefire.booter.ForkedBooter.main(ForkedBooter.java:495)
]]>
            </full-stacktrace>
          </exception> <!-- org.openqa.selenium.NoSuchElementException -->
          <reporter-output>
          </reporter-output>
        </test-method> <!-- performEndToEndOperation -->
        <test-method is-config="true" signature="quit()[pri:0, instance:testcases.TC14_ProductReview@6cf0e0ba]" started-at="2025-04-15T20:46:14 IST" name="quit" finished-at="2025-04-15T20:46:17 IST" duration-ms="3338" status="PASS">
          <reporter-output>
          </reporter-output>
        </test-method> <!-- quit -->
        <test-method is-config="true" signature="launch(java.lang.String)[pri:0, instance:testcases.TC14_ProductReview@6cf0e0ba]" started-at="2025-04-15T20:46:17 IST" name="launch" finished-at="2025-04-15T20:46:20 IST" duration-ms="3584" status="PASS">
          <params>
            <param index="0">
              <value>
                <![CDATA[edge]]>
              </value>
            </param>
          </params>
          <reporter-output>
          </reporter-output>
        </test-method> <!-- launch -->
        <test-method signature="performEndToEndOperation()[pri:0, instance:testcases.TC14_ProductReview@6cf0e0ba]" started-at="2025-04-15T20:46:20 IST" name="performEndToEndOperation" finished-at="2025-04-15T20:46:36 IST" duration-ms="15995" status="FAIL">
          <exception class="org.openqa.selenium.NoSuchElementException">
            <message>
              <![CDATA[no such element: Unable to locate element: {"method":"xpath","selector":"(//*[contains(text(),'Write a product review')])[1]"}
  (Session info: MicrosoftEdge=135.0.3179.73)
For documentation on this error, please visit: https://www.selenium.dev/documentation/webdriver/troubleshooting/errors#no-such-element-exception
Build info: version: '4.28.1', revision: '73f5ad48a2'
System info: os.name: 'Windows 11', os.arch: 'amd64', os.version: '10.0', java.version: '21.0.6'
Driver info: org.openqa.selenium.edge.EdgeDriver
Command: [f136c2ff4c4d52f259ab59e3324ae573, findElement {value=(//*[contains(text(),'Write a product review')])[1], using=xpath}]
Capabilities {acceptInsecureCerts: false, browserName: MicrosoftEdge, browserVersion: 135.0.3179.73, fedcm:accounts: true, ms:edgeOptions: {debuggerAddress: localhost:60510}, msedge: {msedgedriverVersion: 135.0.3179.73 (1aac646e08ad..., userDataDir: C:\Users\ASHUTO~1\AppData\L...}, networkConnectionEnabled: false, pageLoadStrategy: normal, platformName: windows, proxy: Proxy(), se:cdp: ws://localhost:60510/devtoo..., se:cdpVersion: 135.0.3179.73, setWindowRect: true, strictFileInteractability: false, timeouts: {implicit: 0, pageLoad: 300000, script: 30000}, unhandledPromptBehavior: dismiss and notify, webauthn:extension:credBlob: true, webauthn:extension:largeBlob: true, webauthn:extension:minPinLength: true, webauthn:extension:prf: true, webauthn:virtualAuthenticators: true}
Session ID: f136c2ff4c4d52f259ab59e3324ae573]]>
            </message>
            <full-stacktrace>
              <![CDATA[org.openqa.selenium.NoSuchElementException: no such element: Unable to locate element: {"method":"xpath","selector":"(//*[contains(text(),'Write a product review')])[1]"}
  (Session info: MicrosoftEdge=135.0.3179.73)
For documentation on this error, please visit: https://www.selenium.dev/documentation/webdriver/troubleshooting/errors#no-such-element-exception
Build info: version: '4.28.1', revision: '73f5ad48a2'
System info: os.name: 'Windows 11', os.arch: 'amd64', os.version: '10.0', java.version: '21.0.6'
Driver info: org.openqa.selenium.edge.EdgeDriver
Command: [f136c2ff4c4d52f259ab59e3324ae573, findElement {value=(//*[contains(text(),'Write a product review')])[1], using=xpath}]
Capabilities {acceptInsecureCerts: false, browserName: MicrosoftEdge, browserVersion: 135.0.3179.73, fedcm:accounts: true, ms:edgeOptions: {debuggerAddress: localhost:60510}, msedge: {msedgedriverVersion: 135.0.3179.73 (1aac646e08ad..., userDataDir: C:\Users\ASHUTO~1\AppData\L...}, networkConnectionEnabled: false, pageLoadStrategy: normal, platformName: windows, proxy: Proxy(), se:cdp: ws://localhost:60510/devtoo..., se:cdpVersion: 135.0.3179.73, setWindowRect: true, strictFileInteractability: false, timeouts: {implicit: 0, pageLoad: 300000, script: 30000}, unhandledPromptBehavior: dismiss and notify, webauthn:extension:credBlob: true, webauthn:extension:largeBlob: true, webauthn:extension:minPinLength: true, webauthn:extension:prf: true, webauthn:virtualAuthenticators: true}
Session ID: f136c2ff4c4d52f259ab59e3324ae573
at java.base/jdk.internal.reflect.DirectConstructorHandleAccessor.newInstance(DirectConstructorHandleAccessor.java:62)
at java.base/java.lang.reflect.Constructor.newInstanceWithCaller(Constructor.java:502)
at java.base/java.lang.reflect.Constructor.newInstance(Constructor.java:486)
at org.openqa.selenium.remote.ErrorCodec.decode(ErrorCodec.java:167)
at org.openqa.selenium.remote.codec.w3c.W3CHttpResponseCodec.decode(W3CHttpResponseCodec.java:138)
at org.openqa.selenium.remote.codec.w3c.W3CHttpResponseCodec.decode(W3CHttpResponseCodec.java:50)
at org.openqa.selenium.remote.HttpCommandExecutor.execute(HttpCommandExecutor.java:215)
at org.openqa.selenium.remote.service.DriverCommandExecutor.invokeExecute(DriverCommandExecutor.java:216)
at org.openqa.selenium.remote.service.DriverCommandExecutor.execute(DriverCommandExecutor.java:174)
at org.openqa.selenium.remote.RemoteWebDriver.execute(RemoteWebDriver.java:545)
at org.openqa.selenium.remote.ElementLocation$ElementFinder$2.findElement(ElementLocation.java:165)
at org.openqa.selenium.remote.ElementLocation.findElement(ElementLocation.java:59)
at org.openqa.selenium.remote.RemoteWebDriver.findElement(RemoteWebDriver.java:368)
at org.openqa.selenium.remote.RemoteWebDriver.findElement(RemoteWebDriver.java:362)
at org.openqa.selenium.support.pagefactory.DefaultElementLocator.findElement(DefaultElementLocator.java:68)
at org.openqa.selenium.support.pagefactory.internal.LocatingElementHandler.invoke(LocatingElementHandler.java:38)
at jdk.proxy2/jdk.proxy2.$Proxy13.click(Unknown Source)
at pages.YourOrdersPage.selectWriteProductReview(YourOrdersPage.java:54)
at testcases.TC14_ProductReview.performEndToEndOperation(TC14_ProductReview.java:36)
at java.base/jdk.internal.reflect.DirectMethodHandleAccessor.invoke(DirectMethodHandleAccessor.java:103)
at java.base/java.lang.reflect.Method.invoke(Method.java:580)
at org.testng.internal.invokers.MethodInvocationHelper.invokeMethod(MethodInvocationHelper.java:141)
at org.testng.internal.invokers.TestInvoker.invokeMethod(TestInvoker.java:686)
at org.testng.internal.invokers.TestInvoker.retryFailed(TestInvoker.java:269)
at org.testng.internal.invokers.MethodRunner.runInSequence(MethodRunner.java:76)
at org.testng.internal.invokers.TestInvoker$MethodInvocationAgent.invoke(TestInvoker.java:992)
at org.testng.internal.invokers.TestInvoker.invokeTestMethods(TestInvoker.java:203)
at org.testng.internal.invokers.TestMethodWorker.invokeTestMethods(TestMethodWorker.java:154)
at org.testng.internal.invokers.TestMethodWorker.run(TestMethodWorker.java:134)
at java.base/java.util.ArrayList.forEach(ArrayList.java:1596)
at org.testng.TestRunner.privateRun(TestRunner.java:739)
at org.testng.TestRunner.run(TestRunner.java:614)
at org.testng.SuiteRunner.runTest(SuiteRunner.java:421)
at org.testng.SuiteRunner.runSequentially(SuiteRunner.java:413)
at org.testng.SuiteRunner.privateRun(SuiteRunner.java:373)
at org.testng.SuiteRunner.run(SuiteRunner.java:312)
at org.testng.SuiteRunnerWorker.runSuite(SuiteRunnerWorker.java:52)
at org.testng.SuiteRunnerWorker.run(SuiteRunnerWorker.java:95)
at org.testng.TestNG.runSuitesSequentially(TestNG.java:1274)
at org.testng.TestNG.runSuitesLocally(TestNG.java:1208)
at org.testng.TestNG.runSuites(TestNG.java:1112)
at org.testng.TestNG.run(TestNG.java:1079)
at org.apache.maven.surefire.testng.TestNGExecutor.run(TestNGExecutor.java:308)
at org.apache.maven.surefire.testng.TestNGXmlTestSuite.execute(TestNGXmlTestSuite.java:71)
at org.apache.maven.surefire.testng.TestNGProvider.invoke(TestNGProvider.java:113)
at org.apache.maven.surefire.booter.ForkedBooter.runSuitesInProcess(ForkedBooter.java:385)
at org.apache.maven.surefire.booter.ForkedBooter.execute(ForkedBooter.java:162)
at org.apache.maven.surefire.booter.ForkedBooter.run(ForkedBooter.java:507)
at org.apache.maven.surefire.booter.ForkedBooter.main(ForkedBooter.java:495)
]]>
            </full-stacktrace>
          </exception> <!-- org.openqa.selenium.NoSuchElementException -->
          <reporter-output>
            <line>
              <![CDATA[Test case is fail ]]>
            </line>
          </reporter-output>
        </test-method> <!-- performEndToEndOperation -->
        <test-method is-config="true" signature="quit()[pri:0, instance:testcases.TC14_ProductReview@6cf0e0ba]" started-at="2025-04-15T20:46:37 IST" name="quit" finished-at="2025-04-15T20:46:40 IST" duration-ms="3310" status="PASS">
          <reporter-output>
          </reporter-output>
        </test-method> <!-- quit -->
      </class> <!-- testcases.TC14_ProductReview -->
      <class name="testcases.TC05_SearchPage">
        <test-method is-config="true" signature="launch(java.lang.String)[pri:0, instance:testcases.TC05_SearchPage@1a482e36]" started-at="2025-04-15T20:36:53 IST" name="launch" finished-at="2025-04-15T20:36:56 IST" duration-ms="3296" status="PASS">
          <params>
            <param index="0">
              <value>
                <![CDATA[edge]]>
              </value>
            </param>
          </params>
          <reporter-output>
          </reporter-output>
        </test-method> <!-- launch -->
        <test-method signature="performEndToEndOperation()[pri:0, instance:testcases.TC05_SearchPage@1a482e36]" started-at="2025-04-15T20:36:56 IST" name="performEndToEndOperation" finished-at="2025-04-15T20:37:03 IST" duration-ms="6524" status="PASS">
          <reporter-output>
            <line>
              <![CDATA[Amazon.in : shoes]]>
            </line>
            <line>
              <![CDATA[Test case is pass ]]>
            </line>
          </reporter-output>
        </test-method> <!-- performEndToEndOperation -->
        <test-method is-config="true" signature="quit()[pri:0, instance:testcases.TC05_SearchPage@1a482e36]" started-at="2025-04-15T20:37:03 IST" name="quit" finished-at="2025-04-15T20:37:06 IST" duration-ms="3317" status="PASS">
          <reporter-output>
          </reporter-output>
        </test-method> <!-- quit -->
      </class> <!-- testcases.TC05_SearchPage -->
      <class name="testcases.TC09_Cart">
        <test-method is-config="true" signature="launch(java.lang.String)[pri:0, instance:testcases.TC09_Cart@747ddf94]" started-at="2025-04-15T20:39:00 IST" name="launch" finished-at="2025-04-15T20:39:04 IST" duration-ms="3596" status="PASS">
          <params>
            <param index="0">
              <value>
                <![CDATA[edge]]>
              </value>
            </param>
          </params>
          <reporter-output>
          </reporter-output>
        </test-method> <!-- launch -->
        <test-method signature="performEndToEndOperation()[pri:0, instance:testcases.TC09_Cart@747ddf94]" started-at="2025-04-15T20:39:04 IST" name="performEndToEndOperation" finished-at="2025-04-15T20:39:24 IST" duration-ms="19795" status="PASS">
          <reporter-output>
            <line>
              <![CDATA[Amazon.in Shopping Cart]]>
            </line>
            <line>
              <![CDATA[Test case is pass ]]>
            </line>
          </reporter-output>
        </test-method> <!-- performEndToEndOperation -->
        <test-method is-config="true" signature="quit()[pri:0, instance:testcases.TC09_Cart@747ddf94]" started-at="2025-04-15T20:39:24 IST" name="quit" finished-at="2025-04-15T20:39:27 IST" duration-ms="3352" status="PASS">
          <reporter-output>
          </reporter-output>
        </test-method> <!-- quit -->
      </class> <!-- testcases.TC09_Cart -->
      <class name="testcases.TC08_ProductSort">
        <test-method is-config="true" signature="launch(java.lang.String)[pri:0, instance:testcases.TC08_ProductSort@2f9f7dcf]" started-at="2025-04-15T20:37:51 IST" name="launch" finished-at="2025-04-15T20:37:55 IST" duration-ms="3432" status="PASS">
          <params>
            <param index="0">
              <value>
                <![CDATA[edge]]>
              </value>
            </param>
          </params>
          <reporter-output>
          </reporter-output>
        </test-method> <!-- launch -->
        <test-method signature="performEndToEndOperation(java.lang.String)[pri:0, instance:testcases.TC08_ProductSort@2f9f7dcf]" started-at="2025-04-15T20:37:55 IST" name="performEndToEndOperation" data-provider="sortby" finished-at="2025-04-15T20:38:02 IST" duration-ms="6728" status="PASS">
          <params>
            <param index="0">
              <value>
                <![CDATA[lowtohigh]]>
              </value>
            </param>
          </params>
          <reporter-output>
            <line>
              <![CDATA[Test case is pass ]]>
            </line>
          </reporter-output>
        </test-method> <!-- performEndToEndOperation -->
        <test-method is-config="true" signature="quit()[pri:0, instance:testcases.TC08_ProductSort@2f9f7dcf]" started-at="2025-04-15T20:38:02 IST" name="quit" finished-at="2025-04-15T20:38:05 IST" duration-ms="3343" status="PASS">
          <reporter-output>
          </reporter-output>
        </test-method> <!-- quit -->
        <test-method is-config="true" signature="launch(java.lang.String)[pri:0, instance:testcases.TC08_ProductSort@2f9f7dcf]" started-at="2025-04-15T20:38:05 IST" name="launch" finished-at="2025-04-15T20:38:08 IST" duration-ms="3279" status="PASS">
          <params>
            <param index="0">
              <value>
                <![CDATA[edge]]>
              </value>
            </param>
          </params>
          <reporter-output>
          </reporter-output>
        </test-method> <!-- launch -->
        <test-method signature="performEndToEndOperation(java.lang.String)[pri:0, instance:testcases.TC08_ProductSort@2f9f7dcf]" started-at="2025-04-15T20:38:08 IST" name="performEndToEndOperation" data-provider="sortby" finished-at="2025-04-15T20:38:15 IST" duration-ms="6916" status="PASS">
          <params>
            <param index="0">
              <value>
                <![CDATA[hightolow]]>
              </value>
            </param>
          </params>
          <reporter-output>
            <line>
              <![CDATA[Test case is pass ]]>
            </line>
          </reporter-output>
        </test-method> <!-- performEndToEndOperation -->
        <test-method is-config="true" signature="quit()[pri:0, instance:testcases.TC08_ProductSort@2f9f7dcf]" started-at="2025-04-15T20:38:15 IST" name="quit" finished-at="2025-04-15T20:38:19 IST" duration-ms="3317" status="PASS">
          <reporter-output>
          </reporter-output>
        </test-method> <!-- quit -->
        <test-method is-config="true" signature="launch(java.lang.String)[pri:0, instance:testcases.TC08_ProductSort@2f9f7dcf]" started-at="2025-04-15T20:38:19 IST" name="launch" finished-at="2025-04-15T20:38:23 IST" duration-ms="3763" status="PASS">
          <params>
            <param index="0">
              <value>
                <![CDATA[edge]]>
              </value>
            </param>
          </params>
          <reporter-output>
          </reporter-output>
        </test-method> <!-- launch -->
        <test-method signature="performEndToEndOperation(java.lang.String)[pri:0, instance:testcases.TC08_ProductSort@2f9f7dcf]" started-at="2025-04-15T20:38:23 IST" name="performEndToEndOperation" data-provider="sortby" finished-at="2025-04-15T20:38:29 IST" duration-ms="6749" status="PASS">
          <params>
            <param index="0">
              <value>
                <![CDATA[custreview]]>
              </value>
            </param>
          </params>
          <reporter-output>
            <line>
              <![CDATA[Test case is pass ]]>
            </line>
          </reporter-output>
        </test-method> <!-- performEndToEndOperation -->
        <test-method is-config="true" signature="quit()[pri:0, instance:testcases.TC08_ProductSort@2f9f7dcf]" started-at="2025-04-15T20:38:29 IST" name="quit" finished-at="2025-04-15T20:38:33 IST" duration-ms="3224" status="PASS">
          <reporter-output>
          </reporter-output>
        </test-method> <!-- quit -->
        <test-method is-config="true" signature="launch(java.lang.String)[pri:0, instance:testcases.TC08_ProductSort@2f9f7dcf]" started-at="2025-04-15T20:38:33 IST" name="launch" finished-at="2025-04-15T20:38:37 IST" duration-ms="3890" status="PASS">
          <params>
            <param index="0">
              <value>
                <![CDATA[edge]]>
              </value>
            </param>
          </params>
          <reporter-output>
          </reporter-output>
        </test-method> <!-- launch -->
        <test-method signature="performEndToEndOperation(java.lang.String)[pri:0, instance:testcases.TC08_ProductSort@2f9f7dcf]" started-at="2025-04-15T20:38:37 IST" name="performEndToEndOperation" data-provider="sortby" finished-at="2025-04-15T20:38:43 IST" duration-ms="6816" status="PASS">
          <params>
            <param index="0">
              <value>
                <![CDATA[newest]]>
              </value>
            </param>
          </params>
          <reporter-output>
            <line>
              <![CDATA[Test case is pass ]]>
            </line>
          </reporter-output>
        </test-method> <!-- performEndToEndOperation -->
        <test-method is-config="true" signature="quit()[pri:0, instance:testcases.TC08_ProductSort@2f9f7dcf]" started-at="2025-04-15T20:38:43 IST" name="quit" finished-at="2025-04-15T20:38:47 IST" duration-ms="3276" status="PASS">
          <reporter-output>
          </reporter-output>
        </test-method> <!-- quit -->
        <test-method is-config="true" signature="launch(java.lang.String)[pri:0, instance:testcases.TC08_ProductSort@2f9f7dcf]" started-at="2025-04-15T20:38:47 IST" name="launch" finished-at="2025-04-15T20:38:50 IST" duration-ms="3294" status="PASS">
          <params>
            <param index="0">
              <value>
                <![CDATA[edge]]>
              </value>
            </param>
          </params>
          <reporter-output>
          </reporter-output>
        </test-method> <!-- launch -->
        <test-method signature="performEndToEndOperation(java.lang.String)[pri:0, instance:testcases.TC08_ProductSort@2f9f7dcf]" started-at="2025-04-15T20:38:50 IST" name="performEndToEndOperation" data-provider="sortby" finished-at="2025-04-15T20:38:57 IST" duration-ms="7013" status="PASS">
          <params>
            <param index="0">
              <value>
                <![CDATA[seller]]>
              </value>
            </param>
          </params>
          <reporter-output>
            <line>
              <![CDATA[Test case is pass ]]>
            </line>
          </reporter-output>
        </test-method> <!-- performEndToEndOperation -->
        <test-method is-config="true" signature="quit()[pri:0, instance:testcases.TC08_ProductSort@2f9f7dcf]" started-at="2025-04-15T20:38:57 IST" name="quit" finished-at="2025-04-15T20:39:00 IST" duration-ms="3242" status="PASS">
          <reporter-output>
          </reporter-output>
        </test-method> <!-- quit -->
      </class> <!-- testcases.TC08_ProductSort -->
      <class name="testcases.TC01_NewUser">
        <test-method is-config="true" signature="launch(java.lang.String)[pri:0, instance:testcases.TC01_NewUser@a514af7]" started-at="2025-04-15T20:35:47 IST" name="launch" finished-at="2025-04-15T20:35:51 IST" duration-ms="3700" status="PASS">
          <params>
            <param index="0">
              <value>
                <![CDATA[edge]]>
              </value>
            </param>
          </params>
          <reporter-output>
          </reporter-output>
        </test-method> <!-- launch -->
        <test-method signature="performEndToEndOperation()[pri:0, instance:testcases.TC01_NewUser@a514af7]" started-at="2025-04-15T20:35:51 IST" name="performEndToEndOperation" finished-at="2025-04-15T20:35:52 IST" duration-ms="1201" status="PASS">
          <reporter-output>
            <line>
              <![CDATA[Test case is pass ]]>
            </line>
          </reporter-output>
        </test-method> <!-- performEndToEndOperation -->
        <test-method is-config="true" signature="quit()[pri:0, instance:testcases.TC01_NewUser@a514af7]" started-at="2025-04-15T20:35:52 IST" name="quit" finished-at="2025-04-15T20:35:56 IST" duration-ms="3209" status="PASS">
          <reporter-output>
          </reporter-output>
        </test-method> <!-- quit -->
      </class> <!-- testcases.TC01_NewUser -->
      <class name="testcases.TC15_search_wishlist_cart">
        <test-method is-config="true" signature="launch(java.lang.String)[pri:0, instance:testcases.TC15_search_wishlist_cart@7d8995e]" started-at="2025-04-15T20:46:40 IST" name="launch" finished-at="2025-04-15T20:46:43 IST" duration-ms="3455" status="PASS">
          <params>
            <param index="0">
              <value>
                <![CDATA[edge]]>
              </value>
            </param>
          </params>
          <reporter-output>
          </reporter-output>
        </test-method> <!-- launch -->
        <test-method signature="performEndToEndOperation()[pri:0, instance:testcases.TC15_search_wishlist_cart@7d8995e]" started-at="2025-04-15T20:46:43 IST" name="performEndToEndOperation" finished-at="2025-04-15T20:46:51 IST" duration-ms="7830" status="PASS">
          <reporter-output>
            <line>
              <![CDATA[Test case is pass ]]>
            </line>
          </reporter-output>
        </test-method> <!-- performEndToEndOperation -->
        <test-method is-config="true" signature="quit()[pri:0, instance:testcases.TC15_search_wishlist_cart@7d8995e]" started-at="2025-04-15T20:46:51 IST" name="quit" finished-at="2025-04-15T20:46:55 IST" duration-ms="3345" status="PASS">
          <reporter-output>
          </reporter-output>
        </test-method> <!-- quit -->
      </class> <!-- testcases.TC15_search_wishlist_cart -->
      <class name="testcases.TC13_CouponCode">
        <test-method is-config="true" signature="launch(java.lang.String)[pri:0, instance:testcases.TC13_CouponCode@4f83df68]" started-at="2025-04-15T20:44:59 IST" name="launch" finished-at="2025-04-15T20:45:02 IST" duration-ms="3357" status="PASS">
          <params>
            <param index="0">
              <value>
                <![CDATA[edge]]>
              </value>
            </param>
          </params>
          <reporter-output>
          </reporter-output>
        </test-method> <!-- launch -->
        <test-method signature="performEndToEndOperation()[pri:0, instance:testcases.TC13_CouponCode@4f83df68]" started-at="2025-04-15T20:45:02 IST" name="performEndToEndOperation" finished-at="2025-04-15T20:45:26 IST" duration-ms="24287" status="PASS">
          <reporter-output>
            <line>
              <![CDATA[Test case is pass ]]>
            </line>
          </reporter-output>
        </test-method> <!-- performEndToEndOperation -->
        <test-method is-config="true" signature="quit()[pri:0, instance:testcases.TC13_CouponCode@4f83df68]" started-at="2025-04-15T20:45:26 IST" name="quit" finished-at="2025-04-15T20:45:30 IST" duration-ms="3343" status="PASS">
          <reporter-output>
          </reporter-output>
        </test-method> <!-- quit -->
      </class> <!-- testcases.TC13_CouponCode -->
      <class name="testcases.TC03_1_ManageProfile">
        <test-method is-config="true" signature="launch(java.lang.String)[pri:0, instance:testcases.TC03_1_ManageProfile@77fbd92c]" started-at="2025-04-15T20:36:18 IST" name="launch" finished-at="2025-04-15T20:36:21 IST" duration-ms="3285" status="PASS">
          <params>
            <param index="0">
              <value>
                <![CDATA[edge]]>
              </value>
            </param>
          </params>
          <reporter-output>
          </reporter-output>
        </test-method> <!-- launch -->
        <test-method signature="performEndToEndOperation()[pri:0, instance:testcases.TC03_1_ManageProfile@77fbd92c]" started-at="2025-04-15T20:36:21 IST" name="performEndToEndOperation" finished-at="2025-04-15T20:36:28 IST" duration-ms="6717" status="PASS">
          <reporter-output>
            <line>
              <![CDATA[Your Profile]]>
            </line>
            <line>
              <![CDATA[Test case is pass ]]>
            </line>
          </reporter-output>
        </test-method> <!-- performEndToEndOperation -->
        <test-method is-config="true" signature="quit()[pri:0, instance:testcases.TC03_1_ManageProfile@77fbd92c]" started-at="2025-04-15T20:36:28 IST" name="quit" finished-at="2025-04-15T20:36:31 IST" duration-ms="3284" status="PASS">
          <reporter-output>
          </reporter-output>
        </test-method> <!-- quit -->
      </class> <!-- testcases.TC03_1_ManageProfile -->
      <class name="testcases.TC07_ProductDetails">
        <test-method is-config="true" signature="launch(java.lang.String)[pri:0, instance:testcases.TC07_ProductDetails@5b8dfcc1]" started-at="2025-04-15T20:37:26 IST" name="launch" finished-at="2025-04-15T20:37:31 IST" duration-ms="5035" status="PASS">
          <params>
            <param index="0">
              <value>
                <![CDATA[edge]]>
              </value>
            </param>
          </params>
          <reporter-output>
          </reporter-output>
        </test-method> <!-- launch -->
        <test-method signature="performEndToEndOperation()[pri:0, instance:testcases.TC07_ProductDetails@5b8dfcc1]" started-at="2025-04-15T20:37:31 IST" name="performEndToEndOperation" finished-at="2025-04-15T20:37:48 IST" duration-ms="16812" status="PASS">
          <reporter-output>
            <line>
              <![CDATA[Test case is pass ]]>
            </line>
          </reporter-output>
        </test-method> <!-- performEndToEndOperation -->
        <test-method is-config="true" signature="quit()[pri:0, instance:testcases.TC07_ProductDetails@5b8dfcc1]" started-at="2025-04-15T20:37:48 IST" name="quit" finished-at="2025-04-15T20:37:51 IST" duration-ms="3351" status="PASS">
          <reporter-output>
          </reporter-output>
        </test-method> <!-- quit -->
      </class> <!-- testcases.TC07_ProductDetails -->
      <class name="testcases.TC03_LoginFailed">
        <test-method is-config="true" signature="launch(java.lang.String)[pri:0, instance:testcases.TC03_LoginFailed@59662a0b]" started-at="2025-04-15T20:36:07 IST" name="launch" finished-at="2025-04-15T20:36:10 IST" duration-ms="3186" status="PASS">
          <params>
            <param index="0">
              <value>
                <![CDATA[edge]]>
              </value>
            </param>
          </params>
          <reporter-output>
          </reporter-output>
        </test-method> <!-- launch -->
        <test-method signature="performEndToEndOperation()[pri:0, instance:testcases.TC03_LoginFailed@59662a0b]" started-at="2025-04-15T20:36:10 IST" name="performEndToEndOperation" finished-at="2025-04-15T20:36:14 IST" duration-ms="3762" status="PASS">
          <reporter-output>
            <line>
              <![CDATA[Forgot password?]]>
            </line>
            <line>
              <![CDATA[Test case is pass ]]>
            </line>
          </reporter-output>
        </test-method> <!-- performEndToEndOperation -->
        <test-method is-config="true" signature="quit()[pri:0, instance:testcases.TC03_LoginFailed@59662a0b]" started-at="2025-04-15T20:36:14 IST" name="quit" finished-at="2025-04-15T20:36:18 IST" duration-ms="3256" status="PASS">
          <reporter-output>
          </reporter-output>
        </test-method> <!-- quit -->
      </class> <!-- testcases.TC03_LoginFailed -->
      <class name="testcases.TC02_SuccessfulLogin">
        <test-method is-config="true" signature="launch(java.lang.String)[pri:0, instance:testcases.TC02_SuccessfulLogin@1b7cc17c]" started-at="2025-04-15T20:35:56 IST" name="launch" finished-at="2025-04-15T20:35:59 IST" duration-ms="3476" status="PASS">
          <params>
            <param index="0">
              <value>
                <![CDATA[edge]]>
              </value>
            </param>
          </params>
          <reporter-output>
          </reporter-output>
        </test-method> <!-- launch -->
        <test-method signature="performEndToEndOperation()[pri:0, instance:testcases.TC02_SuccessfulLogin@1b7cc17c]" started-at="2025-04-15T20:35:59 IST" name="performEndToEndOperation" finished-at="2025-04-15T20:36:04 IST" duration-ms="4778" status="PASS">
          <reporter-output>
            <line>
              <![CDATA[Test case is pass ]]>
            </line>
          </reporter-output>
        </test-method> <!-- performEndToEndOperation -->
        <test-method is-config="true" signature="quit()[pri:0, instance:testcases.TC02_SuccessfulLogin@1b7cc17c]" started-at="2025-04-15T20:36:04 IST" name="quit" finished-at="2025-04-15T20:36:07 IST" duration-ms="3292" status="PASS">
          <reporter-output>
          </reporter-output>
        </test-method> <!-- quit -->
      </class> <!-- testcases.TC02_SuccessfulLogin -->
    </test> <!-- Amazon End-to-End Tests Execution with Edge Browser -->
    <test started-at="2025-04-15T20:46:55 IST" name="Amazon End-to-End Tests Execution with Chrome Browser" finished-at="2025-04-15T20:47:22 IST" duration-ms="26706">
      <class name="testcases.TC02_SuccessfulLogin">
        <test-method is-config="true" signature="launch(java.lang.String)[pri:0, instance:testcases.TC02_SuccessfulLogin@6771beb3]" started-at="2025-04-15T20:46:55 IST" name="launch" finished-at="2025-04-15T20:46:58 IST" duration-ms="2790" status="PASS">
          <params>
            <param index="0">
              <value>
                <![CDATA[chrome]]>
              </value>
            </param>
          </params>
          <reporter-output>
          </reporter-output>
        </test-method> <!-- launch -->
        <test-method retried="true" signature="performEndToEndOperation()[pri:0, instance:testcases.TC02_SuccessfulLogin@6771beb3]" started-at="2025-04-15T20:46:58 IST" name="performEndToEndOperation" finished-at="2025-04-15T20:47:08 IST" duration-ms="10075" status="SKIP">
          <exception class="org.openqa.selenium.json.JsonException">
            <message>
              <![CDATA[java.lang.reflect.InvocationTargetException
Build info: version: '4.28.1', revision: '73f5ad48a2'
System info: os.name: 'Windows 11', os.arch: 'amd64', os.version: '10.0', java.version: '21.0.6'
Driver info: org.openqa.selenium.chrome.ChromeDriver
Command: [88e8a6ae1627a4812c47672584609f72, actions {actions=[org.openqa.selenium.interactions.Sequence@9cdf13e]}]
Capabilities {acceptInsecureCerts: false, browserName: chrome, browserVersion: 135.0.7049.85, chrome: {chromedriverVersion: 135.0.7049.84 (6c019e560019..., userDataDir: C:\Users\ASHUTO~1\AppData\L...}, fedcm:accounts: true, goog:chromeOptions: {debuggerAddress: localhost:60847}, networkConnectionEnabled: false, pageLoadStrategy: normal, platformName: windows, proxy: Proxy(), se:cdp: ws://localhost:60847/devtoo..., se:cdpVersion: 135.0.7049.85, setWindowRect: true, strictFileInteractability: false, timeouts: {implicit: 0, pageLoad: 300000, script: 30000}, unhandledPromptBehavior: dismiss and notify, webauthn:extension:credBlob: true, webauthn:extension:largeBlob: true, webauthn:extension:minPinLength: true, webauthn:extension:prf: true, webauthn:virtualAuthenticators: true}
Session ID: 88e8a6ae1627a4812c47672584609f72]]>
            </message>
            <full-stacktrace>
              <![CDATA[org.openqa.selenium.json.JsonException: java.lang.reflect.InvocationTargetException
Build info: version: '4.28.1', revision: '73f5ad48a2'
System info: os.name: 'Windows 11', os.arch: 'amd64', os.version: '10.0', java.version: '21.0.6'
Driver info: org.openqa.selenium.chrome.ChromeDriver
Command: [88e8a6ae1627a4812c47672584609f72, actions {actions=[org.openqa.selenium.interactions.Sequence@9cdf13e]}]
Capabilities {acceptInsecureCerts: false, browserName: chrome, browserVersion: 135.0.7049.85, chrome: {chromedriverVersion: 135.0.7049.84 (6c019e560019..., userDataDir: C:\Users\ASHUTO~1\AppData\L...}, fedcm:accounts: true, goog:chromeOptions: {debuggerAddress: localhost:60847}, networkConnectionEnabled: false, pageLoadStrategy: normal, platformName: windows, proxy: Proxy(), se:cdp: ws://localhost:60847/devtoo..., se:cdpVersion: 135.0.7049.85, setWindowRect: true, strictFileInteractability: false, timeouts: {implicit: 0, pageLoad: 300000, script: 30000}, unhandledPromptBehavior: dismiss and notify, webauthn:extension:credBlob: true, webauthn:extension:largeBlob: true, webauthn:extension:minPinLength: true, webauthn:extension:prf: true, webauthn:virtualAuthenticators: true}
Session ID: 88e8a6ae1627a4812c47672584609f72
at org.openqa.selenium.json.JsonOutput.convertUsingMethod(JsonOutput.java:520)
at org.openqa.selenium.json.JsonOutput.lambda$new$16(JsonOutput.java:182)
at org.openqa.selenium.json.JsonOutput.write0(JsonOutput.java:409)
at org.openqa.selenium.json.JsonOutput.lambda$new$22(JsonOutput.java:204)
at java.base/java.util.stream.ForEachOps$ForEachOp$OfRef.accept(ForEachOps.java:184)
at java.base/java.util.stream.ReferencePipeline$2$1.accept(ReferencePipeline.java:179)
at java.base/java.util.Iterator.forEachRemaining(Iterator.java:133)
at java.base/java.util.Spliterators$IteratorSpliterator.forEachRemaining(Spliterators.java:1939)
at java.base/java.util.stream.AbstractPipeline.copyInto(AbstractPipeline.java:509)
at java.base/java.util.stream.AbstractPipeline.wrapAndCopyInto(AbstractPipeline.java:499)
at java.base/java.util.stream.ForEachOps$ForEachOp.evaluateSequential(ForEachOps.java:151)
at java.base/java.util.stream.ForEachOps$ForEachOp$OfRef.evaluateSequential(ForEachOps.java:174)
at java.base/java.util.stream.AbstractPipeline.evaluate(AbstractPipeline.java:234)
at java.base/java.util.stream.ReferencePipeline.forEach(ReferencePipeline.java:596)
at org.openqa.selenium.json.JsonOutput.lambda$new$23(JsonOutput.java:204)
at org.openqa.selenium.json.JsonOutput.write0(JsonOutput.java:409)
at org.openqa.selenium.json.JsonOutput.lambda$new$24(JsonOutput.java:222)
at java.base/java.util.Map.forEach(Map.java:733)
at org.openqa.selenium.json.JsonOutput.lambda$new$25(JsonOutput.java:217)
at org.openqa.selenium.json.JsonOutput.write0(JsonOutput.java:409)
at org.openqa.selenium.json.JsonOutput.write(JsonOutput.java:400)
at org.openqa.selenium.json.Json.toJson(Json.java:133)
at org.openqa.selenium.json.Json.toJson(Json.java:119)
at org.openqa.selenium.remote.codec.AbstractHttpCommandCodec.encode(AbstractHttpCommandCodec.java:246)
at org.openqa.selenium.remote.codec.AbstractHttpCommandCodec.encode(AbstractHttpCommandCodec.java:111)
at org.openqa.selenium.remote.HttpCommandExecutor.execute(HttpCommandExecutor.java:203)
at org.openqa.selenium.remote.service.DriverCommandExecutor.invokeExecute(DriverCommandExecutor.java:216)
at org.openqa.selenium.remote.service.DriverCommandExecutor.execute(DriverCommandExecutor.java:174)
at org.openqa.selenium.remote.RemoteWebDriver.execute(RemoteWebDriver.java:545)
at org.openqa.selenium.remote.RemoteWebDriver.perform(RemoteWebDriver.java:631)
at org.openqa.selenium.interactions.Actions$BuiltAction.perform(Actions.java:616)
at org.openqa.selenium.interactions.Actions.perform(Actions.java:581)
at pages.HomePage.hoverover(HomePage.java:56)
at testcases.TC02_SuccessfulLogin.performEndToEndOperation(TC02_SuccessfulLogin.java:23)
at java.base/jdk.internal.reflect.DirectMethodHandleAccessor.invoke(DirectMethodHandleAccessor.java:103)
at java.base/java.lang.reflect.Method.invoke(Method.java:580)
at org.testng.internal.invokers.MethodInvocationHelper.invokeMethod(MethodInvocationHelper.java:141)
at org.testng.internal.invokers.TestInvoker.invokeMethod(TestInvoker.java:686)
at org.testng.internal.invokers.TestInvoker.invokeTestMethod(TestInvoker.java:230)
at org.testng.internal.invokers.MethodRunner.runInSequence(MethodRunner.java:63)
at org.testng.internal.invokers.TestInvoker$MethodInvocationAgent.invoke(TestInvoker.java:992)
at org.testng.internal.invokers.TestInvoker.invokeTestMethods(TestInvoker.java:203)
at org.testng.internal.invokers.TestMethodWorker.invokeTestMethods(TestMethodWorker.java:154)
at org.testng.internal.invokers.TestMethodWorker.run(TestMethodWorker.java:134)
at java.base/java.util.ArrayList.forEach(ArrayList.java:1596)
at org.testng.TestRunner.privateRun(TestRunner.java:739)
at org.testng.TestRunner.run(TestRunner.java:614)
at org.testng.SuiteRunner.runTest(SuiteRunner.java:421)
at org.testng.SuiteRunner.runSequentially(SuiteRunner.java:413)
at org.testng.SuiteRunner.privateRun(SuiteRunner.java:373)
at org.testng.SuiteRunner.run(SuiteRunner.java:312)
at org.testng.SuiteRunnerWorker.runSuite(SuiteRunnerWorker.java:52)
at org.testng.SuiteRunnerWorker.run(SuiteRunnerWorker.java:95)
at org.testng.TestNG.runSuitesSequentially(TestNG.java:1274)
at org.testng.TestNG.runSuitesLocally(TestNG.java:1208)
at org.testng.TestNG.runSuites(TestNG.java:1112)
at org.testng.TestNG.run(TestNG.java:1079)
at org.apache.maven.surefire.testng.TestNGExecutor.run(TestNGExecutor.java:308)
at org.apache.maven.surefire.testng.TestNGXmlTestSuite.execute(TestNGXmlTestSuite.java:71)
at org.apache.maven.surefire.testng.TestNGProvider.invoke(TestNGProvider.java:113)
at org.apache.maven.surefire.booter.ForkedBooter.runSuitesInProcess(ForkedBooter.java:385)
at org.apache.maven.surefire.booter.ForkedBooter.execute(ForkedBooter.java:162)
at org.apache.maven.surefire.booter.ForkedBooter.run(ForkedBooter.java:507)
at org.apache.maven.surefire.booter.ForkedBooter.main(ForkedBooter.java:495)
Suppressed: org.openqa.selenium.json.JsonException: Attempting to close incomplete json stream
Build info: version: '4.28.1', revision: '73f5ad48a2'
System info: os.name: 'Windows 11', os.arch: 'amd64', os.version: '10.0', java.version: '21.0.6'
Driver info: driver.version: RemoteWebDriver
at org.openqa.selenium.json.JsonOutput.close(JsonOutput.java:431)
at org.openqa.selenium.json.Json.toJson(Json.java:131)
... 42 more
Caused by: java.lang.reflect.InvocationTargetException
at java.base/jdk.internal.reflect.DirectMethodHandleAccessor.invoke(DirectMethodHandleAccessor.java:118)
at java.base/java.lang.reflect.Method.invoke(Method.java:580)
at org.openqa.selenium.json.JsonOutput.convertUsingMethod(JsonOutput.java:516)
... 63 more
Caused by: org.openqa.selenium.NoSuchElementException: no such element: Unable to locate element: {"method":"xpath","selector":"//span[@class='nav-line-2 ']"}
  (Session info: chrome=135.0.7049.85)
For documentation on this error, please visit: https://www.selenium.dev/documentation/webdriver/troubleshooting/errors#no-such-element-exception
Build info: version: '4.28.1', revision: '73f5ad48a2'
System info: os.name: 'Windows 11', os.arch: 'amd64', os.version: '10.0', java.version: '21.0.6'
Driver info: org.openqa.selenium.chrome.ChromeDriver
Command: [88e8a6ae1627a4812c47672584609f72, findElement {value=//span[@class='nav-line-2 '], using=xpath}]
Capabilities {acceptInsecureCerts: false, browserName: chrome, browserVersion: 135.0.7049.85, chrome: {chromedriverVersion: 135.0.7049.84 (6c019e560019..., userDataDir: C:\Users\ASHUTO~1\AppData\L...}, fedcm:accounts: true, goog:chromeOptions: {debuggerAddress: localhost:60847}, networkConnectionEnabled: false, pageLoadStrategy: normal, platformName: windows, proxy: Proxy(), se:cdp: ws://localhost:60847/devtoo..., se:cdpVersion: 135.0.7049.85, setWindowRect: true, strictFileInteractability: false, timeouts: {implicit: 0, pageLoad: 300000, script: 30000}, unhandledPromptBehavior: dismiss and notify, webauthn:extension:credBlob: true, webauthn:extension:largeBlob: true, webauthn:extension:minPinLength: true, webauthn:extension:prf: true, webauthn:virtualAuthenticators: true}
Session ID: 88e8a6ae1627a4812c47672584609f72
at java.base/jdk.internal.reflect.DirectConstructorHandleAccessor.newInstance(DirectConstructorHandleAccessor.java:62)
at java.base/java.lang.reflect.Constructor.newInstanceWithCaller(Constructor.java:502)
at java.base/java.lang.reflect.Constructor.newInstance(Constructor.java:486)
at org.openqa.selenium.remote.ErrorCodec.decode(ErrorCodec.java:167)
at org.openqa.selenium.remote.codec.w3c.W3CHttpResponseCodec.decode(W3CHttpResponseCodec.java:138)
at org.openqa.selenium.remote.codec.w3c.W3CHttpResponseCodec.decode(W3CHttpResponseCodec.java:50)
at org.openqa.selenium.remote.HttpCommandExecutor.execute(HttpCommandExecutor.java:215)
at org.openqa.selenium.remote.service.DriverCommandExecutor.invokeExecute(DriverCommandExecutor.java:216)
at org.openqa.selenium.remote.service.DriverCommandExecutor.execute(DriverCommandExecutor.java:174)
at org.openqa.selenium.remote.RemoteWebDriver.execute(RemoteWebDriver.java:545)
at org.openqa.selenium.remote.ElementLocation$ElementFinder$2.findElement(ElementLocation.java:165)
at org.openqa.selenium.remote.ElementLocation.findElement(ElementLocation.java:59)
at org.openqa.selenium.remote.RemoteWebDriver.findElement(RemoteWebDriver.java:368)
at org.openqa.selenium.remote.RemoteWebDriver.findElement(RemoteWebDriver.java:362)
at org.openqa.selenium.support.pagefactory.DefaultElementLocator.findElement(DefaultElementLocator.java:68)
at org.openqa.selenium.support.pagefactory.internal.LocatingElementHandler.invoke(LocatingElementHandler.java:38)
at jdk.proxy2/jdk.proxy2.$Proxy13.getWrappedElement(Unknown Source)
at org.openqa.selenium.interactions.PointerInput$Origin.asArg(PointerInput.java:262)
at org.openqa.selenium.interactions.PointerInput$Move.encode(PointerInput.java:211)
at org.openqa.selenium.interactions.Sequence.encode(Sequence.java:74)
at org.openqa.selenium.interactions.Sequence.toJson(Sequence.java:83)
at java.base/jdk.internal.reflect.DirectMethodHandleAccessor.invoke(DirectMethodHandleAccessor.java:103)
... 65 more
]]>
            </full-stacktrace>
          </exception> <!-- org.openqa.selenium.json.JsonException -->
          <reporter-output>
          </reporter-output>
        </test-method> <!-- performEndToEndOperation -->
        <test-method is-config="true" signature="quit()[pri:0, instance:testcases.TC02_SuccessfulLogin@6771beb3]" started-at="2025-04-15T20:47:08 IST" name="quit" finished-at="2025-04-15T20:47:11 IST" duration-ms="3027" status="PASS">
          <reporter-output>
          </reporter-output>
        </test-method> <!-- quit -->
        <test-method is-config="true" signature="launch(java.lang.String)[pri:0, instance:testcases.TC02_SuccessfulLogin@6771beb3]" started-at="2025-04-15T20:47:11 IST" name="launch" finished-at="2025-04-15T20:47:15 IST" duration-ms="3993" status="PASS">
          <params>
            <param index="0">
              <value>
                <![CDATA[chrome]]>
              </value>
            </param>
          </params>
          <reporter-output>
          </reporter-output>
        </test-method> <!-- launch -->
        <test-method signature="performEndToEndOperation()[pri:0, instance:testcases.TC02_SuccessfulLogin@6771beb3]" started-at="2025-04-15T20:47:15 IST" name="performEndToEndOperation" finished-at="2025-04-15T20:47:19 IST" duration-ms="4470" status="PASS">
          <reporter-output>
            <line>
              <![CDATA[Test case is pass ]]>
            </line>
          </reporter-output>
        </test-method> <!-- performEndToEndOperation -->
        <test-method is-config="true" signature="quit()[pri:0, instance:testcases.TC02_SuccessfulLogin@6771beb3]" started-at="2025-04-15T20:47:19 IST" name="quit" finished-at="2025-04-15T20:47:22 IST" duration-ms="2223" status="PASS">
          <reporter-output>
          </reporter-output>
        </test-method> <!-- quit -->
      </class> <!-- testcases.TC02_SuccessfulLogin -->
    </test> <!-- Amazon End-to-End Tests Execution with Chrome Browser -->
    <test started-at="2025-04-15T20:47:22 IST" name="Amazon End-to-End Tests Execution with Firefox Browser" finished-at="2025-04-15T20:47:37 IST" duration-ms="15492">
      <class name="testcases.TC02_SuccessfulLogin">
        <test-method is-config="true" signature="launch(java.lang.String)[pri:0, instance:testcases.TC02_SuccessfulLogin@6b2ea799]" started-at="2025-04-15T20:47:22 IST" name="launch" finished-at="2025-04-15T20:47:28 IST" duration-ms="6867" status="PASS">
          <params>
            <param index="0">
              <value>
                <![CDATA[firefox]]>
              </value>
            </param>
          </params>
          <reporter-output>
          </reporter-output>
        </test-method> <!-- launch -->
        <test-method signature="performEndToEndOperation()[pri:0, instance:testcases.TC02_SuccessfulLogin@6b2ea799]" started-at="2025-04-15T20:47:28 IST" name="performEndToEndOperation" finished-at="2025-04-15T20:47:33 IST" duration-ms="5063" status="PASS">
          <reporter-output>
            <line>
              <![CDATA[Test case is pass ]]>
            </line>
          </reporter-output>
        </test-method> <!-- performEndToEndOperation -->
        <test-method is-config="true" signature="quit()[pri:0, instance:testcases.TC02_SuccessfulLogin@6b2ea799]" started-at="2025-04-15T20:47:34 IST" name="quit" finished-at="2025-04-15T20:47:37 IST" duration-ms="3470" status="PASS">
          <reporter-output>
          </reporter-output>
        </test-method> <!-- quit -->
      </class> <!-- testcases.TC02_SuccessfulLogin -->
    </test> <!-- Amazon End-to-End Tests Execution with Firefox Browser -->
  </suite> <!-- Amazon End-to-End Test Suite -->
</testng-results>
